2024-04-06 16:35:30.19 - INFO     - dcm2bids_helper.main | --- dcm2bids_helper start ---
2024-04-06 16:35:30.20 - INFO     - dcm2bids_helper.main | Running the following command: C:\Users\ADMH2\AppData\Local\Programs\Python\Python311\Scripts\dcm2bids_helper -d sourcedata/
2024-04-06 16:35:30.96 - INFO     - dcm2bids_helper.main | OS version: Windows-10-10.0.22631-SP0
2024-04-06 16:35:30.97 - INFO     - dcm2bids_helper.main | Python version: 3.11.5 (tags/v3.11.5:cce6ba9, Aug 24 2023, 14:38:34) [MSC v.1936 64 bit (AMD64)]
2024-04-06 16:35:30.97 - INFO     - dcm2bids_helper.main | dcm2bids version: 3.1.1
2024-04-06 16:35:30.705 - INFO     - dcm2bids_helper.main | dcm2niix version: v1.0.20240202
2024-04-06 16:35:30.705 - INFO     - dcm2bids_helper.main | Checking for software update
2024-04-06 16:35:31.452 - INFO     - tools.check_latest | Currently using the latest version of dcm2bids.
2024-04-06 16:35:32.141 - INFO     - tools.check_latest | Currently using the latest version of dcm2niix.
2024-04-06 16:35:32.143 - INFO     - utils.run_shell_command | Running: dcm2niix -b y -ba y -z y -f %3s_%f_%p_%t -o C:\Users\ADMH2\Desktop\Noveno Semestre\Procesamiento Digital de Imagenes\ImagenesMedicas\dcm2bids-trabajo\bids_project\tmp_dcm2bids\helper sourcedata/
2024-04-06 16:35:49.106 - DEBUG    - dcm2niix_gen.execute | 
Chris Rorden's dcm2niiX version v1.0.20240202  (JP2:OpenJPEG) (JP-LS:CharLS) MSC1938  (64-bit Windows)
Found 812 DICOM file(s)
Warning: Unable to determine manufacturer (0008,0070), so conversion is not tuned for vendor.
Convert 179 DICOM as C:\Users\ADMH2\Desktop\Noveno Semestre\Procesamiento Digital de Imagenes\ImagenesMedicas\dcm2bids-trabajo\bids_project\tmp_dcm2bids\helper\301_sourcedata_FLAIR_SAG_3D_20230403140228 (256x256x179x1)
Warning: Unable to determine manufacturer (0008,0070), so conversion is not tuned for vendor.
Convert 211 DICOM as C:\Users\ADMH2\Desktop\Noveno Semestre\Procesamiento Digital de Imagenes\ImagenesMedicas\dcm2bids-trabajo\bids_project\tmp_dcm2bids\helper\001_sourcedata_FLAIR_SAG_3D_20230802140119 (205x235x211x1)
Warning: Unable to determine manufacturer (0008,0070), so conversion is not tuned for vendor.
Convert 211 DICOM as C:\Users\ADMH2\Desktop\Noveno Semestre\Procesamiento Digital de Imagenes\ImagenesMedicas\dcm2bids-trabajo\bids_project\tmp_dcm2bids\helper\001_sourcedata_SAG_3D_T1_ACCELERATED_20230802140119 (205x235x211x1)
Warning: Unable to determine manufacturer (0008,0070), so conversion is not tuned for vendor.
Convert 211 DICOM as C:\Users\ADMH2\Desktop\Noveno Semestre\Procesamiento Digital de Imagenes\ImagenesMedicas\dcm2bids-trabajo\bids_project\tmp_dcm2bids\helper\201_sourcedata_SAG_3D_T1_ACCELERATED_20230403140228 (256x256x211x1)
Conversion required 16.726000 seconds.

2024-04-06 16:35:49.106 - INFO     - dcm2niix_gen.execute | Check log file for dcm2niix output

2024-04-06 16:35:49.107 - INFO     - dcm2bids_helper.main | Helper files in: C:\Users\ADMH2\Desktop\Noveno Semestre\Procesamiento Digital de Imagenes\ImagenesMedicas\dcm2bids-trabajo\bids_project\tmp_dcm2bids\helper

2024-04-06 16:35:49.107 - INFO     - dcm2bids_helper.main | Log file saved at C:\Users\ADMH2\Desktop\Noveno Semestre\Procesamiento Digital de Imagenes\ImagenesMedicas\dcm2bids-trabajo\bids_project\tmp_dcm2bids\log\helper_20240406-163530.log
2024-04-06 16:35:49.107 - INFO     - dcm2bids_helper.main | --- dcm2bids_helper end ---
