11.1861 	DEBUG 	Fullscreen settings ignored as running in pilot mode.
11.1876 	INFO 	Loaded monitor calibration from ['2024_04_12 16:30']
12.5384 	EXP 	Created window1 = Window(allowGUI=True, allowStencil=False, autoLog=True, backendConf=UNKNOWN, backgroundFit=<method-wrapper '__getattribute__' of attributeSetter object at 0x000002632CBEE730>, backgroundImage=<method-wrapper '__getattribute__' of attributeSetter object at 0x000002632CBEE6D0>, bitsMode=UNKNOWN, blendMode='avg', bpc=(8, 8, 8), color=array([0, 0, 0]), colorSpace='rgb', depthBits=8, fullscr=<method-wrapper '__getattribute__' of attributeSetter object at 0x000002632CBEE520>, gamma=None, gammaErrorPolicy='raise', infoMsg=UNKNOWN, lms=UNKNOWN, monitor=<psychopy.monitors.calibTools.Monitor object at 0x000002632CF35AF0>, multiSample=False, name='window1', numSamples=2, pos=[448.0, 156.0], screen=0, size=array([1024,  768]), stencilBits=0, stereo=False, title='PsychoPy', units='height', useFBO=True, useRetina=False, viewOri=0.0, viewPos=None, viewScale=None, waitBlanking=True, winType='pyglet')
12.5386 	EXP 	window1: mouseVisible = True
12.5387 	EXP 	window1: backgroundImage = ''
12.5387 	EXP 	window1: backgroundFit = 'none'
12.5390 	EXP 	window1: mouseVisible = True
12.5392 	EXP 	window1: mouseVisible = True
12.5421 	EXP 	window1: mouseVisible = True
12.5430 	EXP 	window1: mouseVisible = True
12.5656 	DEBUG 	TextBox2 loaded 1 chars with 0 blanks and 1 valid
12.5686 	DEBUG 	TextBox2 loaded 1 chars with 0 blanks and 1 valid
12.5719 	DEBUG 	TextBox2 loaded 1 chars with 0 blanks and 1 valid
12.5767 	DEBUG 	TextBox2 loaded 1 chars with 0 blanks and 1 valid
12.5805 	DEBUG 	TextBox2 loaded 1 chars with 0 blanks and 1 valid
12.5833 	DEBUG 	TextBox2 loaded 1 chars with 0 blanks and 1 valid
12.5866 	DEBUG 	TextBox2 loaded 1 chars with 0 blanks and 1 valid
12.5905 	DEBUG 	TextBox2 loaded 1 chars with 0 blanks and 1 valid
12.5926 	DEBUG 	TextBox2 loaded 1 chars with 0 blanks and 1 valid
12.5949 	DEBUG 	TextBox2 loaded 1 chars with 0 blanks and 1 valid
12.5985 	DEBUG 	TextBox2 loaded 1 chars with 0 blanks and 1 valid
12.6019 	DEBUG 	TextBox2 loaded 1 chars with 0 blanks and 1 valid
12.6052 	DEBUG 	TextBox2 loaded 1 chars with 0 blanks and 1 valid
12.6086 	DEBUG 	TextBox2 loaded 1 chars with 0 blanks and 1 valid
12.6116 	DEBUG 	TextBox2 loaded 1 chars with 0 blanks and 1 valid
12.6151 	DEBUG 	TextBox2 loaded 1 chars with 0 blanks and 1 valid
12.6184 	DEBUG 	TextBox2 loaded 1 chars with 0 blanks and 1 valid
12.6211 	DEBUG 	TextBox2 loaded 1 chars with 0 blanks and 1 valid
12.6237 	DEBUG 	TextBox2 loaded 1 chars with 0 blanks and 1 valid
12.6274 	DEBUG 	TextBox2 loaded 1 chars with 0 blanks and 1 valid
12.6298 	DEBUG 	TextBox2 loaded 1 chars with 0 blanks and 1 valid
12.6304 	DEBUG 	Uploading Texture Font fontname to graphics card
12.6522 	DEBUG 	Upload of Texture Font fontname complete
12.6550 	EXP 	window1: mouseVisible = True
12.6552 	EXP 	window1: mouseVisible = True
12.6562 	EXP 	window1: mouseVisible = True
12.6571 	EXP 	window1: mouseVisible = True
12.6778 	DEBUG 	TextBox2 loaded 1 chars with 0 blanks and 1 valid
12.6819 	DEBUG 	TextBox2 loaded 1 chars with 0 blanks and 1 valid
12.6859 	DEBUG 	TextBox2 loaded 1 chars with 0 blanks and 1 valid
12.6863 	DEBUG 	Uploading Texture Font fontname to graphics card
12.7063 	DEBUG 	Upload of Texture Font fontname complete
12.7091 	EXP 	window1: Attempting to measure frame rate of screen (0) ...
12.7092 	EXP 	window1: recordFrameIntervals = False
12.9033 	EXP 	window1: recordFrameIntervals = True
13.0869 	EXP 	Screen (0) actual frame rate measured at 60.03Hz
13.0870 	EXP 	window1: recordFrameIntervals = False
13.0871 	EXP 	window1: mouseVisible = False
13.0881 	EXP 	window1: mouseVisible = True
13.0885 	EXP 	window1: mouseVisible = True
13.0895 	EXP 	window1: mouseVisible = True
13.0904 	EXP 	window1: mouseVisible = True
13.1095 	DEBUG 	TextBox2 loaded 1 chars with 0 blanks and 1 valid
13.1121 	DEBUG 	TextBox2 loaded 1 chars with 0 blanks and 1 valid
13.1156 	DEBUG 	TextBox2 loaded 1 chars with 0 blanks and 1 valid
13.1197 	DEBUG 	TextBox2 loaded 1 chars with 0 blanks and 1 valid
13.1240 	DEBUG 	TextBox2 loaded 1 chars with 0 blanks and 1 valid
13.1278 	DEBUG 	TextBox2 loaded 1 chars with 0 blanks and 1 valid
13.1307 	DEBUG 	TextBox2 loaded 1 chars with 0 blanks and 1 valid
13.1344 	DEBUG 	TextBox2 loaded 1 chars with 0 blanks and 1 valid
13.1386 	DEBUG 	TextBox2 loaded 1 chars with 0 blanks and 1 valid
13.1426 	DEBUG 	TextBox2 loaded 1 chars with 0 blanks and 1 valid
13.1431 	DEBUG 	Uploading Texture Font fontname to graphics card
13.1633 	DEBUG 	Upload of Texture Font fontname complete
13.1660 	EXP 	window1: mouseVisible = True
13.1662 	EXP 	window1: mouseVisible = True
13.1672 	EXP 	window1: mouseVisible = True
13.1684 	EXP 	window1: mouseVisible = True
13.2349 	WARNING 	launchHubServer: If using the iohub mouse or eyetracker devices, fullScr should be True.
17.5679 	INFO 	keyboard.Keyboard is using iohub backend.
17.5679 	INFO 	keyboard.Keyboard is using iohub backend.
17.5680 	INFO 	keyboard.Keyboard is using iohub backend.
17.5680 	EXP 	ArchivoPrueba: status = STARTED
17.5684 	EXP 	window1: mouseVisible = True
17.6951 	EXP 	Created introducción = TextStim(__class__=<class 'psychopy.visual.text.TextStim'>, alignHoriz=method-wrapper(...), alignText='center', alignVert=method-wrapper(...), anchorHoriz='center', anchorVert='center', antialias=True, autoDraw=False, autoLog=True, bold=False, color=array([1., 1., 1.]), colorSpace='rgb', contrast=1.0, depth=0.0, draggable=False, flipHoriz=False, flipVert=False, font='Open Sans', fontFiles=[], height=0.05000000000000001, italic=False, languageStyle='LTR', name='introducción', opacity=1.0, ori=0.0, pos=array([0., 0.]), rgb=UNKNOWN, text=str(...), units='height', win=Window(...), wrapWidth=1)
17.6952 	EXP 	window1: mouseVisible = True
17.6953 	EXP 	window1: mouseVisible = True
17.6973 	EXP 	Created CondicionOff = TextStim(__class__=<class 'psychopy.visual.text.TextStim'>, alignHoriz=method-wrapper(...), alignText='center', alignVert=method-wrapper(...), anchorHoriz='center', anchorVert='center', antialias=True, autoDraw=False, autoLog=True, bold=False, color=array([1., 1., 1.]), colorSpace='rgb', contrast=1.0, depth=0.0, draggable=False, flipHoriz=False, flipVert=False, font='Open Sans', fontFiles=[], height=0.05, italic=False, languageStyle='LTR', name='CondicionOff', opacity=1.0, ori=0.0, pos=array([0., 0.]), rgb=UNKNOWN, text='', units='height', win=Window(...), wrapWidth=1)
17.6974 	EXP 	window1: mouseVisible = True
17.7005 	EXP 	Created CondicionOn = TextStim(__class__=<class 'psychopy.visual.text.TextStim'>, alignHoriz=method-wrapper(...), alignText='center', alignVert=method-wrapper(...), anchorHoriz='center', anchorVert='center', antialias=True, autoDraw=False, autoLog=True, bold=False, color=array([1., 1., 1.]), colorSpace='rgb', contrast=1.0, depth=0.0, draggable=False, flipHoriz=False, flipVert=False, font='Open Sans', fontFiles=[], height=0.1, italic=False, languageStyle='LTR', name='CondicionOn', opacity=1.0, ori=0.0, pos=array([0., 0.]), rgb=UNKNOWN, text='', units='height', win=Window(...), wrapWidth=1)
17.7008 	EXP 	window1: mouseVisible = True
17.7026 	EXP 	Created FinPrueba = TextStim(__class__=<class 'psychopy.visual.text.TextStim'>, alignHoriz=method-wrapper(...), alignText='center', alignVert=method-wrapper(...), anchorHoriz='center', anchorVert='center', antialias=True, autoDraw=False, autoLog=True, bold=False, color=array([1., 1., 1.]), colorSpace='rgb', contrast=1.0, depth=0.0, draggable=False, flipHoriz=False, flipVert=False, font='Open Sans', fontFiles=[], height=0.05, italic=False, languageStyle='LTR', name='FinPrueba', opacity=1.0, ori=0.0, pos=array([0., 0.]), rgb=UNKNOWN, text='', units='height', win=Window(...), wrapWidth=1)
0.0471 	EXP 	introducción: autoDraw = True
5.2658 	DATA 	Mouse: Left button down, pos=(503,399)
5.2762 	DEBUG 	Read excel file with openpyxl: CondicionesExperimento.xlsx
5.2778 	EXP 	Imported CondicionesExperimento.xlsx as conditions, 20 conditions, 3 params
5.2786 	EXP 	Created sequence: sequential, trialTypes=20, nReps=1, seed=None
5.2788 	EXP 	New trial (rep=0, index=0): {'PreguntaOff': '¿Recuerda el recorrido que realiza desde su cama hasta la cocina de su residencia?', 'PreguntaOn': 1, 'Colors': 'green'}
5.3069 	INFO 	Keyboard events cleared
5.3064 	EXP 	introducción: autoDraw = False
5.3064 	EXP 	CondicionOff: height = 0.05000000000000001
5.3064 	EXP 	CondicionOff: height = 0.05000000000000001
5.3064 	EXP 	CondicionOff: height = 0.05000000000000001
5.3064 	EXP 	CondicionOff: text = '¿Recuerda el recorrido que realiza desde su cama hasta la cocina de su residencia?'
5.3064 	EXP 	CondicionOff: autoDraw = True
5.4997 	DATA 	Mouse:  Left button up, pos=(503,399)
6.3096 	EXP 	CondicionOff: autoDraw = False
17.1099 	DATA 	Keypress: escape
17.3039 	EXP 	ArchivoPrueba: status = STOPPED
17.3201 	EXP 	ArchivoPrueba: status = STOPPED
17.3562 	INFO 	saved data to 'C:\\Users\\andre\\Desktop\\Imagenes\\Taller_unidad3\\data/033975_ArchivoPrueba_2024-04-28_12h11.06.250.csv'
17.3579 	INFO 	saved data to C:\Users\andre\Desktop\Imagenes\Taller_unidad3\data/033975_ArchivoPrueba_2024-04-28_12h11.06.250.psydat
17.4323 	EXP 	window1: mouseVisible = True
18.0014 	DEBUG 	Saving data for ArchivoPrueba ExperimentHandler
