11.1624 	DEBUG 	Fullscreen settings ignored as running in pilot mode.
11.1688 	INFO 	Loaded monitor calibration from ['2024_04_12 16:30']
12.4730 	EXP 	Created window1 = Window(allowGUI=True, allowStencil=False, autoLog=True, backendConf=UNKNOWN, backgroundFit=<method-wrapper '__getattribute__' of attributeSetter object at 0x000001EB0EABE730>, backgroundImage=<method-wrapper '__getattribute__' of attributeSetter object at 0x000001EB0EABE6D0>, bitsMode=UNKNOWN, blendMode='avg', bpc=(8, 8, 8), color=array([0, 0, 0]), colorSpace='rgb', depthBits=8, fullscr=<method-wrapper '__getattribute__' of attributeSetter object at 0x000001EB0EABE520>, gamma=None, gammaErrorPolicy='raise', infoMsg=UNKNOWN, lms=UNKNOWN, monitor=<psychopy.monitors.calibTools.Monitor object at 0x000001EB0EE04AF0>, multiSample=False, name='window1', numSamples=2, pos=[448.0, 156.0], screen=0, size=array([1024,  768]), stencilBits=0, stereo=False, title='PsychoPy', units='height', useFBO=True, useRetina=False, viewOri=0.0, viewPos=None, viewScale=None, waitBlanking=True, winType='pyglet')
12.4732 	EXP 	window1: mouseVisible = True
12.4732 	EXP 	window1: backgroundImage = ''
12.4732 	EXP 	window1: backgroundFit = 'none'
12.4735 	EXP 	window1: mouseVisible = True
12.4737 	EXP 	window1: mouseVisible = True
12.4764 	EXP 	window1: mouseVisible = True
12.4774 	EXP 	window1: mouseVisible = True
12.4983 	DEBUG 	TextBox2 loaded 1 chars with 0 blanks and 1 valid
12.5014 	DEBUG 	TextBox2 loaded 1 chars with 0 blanks and 1 valid
12.5047 	DEBUG 	TextBox2 loaded 1 chars with 0 blanks and 1 valid
12.5089 	DEBUG 	TextBox2 loaded 1 chars with 0 blanks and 1 valid
12.5130 	DEBUG 	TextBox2 loaded 1 chars with 0 blanks and 1 valid
12.5157 	DEBUG 	TextBox2 loaded 1 chars with 0 blanks and 1 valid
12.5189 	DEBUG 	TextBox2 loaded 1 chars with 0 blanks and 1 valid
12.5228 	DEBUG 	TextBox2 loaded 1 chars with 0 blanks and 1 valid
12.5252 	DEBUG 	TextBox2 loaded 1 chars with 0 blanks and 1 valid
12.5274 	DEBUG 	TextBox2 loaded 1 chars with 0 blanks and 1 valid
12.5312 	DEBUG 	TextBox2 loaded 1 chars with 0 blanks and 1 valid
12.5346 	DEBUG 	TextBox2 loaded 1 chars with 0 blanks and 1 valid
12.5377 	DEBUG 	TextBox2 loaded 1 chars with 0 blanks and 1 valid
12.5411 	DEBUG 	TextBox2 loaded 1 chars with 0 blanks and 1 valid
12.5440 	DEBUG 	TextBox2 loaded 1 chars with 0 blanks and 1 valid
12.5477 	DEBUG 	TextBox2 loaded 1 chars with 0 blanks and 1 valid
12.5510 	DEBUG 	TextBox2 loaded 1 chars with 0 blanks and 1 valid
12.5535 	DEBUG 	TextBox2 loaded 1 chars with 0 blanks and 1 valid
12.5563 	DEBUG 	TextBox2 loaded 1 chars with 0 blanks and 1 valid
12.5601 	DEBUG 	TextBox2 loaded 1 chars with 0 blanks and 1 valid
12.5629 	DEBUG 	TextBox2 loaded 1 chars with 0 blanks and 1 valid
12.5634 	DEBUG 	Uploading Texture Font fontname to graphics card
12.5816 	DEBUG 	Upload of Texture Font fontname complete
12.5837 	EXP 	window1: mouseVisible = True
12.5839 	EXP 	window1: mouseVisible = True
12.5848 	EXP 	window1: mouseVisible = True
12.5858 	EXP 	window1: mouseVisible = True
12.6079 	DEBUG 	TextBox2 loaded 1 chars with 0 blanks and 1 valid
12.6117 	DEBUG 	TextBox2 loaded 1 chars with 0 blanks and 1 valid
12.6158 	DEBUG 	TextBox2 loaded 1 chars with 0 blanks and 1 valid
12.6163 	DEBUG 	Uploading Texture Font fontname to graphics card
12.6344 	DEBUG 	Upload of Texture Font fontname complete
12.6373 	EXP 	window1: Attempting to measure frame rate of screen (0) ...
12.6374 	EXP 	window1: recordFrameIntervals = False
12.8170 	EXP 	window1: recordFrameIntervals = True
13.0004 	EXP 	Screen (0) actual frame rate measured at 60.08Hz
13.0004 	EXP 	window1: recordFrameIntervals = False
13.0005 	EXP 	window1: mouseVisible = False
13.0010 	EXP 	window1: mouseVisible = True
13.0012 	EXP 	window1: mouseVisible = True
13.0022 	EXP 	window1: mouseVisible = True
13.0030 	EXP 	window1: mouseVisible = True
13.0225 	DEBUG 	TextBox2 loaded 1 chars with 0 blanks and 1 valid
13.0253 	DEBUG 	TextBox2 loaded 1 chars with 0 blanks and 1 valid
13.0291 	DEBUG 	TextBox2 loaded 1 chars with 0 blanks and 1 valid
13.0333 	DEBUG 	TextBox2 loaded 1 chars with 0 blanks and 1 valid
13.0372 	DEBUG 	TextBox2 loaded 1 chars with 0 blanks and 1 valid
13.0414 	DEBUG 	TextBox2 loaded 1 chars with 0 blanks and 1 valid
13.0441 	DEBUG 	TextBox2 loaded 1 chars with 0 blanks and 1 valid
13.0480 	DEBUG 	TextBox2 loaded 1 chars with 0 blanks and 1 valid
13.0518 	DEBUG 	TextBox2 loaded 1 chars with 0 blanks and 1 valid
13.0556 	DEBUG 	TextBox2 loaded 1 chars with 0 blanks and 1 valid
13.0562 	DEBUG 	Uploading Texture Font fontname to graphics card
13.0733 	DEBUG 	Upload of Texture Font fontname complete
13.0758 	EXP 	window1: mouseVisible = True
13.0760 	EXP 	window1: mouseVisible = True
13.0770 	EXP 	window1: mouseVisible = True
13.0779 	EXP 	window1: mouseVisible = True
13.1419 	WARNING 	launchHubServer: If using the iohub mouse or eyetracker devices, fullScr should be True.
16.9776 	INFO 	keyboard.Keyboard is using iohub backend.
16.9777 	EXP 	ArchivoPrueba: status = STARTED
16.9780 	EXP 	window1: mouseVisible = True
17.1016 	EXP 	Created introducción = TextStim(__class__=<class 'psychopy.visual.text.TextStim'>, alignHoriz=method-wrapper(...), alignText='center', alignVert=method-wrapper(...), anchorHoriz='center', anchorVert='center', antialias=True, autoDraw=False, autoLog=True, bold=False, color=array([1., 1., 1.]), colorSpace='rgb', contrast=1.0, depth=0.0, draggable=False, flipHoriz=False, flipVert=False, font='Open Sans', fontFiles=[], height=0.05000000000000001, italic=False, languageStyle='LTR', name='introducción', opacity=1.0, ori=0.0, pos=array([0., 0.]), rgb=UNKNOWN, text=str(...), units='height', win=Window(...), wrapWidth=1)
17.1017 	EXP 	window1: mouseVisible = True
17.1019 	EXP 	window1: mouseVisible = True
17.1038 	EXP 	Created InicioConteo = TextStim(__class__=<class 'psychopy.visual.text.TextStim'>, alignHoriz=method-wrapper(...), alignText='center', alignVert=method-wrapper(...), anchorHoriz='center', anchorVert='center', antialias=True, autoDraw=False, autoLog=True, bold=False, color=array([1., 1., 1.]), colorSpace='rgb', contrast=1.0, depth=0.0, draggable=False, flipHoriz=False, flipVert=False, font='Open Sans', fontFiles=[], height=0.05, italic=False, languageStyle='LTR', name='InicioConteo', opacity=1.0, ori=0.0, pos=array([0., 0.]), rgb=UNKNOWN, text='', units='height', win=Window(...), wrapWidth=1)
17.1040 	EXP 	window1: mouseVisible = True
17.1059 	EXP 	Created CondicionOff = TextStim(__class__=<class 'psychopy.visual.text.TextStim'>, alignHoriz=method-wrapper(...), alignText='center', alignVert=method-wrapper(...), anchorHoriz='center', anchorVert='center', antialias=True, autoDraw=False, autoLog=True, bold=False, color=array([1., 1., 1.]), colorSpace='rgb', contrast=1.0, depth=0.0, draggable=False, flipHoriz=False, flipVert=False, font='Open Sans', fontFiles=[], height=0.05, italic=False, languageStyle='LTR', name='CondicionOff', opacity=1.0, ori=0.0, pos=array([0., 0.]), rgb=UNKNOWN, text='', units='height', win=Window(...), wrapWidth=1)
17.1061 	EXP 	window1: mouseVisible = True
17.1094 	EXP 	Created CondicionOn = TextStim(__class__=<class 'psychopy.visual.text.TextStim'>, alignHoriz=method-wrapper(...), alignText='center', alignVert=method-wrapper(...), anchorHoriz='center', anchorVert='center', antialias=True, autoDraw=False, autoLog=True, bold=False, color=array([1., 1., 1.]), colorSpace='rgb', contrast=1.0, depth=0.0, draggable=False, flipHoriz=False, flipVert=False, font='Open Sans', fontFiles=[], height=0.1, italic=False, languageStyle='LTR', name='CondicionOn', opacity=1.0, ori=0.0, pos=array([0., 0.]), rgb=UNKNOWN, text='', units='height', win=Window(...), wrapWidth=1)
0.0395 	EXP 	introducción: autoDraw = True
3.1611 	DATA 	Mouse: Left button down, pos=(473,363)
3.1926 	DEBUG 	Read excel file with openpyxl: CondicionesExperimento.xlsx
3.1968 	EXP 	Imported CondicionesExperimento.xlsx as conditions, 20 conditions, 4 params
3.1981 	EXP 	Created sequence: sequential, trialTypes=20, nReps=3, seed=None
3.1986 	EXP 	New trial (rep=0, index=0): {'PreguntaOff': '¿Puede recordar el recorrido que realiza desde su cama hasta la cocina de su residencia?', 'PreguntaOn': 1, 'Colors': 'green', 'Conteo': 'Comenzamos en : 1'}
3.2320 	EXP 	introducción: autoDraw = False
3.2320 	EXP 	InicioConteo: autoDraw = True
3.3887 	DATA 	Mouse:  Left button up, pos=(473,363)
4.1890 	EXP 	New trial (rep=0, index=1): {'PreguntaOff': '¿Recuerda el trayecto que hace desde su casa hasta su lugar de trabajo?', 'PreguntaOn': 3, 'Colors': 'red', 'Conteo': 'Comenzamos en : 2'}
4.2149 	EXP 	InicioConteo: autoDraw = False
4.2149 	EXP 	InicioConteo: autoDraw = True
5.1882 	EXP 	New trial (rep=0, index=2): {'PreguntaOff': '¿Hay algún inconveniente que recuerde haber experimentado en el camino de su residencia a su lugar de trabajo?', 'PreguntaOn': 5, 'Colors': 'white', 'Conteo': 'Comenzamos en : 3'}
5.2140 	EXP 	InicioConteo: autoDraw = False
5.2140 	EXP 	InicioConteo: autoDraw = True
6.1869 	EXP 	New trial (rep=0, index=3): {'PreguntaOff': '¿recuerda si hay algún lugar u objeto en su camino hacia el trabajo que le llame la atención?', 'PreguntaOn': 7, 'Colors': 'blue', 'Conteo': None}
6.1998 	EXP 	InicioConteo: autoDraw = False
6.1998 	EXP 	InicioConteo: autoDraw = True
7.1845 	EXP 	New trial (rep=0, index=4): {'PreguntaOff': ' ¿Puede recordar el recorrido desde la entrada de su lugar de trabajo hasta su oficina, donde realiza sus funciones?', 'PreguntaOn': 9, 'Colors': 'yellow', 'Conteo': None}
7.1992 	EXP 	InicioConteo: autoDraw = False
7.1992 	EXP 	InicioConteo: autoDraw = True
8.2003 	EXP 	New trial (rep=0, index=5): {'PreguntaOff': '¿Recuerda alguna actividad que realice durante los viajes de regreso a casa desde el trabajo para relajarse?', 'PreguntaOn': 11, 'Colors': 'orange', 'Conteo': None}
8.2151 	EXP 	InicioConteo: autoDraw = False
8.2151 	EXP 	InicioConteo: autoDraw = True
9.1848 	EXP 	New trial (rep=0, index=6): {'PreguntaOff': '¿Recuerda el trayecto que realiza desde su casa hasta el lugar donde realiza sus compras?', 'PreguntaOn': 13, 'Colors': 'brown', 'Conteo': None}
9.2124 	EXP 	InicioConteo: autoDraw = False
9.2124 	EXP 	InicioConteo: autoDraw = True
10.1987 	EXP 	New trial (rep=0, index=7): {'PreguntaOff': '¿Recuerda alguna situación divertida o interesante que haya experimentado durante el recorrido hacia el lugar de compras?', 'PreguntaOn': 15, 'Colors': 'purple', 'Conteo': None}
10.2135 	EXP 	InicioConteo: autoDraw = False
10.2135 	EXP 	InicioConteo: autoDraw = True
11.1979 	EXP 	New trial (rep=0, index=8): {'PreguntaOff': ' ¿Puede recordar qué es lo primero que ve al llegar al lugar donde realiza sus compras?', 'PreguntaOn': 17, 'Colors': 'green', 'Conteo': None}
11.2127 	EXP 	InicioConteo: autoDraw = False
11.2127 	EXP 	InicioConteo: autoDraw = True
12.1799 	EXP 	New trial (rep=0, index=9): {'PreguntaOff': '¿Recuerda el recorrido desde su residencia hasta el centro de resonancia magnética?', 'PreguntaOn': 19, 'Colors': 'red', 'Conteo': None}
12.1950 	EXP 	InicioConteo: autoDraw = False
12.1950 	EXP 	InicioConteo: autoDraw = True
13.1806 	EXP 	New trial (rep=0, index=10): {'PreguntaOff': None, 'PreguntaOn': 21, 'Colors': 'white', 'Conteo': None}
13.1937 	EXP 	InicioConteo: autoDraw = False
13.1937 	EXP 	InicioConteo: autoDraw = True
13.5041 	DATA 	Mouse: Left button down, pos=(473,363)
13.6704 	DATA 	Mouse:  Left button up, pos=(473,363)
13.6708 	DATA 	Mouse: Left button down, pos=(473,363)
13.8510 	DATA 	Mouse:  Left button up, pos=(473,363)
13.8513 	DATA 	Mouse: Left button down, pos=(473,363)
14.0016 	DATA 	Mouse:  Left button up, pos=(473,363)
14.0018 	DATA 	Mouse: Left button down, pos=(473,363)
14.1723 	DATA 	Mouse:  Left button up, pos=(473,363)
14.1726 	DATA 	Mouse: Left button down, pos=(473,363)
14.1952 	EXP 	New trial (rep=0, index=11): {'PreguntaOff': None, 'PreguntaOn': 23, 'Colors': 'blue', 'Conteo': None}
14.2096 	EXP 	InicioConteo: autoDraw = False
14.2096 	EXP 	InicioConteo: autoDraw = True
15.1944 	EXP 	New trial (rep=0, index=12): {'PreguntaOff': None, 'PreguntaOn': 25, 'Colors': 'yellow', 'Conteo': None}
15.2092 	EXP 	InicioConteo: autoDraw = False
15.2092 	EXP 	InicioConteo: autoDraw = True
15.6122 	DATA 	Mouse:  Left button up, pos=(507,805)
15.9572 	DATA 	Keypress: f1
16.1933 	EXP 	New trial (rep=0, index=13): {'PreguntaOff': None, 'PreguntaOn': 27, 'Colors': 'orange', 'Conteo': None}
16.2082 	EXP 	InicioConteo: autoDraw = False
16.2082 	EXP 	InicioConteo: autoDraw = True
16.5009 	DATA 	Keypress: escape
16.7485 	EXP 	ArchivoPrueba: status = STOPPED
16.7574 	EXP 	InicioConteo: autoDraw = False
16.7610 	EXP 	ArchivoPrueba: status = STOPPED
16.7709 	INFO 	saved data to 'C:\\Users\\andre\\Desktop\\Imagenes\\Taller_unidad3\\data/142893_ArchivoPrueba_2024-04-28_11h20.20.549.csv'
16.7730 	INFO 	saved data to C:\Users\andre\Desktop\Imagenes\Taller_unidad3\data/142893_ArchivoPrueba_2024-04-28_11h20.20.549.psydat
16.8612 	EXP 	window1: mouseVisible = True
17.4269 	DEBUG 	Saving data for ArchivoPrueba ExperimentHandler
