14.4036 	DEBUG 	Fullscreen settings ignored as running in pilot mode.
14.4050 	INFO 	Loaded monitor calibration from ['2024_04_12 16:30']
15.7211 	EXP 	Created window1 = Window(allowGUI=True, allowStencil=False, autoLog=True, backendConf=UNKNOWN, backgroundFit=<method-wrapper '__getattribute__' of attributeSetter object at 0x0000021C4BC0D9D0>, backgroundImage=<method-wrapper '__getattribute__' of attributeSetter object at 0x0000021C4BC0D970>, bitsMode=UNKNOWN, blendMode='avg', bpc=(8, 8, 8), color=array([0, 0, 0]), colorSpace='rgb', depthBits=8, fullscr=<method-wrapper '__getattribute__' of attributeSetter object at 0x0000021C4BC0D7C0>, gamma=None, gammaErrorPolicy='raise', infoMsg=UNKNOWN, lms=UNKNOWN, monitor=<psychopy.monitors.calibTools.Monitor object at 0x0000021C4BFD4D90>, multiSample=False, name='window1', numSamples=2, pos=[448.0, 156.0], screen=0, size=array([1024,  768]), stencilBits=0, stereo=False, title='PsychoPy', units='height', useFBO=True, useRetina=False, viewOri=0.0, viewPos=None, viewScale=None, waitBlanking=True, winType='pyglet')
15.7212 	EXP 	window1: mouseVisible = True
15.7213 	EXP 	window1: backgroundImage = ''
15.7213 	EXP 	window1: backgroundFit = 'none'
15.7216 	EXP 	window1: mouseVisible = True
15.7218 	EXP 	window1: mouseVisible = True
15.7244 	EXP 	window1: mouseVisible = True
15.7254 	EXP 	window1: mouseVisible = True
15.7491 	DEBUG 	TextBox2 loaded 1 chars with 0 blanks and 1 valid
15.7524 	DEBUG 	TextBox2 loaded 1 chars with 0 blanks and 1 valid
15.7556 	DEBUG 	TextBox2 loaded 1 chars with 0 blanks and 1 valid
15.7593 	DEBUG 	TextBox2 loaded 1 chars with 0 blanks and 1 valid
15.7628 	DEBUG 	TextBox2 loaded 1 chars with 0 blanks and 1 valid
15.7657 	DEBUG 	TextBox2 loaded 1 chars with 0 blanks and 1 valid
15.7692 	DEBUG 	TextBox2 loaded 1 chars with 0 blanks and 1 valid
15.7730 	DEBUG 	TextBox2 loaded 1 chars with 0 blanks and 1 valid
15.7753 	DEBUG 	TextBox2 loaded 1 chars with 0 blanks and 1 valid
15.7777 	DEBUG 	TextBox2 loaded 1 chars with 0 blanks and 1 valid
15.7815 	DEBUG 	TextBox2 loaded 1 chars with 0 blanks and 1 valid
15.7849 	DEBUG 	TextBox2 loaded 1 chars with 0 blanks and 1 valid
15.7880 	DEBUG 	TextBox2 loaded 1 chars with 0 blanks and 1 valid
15.7910 	DEBUG 	TextBox2 loaded 1 chars with 0 blanks and 1 valid
15.7940 	DEBUG 	TextBox2 loaded 1 chars with 0 blanks and 1 valid
15.7979 	DEBUG 	TextBox2 loaded 1 chars with 0 blanks and 1 valid
15.8014 	DEBUG 	TextBox2 loaded 1 chars with 0 blanks and 1 valid
15.8040 	DEBUG 	TextBox2 loaded 1 chars with 0 blanks and 1 valid
15.8066 	DEBUG 	TextBox2 loaded 1 chars with 0 blanks and 1 valid
15.8105 	DEBUG 	TextBox2 loaded 1 chars with 0 blanks and 1 valid
15.8129 	DEBUG 	TextBox2 loaded 1 chars with 0 blanks and 1 valid
15.8134 	DEBUG 	Uploading Texture Font fontname to graphics card
15.8322 	DEBUG 	Upload of Texture Font fontname complete
15.8347 	EXP 	window1: mouseVisible = True
15.8349 	EXP 	window1: mouseVisible = True
15.8359 	EXP 	window1: mouseVisible = True
15.8368 	EXP 	window1: mouseVisible = True
15.8581 	DEBUG 	TextBox2 loaded 1 chars with 0 blanks and 1 valid
15.8619 	DEBUG 	TextBox2 loaded 1 chars with 0 blanks and 1 valid
15.8655 	DEBUG 	TextBox2 loaded 1 chars with 0 blanks and 1 valid
15.8660 	DEBUG 	Uploading Texture Font fontname to graphics card
15.8830 	DEBUG 	Upload of Texture Font fontname complete
15.8862 	EXP 	window1: Attempting to measure frame rate of screen (0) ...
15.8862 	EXP 	window1: recordFrameIntervals = False
16.0723 	EXP 	window1: recordFrameIntervals = True
16.2556 	EXP 	Screen (0) actual frame rate measured at 60.02Hz
16.2557 	EXP 	window1: recordFrameIntervals = False
16.2559 	EXP 	window1: mouseVisible = False
16.2567 	EXP 	window1: mouseVisible = True
16.2570 	EXP 	window1: mouseVisible = True
16.2581 	EXP 	window1: mouseVisible = True
16.2589 	EXP 	window1: mouseVisible = True
16.2789 	DEBUG 	TextBox2 loaded 1 chars with 0 blanks and 1 valid
16.2817 	DEBUG 	TextBox2 loaded 1 chars with 0 blanks and 1 valid
16.2854 	DEBUG 	TextBox2 loaded 1 chars with 0 blanks and 1 valid
16.2896 	DEBUG 	TextBox2 loaded 1 chars with 0 blanks and 1 valid
16.2936 	DEBUG 	TextBox2 loaded 1 chars with 0 blanks and 1 valid
16.2976 	DEBUG 	TextBox2 loaded 1 chars with 0 blanks and 1 valid
16.3006 	DEBUG 	TextBox2 loaded 1 chars with 0 blanks and 1 valid
16.3043 	DEBUG 	TextBox2 loaded 1 chars with 0 blanks and 1 valid
16.3081 	DEBUG 	TextBox2 loaded 1 chars with 0 blanks and 1 valid
16.3133 	DEBUG 	TextBox2 loaded 1 chars with 0 blanks and 1 valid
16.3145 	DEBUG 	Uploading Texture Font fontname to graphics card
16.3305 	DEBUG 	Upload of Texture Font fontname complete
16.3333 	EXP 	window1: mouseVisible = True
16.3335 	EXP 	window1: mouseVisible = True
16.3345 	EXP 	window1: mouseVisible = True
16.3354 	EXP 	window1: mouseVisible = True
16.4026 	WARNING 	launchHubServer: If using the iohub mouse or eyetracker devices, fullScr should be True.
20.1403 	INFO 	keyboard.Keyboard is using iohub backend.
20.1403 	EXP 	ArchivoPrueba: status = STARTED
20.1406 	EXP 	window1: mouseVisible = True
20.2695 	EXP 	Created introducción = TextStim(__class__=<class 'psychopy.visual.text.TextStim'>, alignHoriz=method-wrapper(...), alignText='center', alignVert=method-wrapper(...), anchorHoriz='center', anchorVert='center', antialias=True, autoDraw=False, autoLog=True, bold=False, color=array([1., 1., 1.]), colorSpace='rgb', contrast=1.0, depth=0.0, draggable=False, flipHoriz=False, flipVert=False, font='Open Sans', fontFiles=[], height=0.05000000000000001, italic=False, languageStyle='LTR', name='introducción', opacity=1.0, ori=0.0, pos=array([0., 0.]), rgb=UNKNOWN, text=str(...), units='height', win=Window(...), wrapWidth=1)
20.2696 	EXP 	window1: mouseVisible = True
20.2697 	EXP 	window1: mouseVisible = True
20.2719 	EXP 	Created CondicionOff = TextStim(__class__=<class 'psychopy.visual.text.TextStim'>, alignHoriz=method-wrapper(...), alignText='center', alignVert=method-wrapper(...), anchorHoriz='center', anchorVert='center', antialias=True, autoDraw=False, autoLog=True, bold=False, color=array([1., 1., 1.]), colorSpace='rgb', contrast=1.0, depth=0.0, draggable=False, flipHoriz=False, flipVert=False, font='Open Sans', fontFiles=[], height=0.05, italic=False, languageStyle='LTR', name='CondicionOff', opacity=1.0, ori=0.0, pos=array([0., 0.]), rgb=UNKNOWN, text='', units='height', win=Window(...), wrapWidth=1)
20.2721 	EXP 	window1: mouseVisible = True
20.2752 	EXP 	Created CondicionOn = TextStim(__class__=<class 'psychopy.visual.text.TextStim'>, alignHoriz=method-wrapper(...), alignText='center', alignVert=method-wrapper(...), anchorHoriz='center', anchorVert='center', antialias=True, autoDraw=False, autoLog=True, bold=False, color=array([1., 1., 1.]), colorSpace='rgb', contrast=1.0, depth=0.0, draggable=False, flipHoriz=False, flipVert=False, font='Open Sans', fontFiles=[], height=0.1, italic=False, languageStyle='LTR', name='CondicionOn', opacity=1.0, ori=0.0, pos=array([0., 0.]), rgb=UNKNOWN, text='', units='height', win=Window(...), wrapWidth=1)
20.2754 	EXP 	window1: mouseVisible = True
20.2772 	EXP 	Created FinPrueba = TextStim(__class__=<class 'psychopy.visual.text.TextStim'>, alignHoriz=method-wrapper(...), alignText='center', alignVert=method-wrapper(...), anchorHoriz='center', anchorVert='center', antialias=True, autoDraw=False, autoLog=True, bold=False, color=array([1., 1., 1.]), colorSpace='rgb', contrast=1.0, depth=0.0, draggable=False, flipHoriz=False, flipVert=False, font='Open Sans', fontFiles=[], height=0.05, italic=False, languageStyle='LTR', name='FinPrueba', opacity=1.0, ori=0.0, pos=array([0., 0.]), rgb=UNKNOWN, text='', units='height', win=Window(...), wrapWidth=1)
0.0445 	EXP 	introducción: autoDraw = True
1.2655 	DATA 	Mouse: Left button down, pos=(410,518)
1.2896 	DEBUG 	Read excel file with openpyxl: CondicionesExperimento.xlsx
1.2913 	EXP 	Imported CondicionesExperimento.xlsx as conditions, 20 conditions, 3 params
1.2922 	EXP 	Created sequence: sequential, trialTypes=20, nReps=10, seed=None
1.2925 	EXP 	New trial (rep=0, index=0): {'PreguntaOff': '¿Recuerda el recorrido que realiza desde su cama hasta la cocina de su residencia?', 'PreguntaOn': 1, 'Colors': 'green'}
1.3209 	EXP 	introducción: autoDraw = False
1.3209 	EXP 	CondicionOff: height = 0.05000000000000001
1.3209 	EXP 	CondicionOff: height = 0.05000000000000001
1.3209 	EXP 	CondicionOff: height = 0.05000000000000001
1.3209 	EXP 	CondicionOff: text = '¿Recuerda el recorrido que realiza desde su cama hasta la cocina de su residencia?'
1.3209 	EXP 	CondicionOff: autoDraw = True
1.4976 	DATA 	Mouse:  Left button up, pos=(410,518)
2.3026 	DEBUG 	Read excel file with openpyxl: CondicionesExperimento.xlsx
2.3044 	EXP 	Imported CondicionesExperimento.xlsx as conditions, 20 conditions, 3 params
2.3050 	EXP 	Created sequence: sequential, trialTypes=20, nReps=1, seed=None
2.3053 	EXP 	New trial (rep=0, index=0): {'PreguntaOff': '¿Recuerda el recorrido que realiza desde su cama hasta la cocina de su residencia?', 'PreguntaOn': 1, 'Colors': 'green'}
2.3367 	EXP 	CondicionOff: autoDraw = False
2.3367 	EXP 	CondicionOn: foreColor = <psychopy.colors.Color: green, alpha=1.0>
2.3367 	EXP 	CondicionOn: height = 0.10000000000000002
2.3367 	EXP 	CondicionOn: height = 0.10000000000000002
2.3367 	EXP 	CondicionOn: height = 0.10000000000000002
2.3367 	EXP 	CondicionOn: text = 1
2.3367 	EXP 	CondicionOn: autoDraw = True
2.3949 	EXP 	New trial (rep=0, index=1): {'PreguntaOff': '¿Recuerda el trayecto que hace desde su casa hasta su lugar de trabajo?', 'PreguntaOn': 3, 'Colors': 'red'}
2.4198 	EXP 	CondicionOn: autoDraw = False
2.4198 	EXP 	CondicionOn: foreColor = <psychopy.colors.Color: red, alpha=1.0>
2.4198 	EXP 	CondicionOn: height = 0.10000000000000002
2.4198 	EXP 	CondicionOn: height = 0.10000000000000002
2.4198 	EXP 	CondicionOn: height = 0.10000000000000002
2.4198 	EXP 	CondicionOn: text = 3
2.4198 	EXP 	CondicionOn: autoDraw = True
2.4956 	EXP 	New trial (rep=0, index=2): {'PreguntaOff': '¿Recuerda  algún inconveniente que ha  experimentado en el camino de su residencia a su lugar de trabajo?', 'PreguntaOn': 5, 'Colors': 'white'}
2.5197 	EXP 	CondicionOn: autoDraw = False
2.5197 	EXP 	CondicionOn: foreColor = <psychopy.colors.Color: white, alpha=1.0>
2.5197 	EXP 	CondicionOn: height = 0.10000000000000002
2.5197 	EXP 	CondicionOn: height = 0.10000000000000002
2.5197 	EXP 	CondicionOn: height = 0.10000000000000002
2.5197 	EXP 	CondicionOn: text = 5
2.5197 	EXP 	CondicionOn: autoDraw = True
2.5946 	EXP 	New trial (rep=0, index=3): {'PreguntaOff': '¿Recuerda si hay algún lugar u objeto en su camino hacia el trabajo que le llame la atención?', 'PreguntaOn': 7, 'Colors': 'blue'}
2.6198 	EXP 	CondicionOn: autoDraw = False
2.6198 	EXP 	CondicionOn: foreColor = <psychopy.colors.Color: blue, alpha=1.0>
2.6198 	EXP 	CondicionOn: height = 0.10000000000000002
2.6198 	EXP 	CondicionOn: height = 0.10000000000000002
2.6198 	EXP 	CondicionOn: height = 0.10000000000000002
2.6198 	EXP 	CondicionOn: text = 7
2.6198 	EXP 	CondicionOn: autoDraw = True
2.6943 	EXP 	New trial (rep=0, index=4): {'PreguntaOff': ' ¿Recuerda el recorrido desde la entrada de su lugar de trabajo hasta su oficina, donde realiza sus funciones?', 'PreguntaOn': 9, 'Colors': 'yellow'}
2.7197 	EXP 	CondicionOn: autoDraw = False
2.7197 	EXP 	CondicionOn: foreColor = <psychopy.colors.Color: yellow, alpha=1.0>
2.7197 	EXP 	CondicionOn: height = 0.10000000000000002
2.7197 	EXP 	CondicionOn: height = 0.10000000000000002
2.7197 	EXP 	CondicionOn: height = 0.10000000000000002
2.7197 	EXP 	CondicionOn: text = 9
2.7197 	EXP 	CondicionOn: autoDraw = True
2.7945 	EXP 	New trial (rep=0, index=5): {'PreguntaOff': '¿Recuerda alguna actividad que realice durante los viajes de regreso a casa desde el trabajo para relajarse?', 'PreguntaOn': 11, 'Colors': 'orange'}
2.8211 	EXP 	CondicionOn: autoDraw = False
2.8211 	EXP 	CondicionOn: foreColor = <psychopy.colors.Color: orange, alpha=1.0>
2.8211 	EXP 	CondicionOn: height = 0.10000000000000002
2.8211 	EXP 	CondicionOn: height = 0.10000000000000002
2.8211 	EXP 	CondicionOn: height = 0.10000000000000002
2.8211 	EXP 	CondicionOn: text = 11
2.8211 	EXP 	CondicionOn: autoDraw = True
2.8941 	EXP 	New trial (rep=0, index=6): {'PreguntaOff': '¿Recuerda el trayecto que realiza desde su casa hasta el lugar donde realiza sus compras?', 'PreguntaOn': 13, 'Colors': 'brown'}
2.9207 	EXP 	CondicionOn: autoDraw = False
2.9207 	EXP 	CondicionOn: foreColor = <psychopy.colors.Color: brown, alpha=1.0>
2.9207 	EXP 	CondicionOn: height = 0.10000000000000002
2.9207 	EXP 	CondicionOn: height = 0.10000000000000002
2.9207 	EXP 	CondicionOn: height = 0.10000000000000002
2.9207 	EXP 	CondicionOn: text = 13
2.9207 	EXP 	CondicionOn: autoDraw = True
2.9941 	EXP 	New trial (rep=0, index=7): {'PreguntaOff': '¿Recuerda alguna situación divertida o interesante que haya experimentado durante el recorrido hacia el lugar de compras?', 'PreguntaOn': 15, 'Colors': 'purple'}
3.0069 	EXP 	CondicionOn: autoDraw = False
3.0069 	EXP 	CondicionOn: foreColor = <psychopy.colors.Color: purple, alpha=1.0>
3.0069 	EXP 	CondicionOn: height = 0.10000000000000002
3.0069 	EXP 	CondicionOn: height = 0.10000000000000002
3.0069 	EXP 	CondicionOn: height = 0.10000000000000002
3.0069 	EXP 	CondicionOn: text = 15
3.0069 	EXP 	CondicionOn: autoDraw = True
3.0943 	EXP 	New trial (rep=0, index=8): {'PreguntaOff': ' ¿Recuerda qué es lo primero que ve al llegar al lugar donde realiza sus compras?', 'PreguntaOn': 17, 'Colors': 'green'}
3.1206 	EXP 	CondicionOn: autoDraw = False
3.1206 	EXP 	CondicionOn: foreColor = <psychopy.colors.Color: green, alpha=1.0>
3.1206 	EXP 	CondicionOn: height = 0.10000000000000002
3.1206 	EXP 	CondicionOn: height = 0.10000000000000002
3.1206 	EXP 	CondicionOn: height = 0.10000000000000002
3.1206 	EXP 	CondicionOn: text = 17
3.1206 	EXP 	CondicionOn: autoDraw = True
3.1946 	EXP 	New trial (rep=0, index=9): {'PreguntaOff': '¿Recuerda el recorrido desde su residencia hasta el centro de resonancia magnética?', 'PreguntaOn': 19, 'Colors': 'red'}
3.2208 	EXP 	CondicionOn: autoDraw = False
3.2208 	EXP 	CondicionOn: foreColor = <psychopy.colors.Color: red, alpha=1.0>
3.2208 	EXP 	CondicionOn: height = 0.10000000000000002
3.2208 	EXP 	CondicionOn: height = 0.10000000000000002
3.2208 	EXP 	CondicionOn: height = 0.10000000000000002
3.2208 	EXP 	CondicionOn: text = 19
3.2208 	EXP 	CondicionOn: autoDraw = True
3.2947 	EXP 	New trial (rep=0, index=10): {'PreguntaOff': None, 'PreguntaOn': 21, 'Colors': 'white'}
3.3189 	EXP 	CondicionOn: autoDraw = False
3.3189 	EXP 	CondicionOn: foreColor = <psychopy.colors.Color: white, alpha=1.0>
3.3189 	EXP 	CondicionOn: height = 0.10000000000000002
3.3189 	EXP 	CondicionOn: height = 0.10000000000000002
3.3189 	EXP 	CondicionOn: height = 0.10000000000000002
3.3189 	EXP 	CondicionOn: text = 21
3.3189 	EXP 	CondicionOn: autoDraw = True
3.3941 	EXP 	New trial (rep=0, index=11): {'PreguntaOff': None, 'PreguntaOn': 23, 'Colors': 'blue'}
3.4205 	EXP 	CondicionOn: autoDraw = False
3.4205 	EXP 	CondicionOn: foreColor = <psychopy.colors.Color: blue, alpha=1.0>
3.4205 	EXP 	CondicionOn: height = 0.10000000000000002
3.4205 	EXP 	CondicionOn: height = 0.10000000000000002
3.4205 	EXP 	CondicionOn: height = 0.10000000000000002
3.4205 	EXP 	CondicionOn: text = 23
3.4205 	EXP 	CondicionOn: autoDraw = True
3.4941 	EXP 	New trial (rep=0, index=12): {'PreguntaOff': None, 'PreguntaOn': 25, 'Colors': 'yellow'}
3.5205 	EXP 	CondicionOn: autoDraw = False
3.5205 	EXP 	CondicionOn: foreColor = <psychopy.colors.Color: yellow, alpha=1.0>
3.5205 	EXP 	CondicionOn: height = 0.10000000000000002
3.5205 	EXP 	CondicionOn: height = 0.10000000000000002
3.5205 	EXP 	CondicionOn: height = 0.10000000000000002
3.5205 	EXP 	CondicionOn: text = 25
3.5205 	EXP 	CondicionOn: autoDraw = True
3.5940 	EXP 	New trial (rep=0, index=13): {'PreguntaOff': None, 'PreguntaOn': 27, 'Colors': 'orange'}
3.6205 	EXP 	CondicionOn: autoDraw = False
3.6205 	EXP 	CondicionOn: foreColor = <psychopy.colors.Color: orange, alpha=1.0>
3.6205 	EXP 	CondicionOn: height = 0.10000000000000002
3.6205 	EXP 	CondicionOn: height = 0.10000000000000002
3.6205 	EXP 	CondicionOn: height = 0.10000000000000002
3.6205 	EXP 	CondicionOn: text = 27
3.6205 	EXP 	CondicionOn: autoDraw = True
3.6938 	EXP 	New trial (rep=0, index=14): {'PreguntaOff': None, 'PreguntaOn': 29, 'Colors': 'brown'}
3.7204 	EXP 	CondicionOn: autoDraw = False
3.7204 	EXP 	CondicionOn: foreColor = <psychopy.colors.Color: brown, alpha=1.0>
3.7204 	EXP 	CondicionOn: height = 0.10000000000000002
3.7204 	EXP 	CondicionOn: height = 0.10000000000000002
3.7204 	EXP 	CondicionOn: height = 0.10000000000000002
3.7204 	EXP 	CondicionOn: text = 29
3.7204 	EXP 	CondicionOn: autoDraw = True
3.7938 	EXP 	New trial (rep=0, index=15): {'PreguntaOff': None, 'PreguntaOn': 31, 'Colors': 'purple'}
3.8204 	EXP 	CondicionOn: autoDraw = False
3.8204 	EXP 	CondicionOn: foreColor = <psychopy.colors.Color: purple, alpha=1.0>
3.8204 	EXP 	CondicionOn: height = 0.10000000000000002
3.8204 	EXP 	CondicionOn: height = 0.10000000000000002
3.8204 	EXP 	CondicionOn: height = 0.10000000000000002
3.8204 	EXP 	CondicionOn: text = 31
3.8204 	EXP 	CondicionOn: autoDraw = True
3.8934 	EXP 	New trial (rep=0, index=16): {'PreguntaOff': None, 'PreguntaOn': 33, 'Colors': 'green'}
3.9201 	EXP 	CondicionOn: autoDraw = False
3.9201 	EXP 	CondicionOn: foreColor = <psychopy.colors.Color: green, alpha=1.0>
3.9201 	EXP 	CondicionOn: height = 0.10000000000000002
3.9201 	EXP 	CondicionOn: height = 0.10000000000000002
3.9201 	EXP 	CondicionOn: height = 0.10000000000000002
3.9201 	EXP 	CondicionOn: text = 33
3.9201 	EXP 	CondicionOn: autoDraw = True
3.9938 	EXP 	New trial (rep=0, index=17): {'PreguntaOff': None, 'PreguntaOn': 35, 'Colors': 'red'}
4.0201 	EXP 	CondicionOn: autoDraw = False
4.0201 	EXP 	CondicionOn: foreColor = <psychopy.colors.Color: red, alpha=1.0>
4.0201 	EXP 	CondicionOn: height = 0.10000000000000002
4.0201 	EXP 	CondicionOn: height = 0.10000000000000002
4.0201 	EXP 	CondicionOn: height = 0.10000000000000002
4.0201 	EXP 	CondicionOn: text = 35
4.0201 	EXP 	CondicionOn: autoDraw = True
4.0931 	EXP 	New trial (rep=0, index=18): {'PreguntaOff': None, 'PreguntaOn': 37, 'Colors': 'white'}
4.1197 	EXP 	CondicionOn: autoDraw = False
4.1197 	EXP 	CondicionOn: foreColor = <psychopy.colors.Color: white, alpha=1.0>
4.1197 	EXP 	CondicionOn: height = 0.10000000000000002
4.1197 	EXP 	CondicionOn: height = 0.10000000000000002
4.1197 	EXP 	CondicionOn: height = 0.10000000000000002
4.1197 	EXP 	CondicionOn: text = 37
4.1197 	EXP 	CondicionOn: autoDraw = True
4.1931 	EXP 	New trial (rep=0, index=19): {'PreguntaOff': None, 'PreguntaOn': 39, 'Colors': 'blue'}
4.2196 	EXP 	CondicionOn: autoDraw = False
4.2196 	EXP 	CondicionOn: foreColor = <psychopy.colors.Color: blue, alpha=1.0>
4.2196 	EXP 	CondicionOn: height = 0.10000000000000002
4.2196 	EXP 	CondicionOn: height = 0.10000000000000002
4.2196 	EXP 	CondicionOn: height = 0.10000000000000002
4.2196 	EXP 	CondicionOn: text = 39
4.2196 	EXP 	CondicionOn: autoDraw = True
4.2938 	EXP 	New trial (rep=0, index=1): {'PreguntaOff': '¿Recuerda el trayecto que hace desde su casa hasta su lugar de trabajo?', 'PreguntaOn': 3, 'Colors': 'red'}
4.3181 	EXP 	CondicionOn: autoDraw = False
4.3181 	EXP 	CondicionOff: height = 0.05000000000000001
4.3181 	EXP 	CondicionOff: height = 0.05000000000000001
4.3181 	EXP 	CondicionOff: height = 0.05000000000000001
4.3181 	EXP 	CondicionOff: text = '¿Recuerda el trayecto que hace desde su casa hasta su lugar de trabajo?'
4.3181 	EXP 	CondicionOff: autoDraw = True
5.3002 	DEBUG 	Read excel file with openpyxl: CondicionesExperimento.xlsx
5.3020 	EXP 	Imported CondicionesExperimento.xlsx as conditions, 20 conditions, 3 params
5.3026 	EXP 	Created sequence: sequential, trialTypes=20, nReps=1, seed=None
5.3029 	EXP 	New trial (rep=0, index=0): {'PreguntaOff': '¿Recuerda el recorrido que realiza desde su cama hasta la cocina de su residencia?', 'PreguntaOn': 1, 'Colors': 'green'}
5.3187 	EXP 	CondicionOff: autoDraw = False
5.3187 	EXP 	CondicionOn: foreColor = <psychopy.colors.Color: green, alpha=1.0>
5.3187 	EXP 	CondicionOn: height = 0.10000000000000002
5.3187 	EXP 	CondicionOn: height = 0.10000000000000002
5.3187 	EXP 	CondicionOn: height = 0.10000000000000002
5.3187 	EXP 	CondicionOn: text = 1
5.3187 	EXP 	CondicionOn: autoDraw = True
5.3925 	EXP 	New trial (rep=0, index=1): {'PreguntaOff': '¿Recuerda el trayecto que hace desde su casa hasta su lugar de trabajo?', 'PreguntaOn': 3, 'Colors': 'red'}
5.4187 	EXP 	CondicionOn: autoDraw = False
5.4187 	EXP 	CondicionOn: foreColor = <psychopy.colors.Color: red, alpha=1.0>
5.4187 	EXP 	CondicionOn: height = 0.10000000000000002
5.4187 	EXP 	CondicionOn: height = 0.10000000000000002
5.4187 	EXP 	CondicionOn: height = 0.10000000000000002
5.4187 	EXP 	CondicionOn: text = 3
5.4187 	EXP 	CondicionOn: autoDraw = True
5.4921 	EXP 	New trial (rep=0, index=2): {'PreguntaOff': '¿Recuerda  algún inconveniente que ha  experimentado en el camino de su residencia a su lugar de trabajo?', 'PreguntaOn': 5, 'Colors': 'white'}
5.5185 	EXP 	CondicionOn: autoDraw = False
5.5185 	EXP 	CondicionOn: foreColor = <psychopy.colors.Color: white, alpha=1.0>
5.5185 	EXP 	CondicionOn: height = 0.10000000000000002
5.5185 	EXP 	CondicionOn: height = 0.10000000000000002
5.5185 	EXP 	CondicionOn: height = 0.10000000000000002
5.5185 	EXP 	CondicionOn: text = 5
5.5185 	EXP 	CondicionOn: autoDraw = True
5.5921 	EXP 	New trial (rep=0, index=3): {'PreguntaOff': '¿Recuerda si hay algún lugar u objeto en su camino hacia el trabajo que le llame la atención?', 'PreguntaOn': 7, 'Colors': 'blue'}
5.6186 	EXP 	CondicionOn: autoDraw = False
5.6186 	EXP 	CondicionOn: foreColor = <psychopy.colors.Color: blue, alpha=1.0>
5.6186 	EXP 	CondicionOn: height = 0.10000000000000002
5.6186 	EXP 	CondicionOn: height = 0.10000000000000002
5.6186 	EXP 	CondicionOn: height = 0.10000000000000002
5.6186 	EXP 	CondicionOn: text = 7
5.6186 	EXP 	CondicionOn: autoDraw = True
5.6917 	EXP 	New trial (rep=0, index=4): {'PreguntaOff': ' ¿Recuerda el recorrido desde la entrada de su lugar de trabajo hasta su oficina, donde realiza sus funciones?', 'PreguntaOn': 9, 'Colors': 'yellow'}
5.7047 	EXP 	CondicionOn: autoDraw = False
5.7047 	EXP 	CondicionOn: foreColor = <psychopy.colors.Color: yellow, alpha=1.0>
5.7047 	EXP 	CondicionOn: height = 0.10000000000000002
5.7047 	EXP 	CondicionOn: height = 0.10000000000000002
5.7047 	EXP 	CondicionOn: height = 0.10000000000000002
5.7047 	EXP 	CondicionOn: text = 9
5.7047 	EXP 	CondicionOn: autoDraw = True
5.7924 	EXP 	New trial (rep=0, index=5): {'PreguntaOff': '¿Recuerda alguna actividad que realice durante los viajes de regreso a casa desde el trabajo para relajarse?', 'PreguntaOn': 11, 'Colors': 'orange'}
5.8186 	EXP 	CondicionOn: autoDraw = False
5.8186 	EXP 	CondicionOn: foreColor = <psychopy.colors.Color: orange, alpha=1.0>
5.8186 	EXP 	CondicionOn: height = 0.10000000000000002
5.8186 	EXP 	CondicionOn: height = 0.10000000000000002
5.8186 	EXP 	CondicionOn: height = 0.10000000000000002
5.8186 	EXP 	CondicionOn: text = 11
5.8186 	EXP 	CondicionOn: autoDraw = True
5.8921 	EXP 	New trial (rep=0, index=6): {'PreguntaOff': '¿Recuerda el trayecto que realiza desde su casa hasta el lugar donde realiza sus compras?', 'PreguntaOn': 13, 'Colors': 'brown'}
5.9184 	EXP 	CondicionOn: autoDraw = False
5.9184 	EXP 	CondicionOn: foreColor = <psychopy.colors.Color: brown, alpha=1.0>
5.9184 	EXP 	CondicionOn: height = 0.10000000000000002
5.9184 	EXP 	CondicionOn: height = 0.10000000000000002
5.9184 	EXP 	CondicionOn: height = 0.10000000000000002
5.9184 	EXP 	CondicionOn: text = 13
5.9184 	EXP 	CondicionOn: autoDraw = True
5.9916 	EXP 	New trial (rep=0, index=7): {'PreguntaOff': '¿Recuerda alguna situación divertida o interesante que haya experimentado durante el recorrido hacia el lugar de compras?', 'PreguntaOn': 15, 'Colors': 'purple'}
6.0184 	EXP 	CondicionOn: autoDraw = False
6.0184 	EXP 	CondicionOn: foreColor = <psychopy.colors.Color: purple, alpha=1.0>
6.0184 	EXP 	CondicionOn: height = 0.10000000000000002
6.0184 	EXP 	CondicionOn: height = 0.10000000000000002
6.0184 	EXP 	CondicionOn: height = 0.10000000000000002
6.0184 	EXP 	CondicionOn: text = 15
6.0184 	EXP 	CondicionOn: autoDraw = True
6.0914 	EXP 	New trial (rep=0, index=8): {'PreguntaOff': ' ¿Recuerda qué es lo primero que ve al llegar al lugar donde realiza sus compras?', 'PreguntaOn': 17, 'Colors': 'green'}
6.1183 	EXP 	CondicionOn: autoDraw = False
6.1183 	EXP 	CondicionOn: foreColor = <psychopy.colors.Color: green, alpha=1.0>
6.1183 	EXP 	CondicionOn: height = 0.10000000000000002
6.1183 	EXP 	CondicionOn: height = 0.10000000000000002
6.1183 	EXP 	CondicionOn: height = 0.10000000000000002
6.1183 	EXP 	CondicionOn: text = 17
6.1183 	EXP 	CondicionOn: autoDraw = True
6.1913 	EXP 	New trial (rep=0, index=9): {'PreguntaOff': '¿Recuerda el recorrido desde su residencia hasta el centro de resonancia magnética?', 'PreguntaOn': 19, 'Colors': 'red'}
6.2182 	EXP 	CondicionOn: autoDraw = False
6.2182 	EXP 	CondicionOn: foreColor = <psychopy.colors.Color: red, alpha=1.0>
6.2182 	EXP 	CondicionOn: height = 0.10000000000000002
6.2182 	EXP 	CondicionOn: height = 0.10000000000000002
6.2182 	EXP 	CondicionOn: height = 0.10000000000000002
6.2182 	EXP 	CondicionOn: text = 19
6.2182 	EXP 	CondicionOn: autoDraw = True
6.2911 	EXP 	New trial (rep=0, index=10): {'PreguntaOff': None, 'PreguntaOn': 21, 'Colors': 'white'}
6.3181 	EXP 	CondicionOn: autoDraw = False
6.3181 	EXP 	CondicionOn: foreColor = <psychopy.colors.Color: white, alpha=1.0>
6.3181 	EXP 	CondicionOn: height = 0.10000000000000002
6.3181 	EXP 	CondicionOn: height = 0.10000000000000002
6.3181 	EXP 	CondicionOn: height = 0.10000000000000002
6.3181 	EXP 	CondicionOn: text = 21
6.3181 	EXP 	CondicionOn: autoDraw = True
6.3915 	EXP 	New trial (rep=0, index=11): {'PreguntaOff': None, 'PreguntaOn': 23, 'Colors': 'blue'}
6.4177 	EXP 	CondicionOn: autoDraw = False
6.4177 	EXP 	CondicionOn: foreColor = <psychopy.colors.Color: blue, alpha=1.0>
6.4177 	EXP 	CondicionOn: height = 0.10000000000000002
6.4177 	EXP 	CondicionOn: height = 0.10000000000000002
6.4177 	EXP 	CondicionOn: height = 0.10000000000000002
6.4177 	EXP 	CondicionOn: text = 23
6.4177 	EXP 	CondicionOn: autoDraw = True
6.4909 	EXP 	New trial (rep=0, index=12): {'PreguntaOff': None, 'PreguntaOn': 25, 'Colors': 'yellow'}
6.5041 	EXP 	CondicionOn: autoDraw = False
6.5041 	EXP 	CondicionOn: foreColor = <psychopy.colors.Color: yellow, alpha=1.0>
6.5041 	EXP 	CondicionOn: height = 0.10000000000000002
6.5041 	EXP 	CondicionOn: height = 0.10000000000000002
6.5041 	EXP 	CondicionOn: height = 0.10000000000000002
6.5041 	EXP 	CondicionOn: text = 25
6.5041 	EXP 	CondicionOn: autoDraw = True
6.5920 	EXP 	New trial (rep=0, index=13): {'PreguntaOff': None, 'PreguntaOn': 27, 'Colors': 'orange'}
6.6178 	EXP 	CondicionOn: autoDraw = False
6.6178 	EXP 	CondicionOn: foreColor = <psychopy.colors.Color: orange, alpha=1.0>
6.6178 	EXP 	CondicionOn: height = 0.10000000000000002
6.6178 	EXP 	CondicionOn: height = 0.10000000000000002
6.6178 	EXP 	CondicionOn: height = 0.10000000000000002
6.6178 	EXP 	CondicionOn: text = 27
6.6178 	EXP 	CondicionOn: autoDraw = True
6.6915 	EXP 	New trial (rep=0, index=14): {'PreguntaOff': None, 'PreguntaOn': 29, 'Colors': 'brown'}
6.7177 	EXP 	CondicionOn: autoDraw = False
6.7177 	EXP 	CondicionOn: foreColor = <psychopy.colors.Color: brown, alpha=1.0>
6.7177 	EXP 	CondicionOn: height = 0.10000000000000002
6.7177 	EXP 	CondicionOn: height = 0.10000000000000002
6.7177 	EXP 	CondicionOn: height = 0.10000000000000002
6.7177 	EXP 	CondicionOn: text = 29
6.7177 	EXP 	CondicionOn: autoDraw = True
6.7908 	EXP 	New trial (rep=0, index=15): {'PreguntaOff': None, 'PreguntaOn': 31, 'Colors': 'purple'}
6.8175 	EXP 	CondicionOn: autoDraw = False
6.8175 	EXP 	CondicionOn: foreColor = <psychopy.colors.Color: purple, alpha=1.0>
6.8175 	EXP 	CondicionOn: height = 0.10000000000000002
6.8175 	EXP 	CondicionOn: height = 0.10000000000000002
6.8175 	EXP 	CondicionOn: height = 0.10000000000000002
6.8175 	EXP 	CondicionOn: text = 31
6.8175 	EXP 	CondicionOn: autoDraw = True
6.8911 	EXP 	New trial (rep=0, index=16): {'PreguntaOff': None, 'PreguntaOn': 33, 'Colors': 'green'}
6.9176 	EXP 	CondicionOn: autoDraw = False
6.9176 	EXP 	CondicionOn: foreColor = <psychopy.colors.Color: green, alpha=1.0>
6.9176 	EXP 	CondicionOn: height = 0.10000000000000002
6.9176 	EXP 	CondicionOn: height = 0.10000000000000002
6.9176 	EXP 	CondicionOn: height = 0.10000000000000002
6.9176 	EXP 	CondicionOn: text = 33
6.9176 	EXP 	CondicionOn: autoDraw = True
6.9910 	EXP 	New trial (rep=0, index=17): {'PreguntaOff': None, 'PreguntaOn': 35, 'Colors': 'red'}
7.0176 	EXP 	CondicionOn: autoDraw = False
7.0176 	EXP 	CondicionOn: foreColor = <psychopy.colors.Color: red, alpha=1.0>
7.0176 	EXP 	CondicionOn: height = 0.10000000000000002
7.0176 	EXP 	CondicionOn: height = 0.10000000000000002
7.0176 	EXP 	CondicionOn: height = 0.10000000000000002
7.0176 	EXP 	CondicionOn: text = 35
7.0176 	EXP 	CondicionOn: autoDraw = True
7.0908 	EXP 	New trial (rep=0, index=18): {'PreguntaOff': None, 'PreguntaOn': 37, 'Colors': 'white'}
7.1174 	EXP 	CondicionOn: autoDraw = False
7.1174 	EXP 	CondicionOn: foreColor = <psychopy.colors.Color: white, alpha=1.0>
7.1174 	EXP 	CondicionOn: height = 0.10000000000000002
7.1174 	EXP 	CondicionOn: height = 0.10000000000000002
7.1174 	EXP 	CondicionOn: height = 0.10000000000000002
7.1174 	EXP 	CondicionOn: text = 37
7.1174 	EXP 	CondicionOn: autoDraw = True
7.1905 	EXP 	New trial (rep=0, index=19): {'PreguntaOff': None, 'PreguntaOn': 39, 'Colors': 'blue'}
7.2174 	EXP 	CondicionOn: autoDraw = False
7.2174 	EXP 	CondicionOn: foreColor = <psychopy.colors.Color: blue, alpha=1.0>
7.2174 	EXP 	CondicionOn: height = 0.10000000000000002
7.2174 	EXP 	CondicionOn: height = 0.10000000000000002
7.2174 	EXP 	CondicionOn: height = 0.10000000000000002
7.2174 	EXP 	CondicionOn: text = 39
7.2174 	EXP 	CondicionOn: autoDraw = True
7.2910 	EXP 	New trial (rep=0, index=2): {'PreguntaOff': '¿Recuerda  algún inconveniente que ha  experimentado en el camino de su residencia a su lugar de trabajo?', 'PreguntaOn': 5, 'Colors': 'white'}
7.3157 	EXP 	CondicionOn: autoDraw = False
7.3157 	EXP 	CondicionOff: height = 0.05000000000000001
7.3157 	EXP 	CondicionOff: height = 0.05000000000000001
7.3157 	EXP 	CondicionOff: height = 0.05000000000000001
7.3157 	EXP 	CondicionOff: text = '¿Recuerda  algún inconveniente que ha  experimentado en el camino de su residencia a su lugar de trabajo?'
7.3157 	EXP 	CondicionOff: autoDraw = True
8.2964 	DEBUG 	Read excel file with openpyxl: CondicionesExperimento.xlsx
8.2983 	EXP 	Imported CondicionesExperimento.xlsx as conditions, 20 conditions, 3 params
8.2989 	EXP 	Created sequence: sequential, trialTypes=20, nReps=1, seed=None
8.2992 	EXP 	New trial (rep=0, index=0): {'PreguntaOff': '¿Recuerda el recorrido que realiza desde su cama hasta la cocina de su residencia?', 'PreguntaOn': 1, 'Colors': 'green'}
8.3161 	EXP 	CondicionOff: autoDraw = False
8.3161 	EXP 	CondicionOn: foreColor = <psychopy.colors.Color: green, alpha=1.0>
8.3161 	EXP 	CondicionOn: height = 0.10000000000000002
8.3161 	EXP 	CondicionOn: height = 0.10000000000000002
8.3161 	EXP 	CondicionOn: height = 0.10000000000000002
8.3161 	EXP 	CondicionOn: text = 1
8.3161 	EXP 	CondicionOn: autoDraw = True
8.3900 	EXP 	New trial (rep=0, index=1): {'PreguntaOff': '¿Recuerda el trayecto que hace desde su casa hasta su lugar de trabajo?', 'PreguntaOn': 3, 'Colors': 'red'}
8.4161 	EXP 	CondicionOn: autoDraw = False
8.4161 	EXP 	CondicionOn: foreColor = <psychopy.colors.Color: red, alpha=1.0>
8.4161 	EXP 	CondicionOn: height = 0.10000000000000002
8.4161 	EXP 	CondicionOn: height = 0.10000000000000002
8.4161 	EXP 	CondicionOn: height = 0.10000000000000002
8.4161 	EXP 	CondicionOn: text = 3
8.4161 	EXP 	CondicionOn: autoDraw = True
8.4896 	EXP 	New trial (rep=0, index=2): {'PreguntaOff': '¿Recuerda  algún inconveniente que ha  experimentado en el camino de su residencia a su lugar de trabajo?', 'PreguntaOn': 5, 'Colors': 'white'}
8.5161 	EXP 	CondicionOn: autoDraw = False
8.5161 	EXP 	CondicionOn: foreColor = <psychopy.colors.Color: white, alpha=1.0>
8.5161 	EXP 	CondicionOn: height = 0.10000000000000002
8.5161 	EXP 	CondicionOn: height = 0.10000000000000002
8.5161 	EXP 	CondicionOn: height = 0.10000000000000002
8.5161 	EXP 	CondicionOn: text = 5
8.5161 	EXP 	CondicionOn: autoDraw = True
8.5895 	EXP 	New trial (rep=0, index=3): {'PreguntaOff': '¿Recuerda si hay algún lugar u objeto en su camino hacia el trabajo que le llame la atención?', 'PreguntaOn': 7, 'Colors': 'blue'}
8.6162 	EXP 	CondicionOn: autoDraw = False
8.6162 	EXP 	CondicionOn: foreColor = <psychopy.colors.Color: blue, alpha=1.0>
8.6162 	EXP 	CondicionOn: height = 0.10000000000000002
8.6162 	EXP 	CondicionOn: height = 0.10000000000000002
8.6162 	EXP 	CondicionOn: height = 0.10000000000000002
8.6162 	EXP 	CondicionOn: text = 7
8.6162 	EXP 	CondicionOn: autoDraw = True
8.6893 	EXP 	New trial (rep=0, index=4): {'PreguntaOff': ' ¿Recuerda el recorrido desde la entrada de su lugar de trabajo hasta su oficina, donde realiza sus funciones?', 'PreguntaOn': 9, 'Colors': 'yellow'}
8.7163 	EXP 	CondicionOn: autoDraw = False
8.7163 	EXP 	CondicionOn: foreColor = <psychopy.colors.Color: yellow, alpha=1.0>
8.7163 	EXP 	CondicionOn: height = 0.10000000000000002
8.7163 	EXP 	CondicionOn: height = 0.10000000000000002
8.7163 	EXP 	CondicionOn: height = 0.10000000000000002
8.7163 	EXP 	CondicionOn: text = 9
8.7163 	EXP 	CondicionOn: autoDraw = True
8.7893 	EXP 	New trial (rep=0, index=5): {'PreguntaOff': '¿Recuerda alguna actividad que realice durante los viajes de regreso a casa desde el trabajo para relajarse?', 'PreguntaOn': 11, 'Colors': 'orange'}
8.8161 	EXP 	CondicionOn: autoDraw = False
8.8161 	EXP 	CondicionOn: foreColor = <psychopy.colors.Color: orange, alpha=1.0>
8.8161 	EXP 	CondicionOn: height = 0.10000000000000002
8.8161 	EXP 	CondicionOn: height = 0.10000000000000002
8.8161 	EXP 	CondicionOn: height = 0.10000000000000002
8.8161 	EXP 	CondicionOn: text = 11
8.8161 	EXP 	CondicionOn: autoDraw = True
8.8891 	EXP 	New trial (rep=0, index=6): {'PreguntaOff': '¿Recuerda el trayecto que realiza desde su casa hasta el lugar donde realiza sus compras?', 'PreguntaOn': 13, 'Colors': 'brown'}
8.9159 	EXP 	CondicionOn: autoDraw = False
8.9159 	EXP 	CondicionOn: foreColor = <psychopy.colors.Color: brown, alpha=1.0>
8.9159 	EXP 	CondicionOn: height = 0.10000000000000002
8.9159 	EXP 	CondicionOn: height = 0.10000000000000002
8.9159 	EXP 	CondicionOn: height = 0.10000000000000002
8.9159 	EXP 	CondicionOn: text = 13
8.9159 	EXP 	CondicionOn: autoDraw = True
8.9893 	EXP 	New trial (rep=0, index=7): {'PreguntaOff': '¿Recuerda alguna situación divertida o interesante que haya experimentado durante el recorrido hacia el lugar de compras?', 'PreguntaOn': 15, 'Colors': 'purple'}
9.0158 	EXP 	CondicionOn: autoDraw = False
9.0158 	EXP 	CondicionOn: foreColor = <psychopy.colors.Color: purple, alpha=1.0>
9.0158 	EXP 	CondicionOn: height = 0.10000000000000002
9.0158 	EXP 	CondicionOn: height = 0.10000000000000002
9.0158 	EXP 	CondicionOn: height = 0.10000000000000002
9.0158 	EXP 	CondicionOn: text = 15
9.0158 	EXP 	CondicionOn: autoDraw = True
9.0891 	EXP 	New trial (rep=0, index=8): {'PreguntaOff': ' ¿Recuerda qué es lo primero que ve al llegar al lugar donde realiza sus compras?', 'PreguntaOn': 17, 'Colors': 'green'}
9.1160 	EXP 	CondicionOn: autoDraw = False
9.1160 	EXP 	CondicionOn: foreColor = <psychopy.colors.Color: green, alpha=1.0>
9.1160 	EXP 	CondicionOn: height = 0.10000000000000002
9.1160 	EXP 	CondicionOn: height = 0.10000000000000002
9.1160 	EXP 	CondicionOn: height = 0.10000000000000002
9.1160 	EXP 	CondicionOn: text = 17
9.1160 	EXP 	CondicionOn: autoDraw = True
9.1890 	EXP 	New trial (rep=0, index=9): {'PreguntaOff': '¿Recuerda el recorrido desde su residencia hasta el centro de resonancia magnética?', 'PreguntaOn': 19, 'Colors': 'red'}
9.2155 	EXP 	CondicionOn: autoDraw = False
9.2155 	EXP 	CondicionOn: foreColor = <psychopy.colors.Color: red, alpha=1.0>
9.2155 	EXP 	CondicionOn: height = 0.10000000000000002
9.2155 	EXP 	CondicionOn: height = 0.10000000000000002
9.2155 	EXP 	CondicionOn: height = 0.10000000000000002
9.2155 	EXP 	CondicionOn: text = 19
9.2155 	EXP 	CondicionOn: autoDraw = True
9.2886 	EXP 	New trial (rep=0, index=10): {'PreguntaOff': None, 'PreguntaOn': 21, 'Colors': 'white'}
9.3151 	EXP 	CondicionOn: autoDraw = False
9.3151 	EXP 	CondicionOn: foreColor = <psychopy.colors.Color: white, alpha=1.0>
9.3151 	EXP 	CondicionOn: height = 0.10000000000000002
9.3151 	EXP 	CondicionOn: height = 0.10000000000000002
9.3151 	EXP 	CondicionOn: height = 0.10000000000000002
9.3151 	EXP 	CondicionOn: text = 21
9.3151 	EXP 	CondicionOn: autoDraw = True
9.3886 	EXP 	New trial (rep=0, index=11): {'PreguntaOff': None, 'PreguntaOn': 23, 'Colors': 'blue'}
9.4153 	EXP 	CondicionOn: autoDraw = False
9.4153 	EXP 	CondicionOn: foreColor = <psychopy.colors.Color: blue, alpha=1.0>
9.4153 	EXP 	CondicionOn: height = 0.10000000000000002
9.4153 	EXP 	CondicionOn: height = 0.10000000000000002
9.4153 	EXP 	CondicionOn: height = 0.10000000000000002
9.4153 	EXP 	CondicionOn: text = 23
9.4153 	EXP 	CondicionOn: autoDraw = True
9.4893 	EXP 	New trial (rep=0, index=12): {'PreguntaOff': None, 'PreguntaOn': 25, 'Colors': 'yellow'}
9.5152 	EXP 	CondicionOn: autoDraw = False
9.5152 	EXP 	CondicionOn: foreColor = <psychopy.colors.Color: yellow, alpha=1.0>
9.5152 	EXP 	CondicionOn: height = 0.10000000000000002
9.5152 	EXP 	CondicionOn: height = 0.10000000000000002
9.5152 	EXP 	CondicionOn: height = 0.10000000000000002
9.5152 	EXP 	CondicionOn: text = 25
9.5152 	EXP 	CondicionOn: autoDraw = True
9.5893 	EXP 	New trial (rep=0, index=13): {'PreguntaOff': None, 'PreguntaOn': 27, 'Colors': 'orange'}
9.6153 	EXP 	CondicionOn: autoDraw = False
9.6153 	EXP 	CondicionOn: foreColor = <psychopy.colors.Color: orange, alpha=1.0>
9.6153 	EXP 	CondicionOn: height = 0.10000000000000002
9.6153 	EXP 	CondicionOn: height = 0.10000000000000002
9.6153 	EXP 	CondicionOn: height = 0.10000000000000002
9.6153 	EXP 	CondicionOn: text = 27
9.6153 	EXP 	CondicionOn: autoDraw = True
9.6889 	EXP 	New trial (rep=0, index=14): {'PreguntaOff': None, 'PreguntaOn': 29, 'Colors': 'brown'}
9.7151 	EXP 	CondicionOn: autoDraw = False
9.7151 	EXP 	CondicionOn: foreColor = <psychopy.colors.Color: brown, alpha=1.0>
9.7151 	EXP 	CondicionOn: height = 0.10000000000000002
9.7151 	EXP 	CondicionOn: height = 0.10000000000000002
9.7151 	EXP 	CondicionOn: height = 0.10000000000000002
9.7151 	EXP 	CondicionOn: text = 29
9.7151 	EXP 	CondicionOn: autoDraw = True
9.7883 	EXP 	New trial (rep=0, index=15): {'PreguntaOff': None, 'PreguntaOn': 31, 'Colors': 'purple'}
9.8150 	EXP 	CondicionOn: autoDraw = False
9.8150 	EXP 	CondicionOn: foreColor = <psychopy.colors.Color: purple, alpha=1.0>
9.8150 	EXP 	CondicionOn: height = 0.10000000000000002
9.8150 	EXP 	CondicionOn: height = 0.10000000000000002
9.8150 	EXP 	CondicionOn: height = 0.10000000000000002
9.8150 	EXP 	CondicionOn: text = 31
9.8150 	EXP 	CondicionOn: autoDraw = True
9.8885 	EXP 	New trial (rep=0, index=16): {'PreguntaOff': None, 'PreguntaOn': 33, 'Colors': 'green'}
9.9151 	EXP 	CondicionOn: autoDraw = False
9.9151 	EXP 	CondicionOn: foreColor = <psychopy.colors.Color: green, alpha=1.0>
9.9151 	EXP 	CondicionOn: height = 0.10000000000000002
9.9151 	EXP 	CondicionOn: height = 0.10000000000000002
9.9151 	EXP 	CondicionOn: height = 0.10000000000000002
9.9151 	EXP 	CondicionOn: text = 33
9.9151 	EXP 	CondicionOn: autoDraw = True
9.9879 	EXP 	New trial (rep=0, index=17): {'PreguntaOff': None, 'PreguntaOn': 35, 'Colors': 'red'}
10.0149 	EXP 	CondicionOn: autoDraw = False
10.0149 	EXP 	CondicionOn: foreColor = <psychopy.colors.Color: red, alpha=1.0>
10.0149 	EXP 	CondicionOn: height = 0.10000000000000002
10.0149 	EXP 	CondicionOn: height = 0.10000000000000002
10.0149 	EXP 	CondicionOn: height = 0.10000000000000002
10.0149 	EXP 	CondicionOn: text = 35
10.0149 	EXP 	CondicionOn: autoDraw = True
10.0878 	EXP 	New trial (rep=0, index=18): {'PreguntaOff': None, 'PreguntaOn': 37, 'Colors': 'white'}
10.1150 	EXP 	CondicionOn: autoDraw = False
10.1150 	EXP 	CondicionOn: foreColor = <psychopy.colors.Color: white, alpha=1.0>
10.1150 	EXP 	CondicionOn: height = 0.10000000000000002
10.1150 	EXP 	CondicionOn: height = 0.10000000000000002
10.1150 	EXP 	CondicionOn: height = 0.10000000000000002
10.1150 	EXP 	CondicionOn: text = 37
10.1150 	EXP 	CondicionOn: autoDraw = True
10.1877 	EXP 	New trial (rep=0, index=19): {'PreguntaOff': None, 'PreguntaOn': 39, 'Colors': 'blue'}
10.2149 	EXP 	CondicionOn: autoDraw = False
10.2149 	EXP 	CondicionOn: foreColor = <psychopy.colors.Color: blue, alpha=1.0>
10.2149 	EXP 	CondicionOn: height = 0.10000000000000002
10.2149 	EXP 	CondicionOn: height = 0.10000000000000002
10.2149 	EXP 	CondicionOn: height = 0.10000000000000002
10.2149 	EXP 	CondicionOn: text = 39
10.2149 	EXP 	CondicionOn: autoDraw = True
10.2878 	EXP 	New trial (rep=0, index=3): {'PreguntaOff': '¿Recuerda si hay algún lugar u objeto en su camino hacia el trabajo que le llame la atención?', 'PreguntaOn': 7, 'Colors': 'blue'}
10.3130 	EXP 	CondicionOn: autoDraw = False
10.3130 	EXP 	CondicionOff: height = 0.05000000000000001
10.3130 	EXP 	CondicionOff: height = 0.05000000000000001
10.3130 	EXP 	CondicionOff: height = 0.05000000000000001
10.3130 	EXP 	CondicionOff: text = '¿Recuerda si hay algún lugar u objeto en su camino hacia el trabajo que le llame la atención?'
10.3130 	EXP 	CondicionOff: autoDraw = True
11.2939 	DEBUG 	Read excel file with openpyxl: CondicionesExperimento.xlsx
11.2958 	EXP 	Imported CondicionesExperimento.xlsx as conditions, 20 conditions, 3 params
11.2965 	EXP 	Created sequence: sequential, trialTypes=20, nReps=1, seed=None
11.2967 	EXP 	New trial (rep=0, index=0): {'PreguntaOff': '¿Recuerda el recorrido que realiza desde su cama hasta la cocina de su residencia?', 'PreguntaOn': 1, 'Colors': 'green'}
11.3137 	EXP 	CondicionOff: autoDraw = False
11.3137 	EXP 	CondicionOn: foreColor = <psychopy.colors.Color: green, alpha=1.0>
11.3137 	EXP 	CondicionOn: height = 0.10000000000000002
11.3137 	EXP 	CondicionOn: height = 0.10000000000000002
11.3137 	EXP 	CondicionOn: height = 0.10000000000000002
11.3137 	EXP 	CondicionOn: text = 1
11.3137 	EXP 	CondicionOn: autoDraw = True
11.3875 	EXP 	New trial (rep=0, index=1): {'PreguntaOff': '¿Recuerda el trayecto que hace desde su casa hasta su lugar de trabajo?', 'PreguntaOn': 3, 'Colors': 'red'}
11.4137 	EXP 	CondicionOn: autoDraw = False
11.4137 	EXP 	CondicionOn: foreColor = <psychopy.colors.Color: red, alpha=1.0>
11.4137 	EXP 	CondicionOn: height = 0.10000000000000002
11.4137 	EXP 	CondicionOn: height = 0.10000000000000002
11.4137 	EXP 	CondicionOn: height = 0.10000000000000002
11.4137 	EXP 	CondicionOn: text = 3
11.4137 	EXP 	CondicionOn: autoDraw = True
11.4872 	EXP 	New trial (rep=0, index=2): {'PreguntaOff': '¿Recuerda  algún inconveniente que ha  experimentado en el camino de su residencia a su lugar de trabajo?', 'PreguntaOn': 5, 'Colors': 'white'}
11.5136 	EXP 	CondicionOn: autoDraw = False
11.5136 	EXP 	CondicionOn: foreColor = <psychopy.colors.Color: white, alpha=1.0>
11.5136 	EXP 	CondicionOn: height = 0.10000000000000002
11.5136 	EXP 	CondicionOn: height = 0.10000000000000002
11.5136 	EXP 	CondicionOn: height = 0.10000000000000002
11.5136 	EXP 	CondicionOn: text = 5
11.5136 	EXP 	CondicionOn: autoDraw = True
11.5872 	EXP 	New trial (rep=0, index=3): {'PreguntaOff': '¿Recuerda si hay algún lugar u objeto en su camino hacia el trabajo que le llame la atención?', 'PreguntaOn': 7, 'Colors': 'blue'}
11.6136 	EXP 	CondicionOn: autoDraw = False
11.6136 	EXP 	CondicionOn: foreColor = <psychopy.colors.Color: blue, alpha=1.0>
11.6136 	EXP 	CondicionOn: height = 0.10000000000000002
11.6136 	EXP 	CondicionOn: height = 0.10000000000000002
11.6136 	EXP 	CondicionOn: height = 0.10000000000000002
11.6136 	EXP 	CondicionOn: text = 7
11.6136 	EXP 	CondicionOn: autoDraw = True
11.6870 	EXP 	New trial (rep=0, index=4): {'PreguntaOff': ' ¿Recuerda el recorrido desde la entrada de su lugar de trabajo hasta su oficina, donde realiza sus funciones?', 'PreguntaOn': 9, 'Colors': 'yellow'}
11.7135 	EXP 	CondicionOn: autoDraw = False
11.7135 	EXP 	CondicionOn: foreColor = <psychopy.colors.Color: yellow, alpha=1.0>
11.7135 	EXP 	CondicionOn: height = 0.10000000000000002
11.7135 	EXP 	CondicionOn: height = 0.10000000000000002
11.7135 	EXP 	CondicionOn: height = 0.10000000000000002
11.7135 	EXP 	CondicionOn: text = 9
11.7135 	EXP 	CondicionOn: autoDraw = True
11.7871 	EXP 	New trial (rep=0, index=5): {'PreguntaOff': '¿Recuerda alguna actividad que realice durante los viajes de regreso a casa desde el trabajo para relajarse?', 'PreguntaOn': 11, 'Colors': 'orange'}
11.8134 	EXP 	CondicionOn: autoDraw = False
11.8134 	EXP 	CondicionOn: foreColor = <psychopy.colors.Color: orange, alpha=1.0>
11.8134 	EXP 	CondicionOn: height = 0.10000000000000002
11.8134 	EXP 	CondicionOn: height = 0.10000000000000002
11.8134 	EXP 	CondicionOn: height = 0.10000000000000002
11.8134 	EXP 	CondicionOn: text = 11
11.8134 	EXP 	CondicionOn: autoDraw = True
11.8874 	EXP 	New trial (rep=0, index=6): {'PreguntaOff': '¿Recuerda el trayecto que realiza desde su casa hasta el lugar donde realiza sus compras?', 'PreguntaOn': 13, 'Colors': 'brown'}
11.9133 	EXP 	CondicionOn: autoDraw = False
11.9133 	EXP 	CondicionOn: foreColor = <psychopy.colors.Color: brown, alpha=1.0>
11.9133 	EXP 	CondicionOn: height = 0.10000000000000002
11.9133 	EXP 	CondicionOn: height = 0.10000000000000002
11.9133 	EXP 	CondicionOn: height = 0.10000000000000002
11.9133 	EXP 	CondicionOn: text = 13
11.9133 	EXP 	CondicionOn: autoDraw = True
11.9868 	EXP 	New trial (rep=0, index=7): {'PreguntaOff': '¿Recuerda alguna situación divertida o interesante que haya experimentado durante el recorrido hacia el lugar de compras?', 'PreguntaOn': 15, 'Colors': 'purple'}
12.0133 	EXP 	CondicionOn: autoDraw = False
12.0133 	EXP 	CondicionOn: foreColor = <psychopy.colors.Color: purple, alpha=1.0>
12.0133 	EXP 	CondicionOn: height = 0.10000000000000002
12.0133 	EXP 	CondicionOn: height = 0.10000000000000002
12.0133 	EXP 	CondicionOn: height = 0.10000000000000002
12.0133 	EXP 	CondicionOn: text = 15
12.0133 	EXP 	CondicionOn: autoDraw = True
12.0864 	EXP 	New trial (rep=0, index=8): {'PreguntaOff': ' ¿Recuerda qué es lo primero que ve al llegar al lugar donde realiza sus compras?', 'PreguntaOn': 17, 'Colors': 'green'}
12.1131 	EXP 	CondicionOn: autoDraw = False
12.1131 	EXP 	CondicionOn: foreColor = <psychopy.colors.Color: green, alpha=1.0>
12.1131 	EXP 	CondicionOn: height = 0.10000000000000002
12.1131 	EXP 	CondicionOn: height = 0.10000000000000002
12.1131 	EXP 	CondicionOn: height = 0.10000000000000002
12.1131 	EXP 	CondicionOn: text = 17
12.1131 	EXP 	CondicionOn: autoDraw = True
12.1862 	EXP 	New trial (rep=0, index=9): {'PreguntaOff': '¿Recuerda el recorrido desde su residencia hasta el centro de resonancia magnética?', 'PreguntaOn': 19, 'Colors': 'red'}
12.2130 	EXP 	CondicionOn: autoDraw = False
12.2130 	EXP 	CondicionOn: foreColor = <psychopy.colors.Color: red, alpha=1.0>
12.2130 	EXP 	CondicionOn: height = 0.10000000000000002
12.2130 	EXP 	CondicionOn: height = 0.10000000000000002
12.2130 	EXP 	CondicionOn: height = 0.10000000000000002
12.2130 	EXP 	CondicionOn: text = 19
12.2130 	EXP 	CondicionOn: autoDraw = True
12.2863 	EXP 	New trial (rep=0, index=10): {'PreguntaOff': None, 'PreguntaOn': 21, 'Colors': 'white'}
12.3127 	EXP 	CondicionOn: autoDraw = False
12.3127 	EXP 	CondicionOn: foreColor = <psychopy.colors.Color: white, alpha=1.0>
12.3127 	EXP 	CondicionOn: height = 0.10000000000000002
12.3127 	EXP 	CondicionOn: height = 0.10000000000000002
12.3127 	EXP 	CondicionOn: height = 0.10000000000000002
12.3127 	EXP 	CondicionOn: text = 21
12.3127 	EXP 	CondicionOn: autoDraw = True
12.3858 	EXP 	New trial (rep=0, index=11): {'PreguntaOff': None, 'PreguntaOn': 23, 'Colors': 'blue'}
12.4129 	EXP 	CondicionOn: autoDraw = False
12.4129 	EXP 	CondicionOn: foreColor = <psychopy.colors.Color: blue, alpha=1.0>
12.4129 	EXP 	CondicionOn: height = 0.10000000000000002
12.4129 	EXP 	CondicionOn: height = 0.10000000000000002
12.4129 	EXP 	CondicionOn: height = 0.10000000000000002
12.4129 	EXP 	CondicionOn: text = 23
12.4129 	EXP 	CondicionOn: autoDraw = True
12.4863 	EXP 	New trial (rep=0, index=12): {'PreguntaOff': None, 'PreguntaOn': 25, 'Colors': 'yellow'}
12.5128 	EXP 	CondicionOn: autoDraw = False
12.5128 	EXP 	CondicionOn: foreColor = <psychopy.colors.Color: yellow, alpha=1.0>
12.5128 	EXP 	CondicionOn: height = 0.10000000000000002
12.5128 	EXP 	CondicionOn: height = 0.10000000000000002
12.5128 	EXP 	CondicionOn: height = 0.10000000000000002
12.5128 	EXP 	CondicionOn: text = 25
12.5128 	EXP 	CondicionOn: autoDraw = True
12.5864 	EXP 	New trial (rep=0, index=13): {'PreguntaOff': None, 'PreguntaOn': 27, 'Colors': 'orange'}
12.6126 	EXP 	CondicionOn: autoDraw = False
12.6126 	EXP 	CondicionOn: foreColor = <psychopy.colors.Color: orange, alpha=1.0>
12.6126 	EXP 	CondicionOn: height = 0.10000000000000002
12.6126 	EXP 	CondicionOn: height = 0.10000000000000002
12.6126 	EXP 	CondicionOn: height = 0.10000000000000002
12.6126 	EXP 	CondicionOn: text = 27
12.6126 	EXP 	CondicionOn: autoDraw = True
12.6864 	EXP 	New trial (rep=0, index=14): {'PreguntaOff': None, 'PreguntaOn': 29, 'Colors': 'brown'}
12.7126 	EXP 	CondicionOn: autoDraw = False
12.7126 	EXP 	CondicionOn: foreColor = <psychopy.colors.Color: brown, alpha=1.0>
12.7126 	EXP 	CondicionOn: height = 0.10000000000000002
12.7126 	EXP 	CondicionOn: height = 0.10000000000000002
12.7126 	EXP 	CondicionOn: height = 0.10000000000000002
12.7126 	EXP 	CondicionOn: text = 29
12.7126 	EXP 	CondicionOn: autoDraw = True
12.7865 	EXP 	New trial (rep=0, index=15): {'PreguntaOff': None, 'PreguntaOn': 31, 'Colors': 'purple'}
12.8126 	EXP 	CondicionOn: autoDraw = False
12.8126 	EXP 	CondicionOn: foreColor = <psychopy.colors.Color: purple, alpha=1.0>
12.8126 	EXP 	CondicionOn: height = 0.10000000000000002
12.8126 	EXP 	CondicionOn: height = 0.10000000000000002
12.8126 	EXP 	CondicionOn: height = 0.10000000000000002
12.8126 	EXP 	CondicionOn: text = 31
12.8126 	EXP 	CondicionOn: autoDraw = True
12.8862 	EXP 	New trial (rep=0, index=16): {'PreguntaOff': None, 'PreguntaOn': 33, 'Colors': 'green'}
12.9125 	EXP 	CondicionOn: autoDraw = False
12.9125 	EXP 	CondicionOn: foreColor = <psychopy.colors.Color: green, alpha=1.0>
12.9125 	EXP 	CondicionOn: height = 0.10000000000000002
12.9125 	EXP 	CondicionOn: height = 0.10000000000000002
12.9125 	EXP 	CondicionOn: height = 0.10000000000000002
12.9125 	EXP 	CondicionOn: text = 33
12.9125 	EXP 	CondicionOn: autoDraw = True
12.9860 	EXP 	New trial (rep=0, index=17): {'PreguntaOff': None, 'PreguntaOn': 35, 'Colors': 'red'}
13.0123 	EXP 	CondicionOn: autoDraw = False
13.0123 	EXP 	CondicionOn: foreColor = <psychopy.colors.Color: red, alpha=1.0>
13.0123 	EXP 	CondicionOn: height = 0.10000000000000002
13.0123 	EXP 	CondicionOn: height = 0.10000000000000002
13.0123 	EXP 	CondicionOn: height = 0.10000000000000002
13.0123 	EXP 	CondicionOn: text = 35
13.0123 	EXP 	CondicionOn: autoDraw = True
13.0860 	EXP 	New trial (rep=0, index=18): {'PreguntaOff': None, 'PreguntaOn': 37, 'Colors': 'white'}
13.1121 	EXP 	CondicionOn: autoDraw = False
13.1121 	EXP 	CondicionOn: foreColor = <psychopy.colors.Color: white, alpha=1.0>
13.1121 	EXP 	CondicionOn: height = 0.10000000000000002
13.1121 	EXP 	CondicionOn: height = 0.10000000000000002
13.1121 	EXP 	CondicionOn: height = 0.10000000000000002
13.1121 	EXP 	CondicionOn: text = 37
13.1121 	EXP 	CondicionOn: autoDraw = True
13.1854 	EXP 	New trial (rep=0, index=19): {'PreguntaOff': None, 'PreguntaOn': 39, 'Colors': 'blue'}
13.2118 	EXP 	CondicionOn: autoDraw = False
13.2118 	EXP 	CondicionOn: foreColor = <psychopy.colors.Color: blue, alpha=1.0>
13.2118 	EXP 	CondicionOn: height = 0.10000000000000002
13.2118 	EXP 	CondicionOn: height = 0.10000000000000002
13.2118 	EXP 	CondicionOn: height = 0.10000000000000002
13.2118 	EXP 	CondicionOn: text = 39
13.2118 	EXP 	CondicionOn: autoDraw = True
13.2857 	EXP 	New trial (rep=0, index=4): {'PreguntaOff': ' ¿Recuerda el recorrido desde la entrada de su lugar de trabajo hasta su oficina, donde realiza sus funciones?', 'PreguntaOn': 9, 'Colors': 'yellow'}
13.3105 	EXP 	CondicionOn: autoDraw = False
13.3105 	EXP 	CondicionOff: height = 0.05000000000000001
13.3105 	EXP 	CondicionOff: height = 0.05000000000000001
13.3105 	EXP 	CondicionOff: height = 0.05000000000000001
13.3105 	EXP 	CondicionOff: text = ' ¿Recuerda el recorrido desde la entrada de su lugar de trabajo hasta su oficina, donde realiza sus funciones?'
13.3105 	EXP 	CondicionOff: autoDraw = True
14.2922 	DEBUG 	Read excel file with openpyxl: CondicionesExperimento.xlsx
14.2941 	EXP 	Imported CondicionesExperimento.xlsx as conditions, 20 conditions, 3 params
14.2948 	EXP 	Created sequence: sequential, trialTypes=20, nReps=1, seed=None
14.2950 	EXP 	New trial (rep=0, index=0): {'PreguntaOff': '¿Recuerda el recorrido que realiza desde su cama hasta la cocina de su residencia?', 'PreguntaOn': 1, 'Colors': 'green'}
14.3113 	EXP 	CondicionOff: autoDraw = False
14.3113 	EXP 	CondicionOn: foreColor = <psychopy.colors.Color: green, alpha=1.0>
14.3113 	EXP 	CondicionOn: height = 0.10000000000000002
14.3113 	EXP 	CondicionOn: height = 0.10000000000000002
14.3113 	EXP 	CondicionOn: height = 0.10000000000000002
14.3113 	EXP 	CondicionOn: text = 1
14.3113 	EXP 	CondicionOn: autoDraw = True
14.3844 	EXP 	New trial (rep=0, index=1): {'PreguntaOff': '¿Recuerda el trayecto que hace desde su casa hasta su lugar de trabajo?', 'PreguntaOn': 3, 'Colors': 'red'}
14.4111 	EXP 	CondicionOn: autoDraw = False
14.4111 	EXP 	CondicionOn: foreColor = <psychopy.colors.Color: red, alpha=1.0>
14.4111 	EXP 	CondicionOn: height = 0.10000000000000002
14.4111 	EXP 	CondicionOn: height = 0.10000000000000002
14.4111 	EXP 	CondicionOn: height = 0.10000000000000002
14.4111 	EXP 	CondicionOn: text = 3
14.4111 	EXP 	CondicionOn: autoDraw = True
14.4842 	EXP 	New trial (rep=0, index=2): {'PreguntaOff': '¿Recuerda  algún inconveniente que ha  experimentado en el camino de su residencia a su lugar de trabajo?', 'PreguntaOn': 5, 'Colors': 'white'}
14.5112 	EXP 	CondicionOn: autoDraw = False
14.5112 	EXP 	CondicionOn: foreColor = <psychopy.colors.Color: white, alpha=1.0>
14.5112 	EXP 	CondicionOn: height = 0.10000000000000002
14.5112 	EXP 	CondicionOn: height = 0.10000000000000002
14.5112 	EXP 	CondicionOn: height = 0.10000000000000002
14.5112 	EXP 	CondicionOn: text = 5
14.5112 	EXP 	CondicionOn: autoDraw = True
14.5842 	EXP 	New trial (rep=0, index=3): {'PreguntaOff': '¿Recuerda si hay algún lugar u objeto en su camino hacia el trabajo que le llame la atención?', 'PreguntaOn': 7, 'Colors': 'blue'}
14.6108 	EXP 	CondicionOn: autoDraw = False
14.6108 	EXP 	CondicionOn: foreColor = <psychopy.colors.Color: blue, alpha=1.0>
14.6108 	EXP 	CondicionOn: height = 0.10000000000000002
14.6108 	EXP 	CondicionOn: height = 0.10000000000000002
14.6108 	EXP 	CondicionOn: height = 0.10000000000000002
14.6108 	EXP 	CondicionOn: text = 7
14.6108 	EXP 	CondicionOn: autoDraw = True
14.6842 	EXP 	New trial (rep=0, index=4): {'PreguntaOff': ' ¿Recuerda el recorrido desde la entrada de su lugar de trabajo hasta su oficina, donde realiza sus funciones?', 'PreguntaOn': 9, 'Colors': 'yellow'}
14.7107 	EXP 	CondicionOn: autoDraw = False
14.7107 	EXP 	CondicionOn: foreColor = <psychopy.colors.Color: yellow, alpha=1.0>
14.7107 	EXP 	CondicionOn: height = 0.10000000000000002
14.7107 	EXP 	CondicionOn: height = 0.10000000000000002
14.7107 	EXP 	CondicionOn: height = 0.10000000000000002
14.7107 	EXP 	CondicionOn: text = 9
14.7107 	EXP 	CondicionOn: autoDraw = True
14.7841 	EXP 	New trial (rep=0, index=5): {'PreguntaOff': '¿Recuerda alguna actividad que realice durante los viajes de regreso a casa desde el trabajo para relajarse?', 'PreguntaOn': 11, 'Colors': 'orange'}
14.8106 	EXP 	CondicionOn: autoDraw = False
14.8106 	EXP 	CondicionOn: foreColor = <psychopy.colors.Color: orange, alpha=1.0>
14.8106 	EXP 	CondicionOn: height = 0.10000000000000002
14.8106 	EXP 	CondicionOn: height = 0.10000000000000002
14.8106 	EXP 	CondicionOn: height = 0.10000000000000002
14.8106 	EXP 	CondicionOn: text = 11
14.8106 	EXP 	CondicionOn: autoDraw = True
14.8852 	EXP 	New trial (rep=0, index=6): {'PreguntaOff': '¿Recuerda el trayecto que realiza desde su casa hasta el lugar donde realiza sus compras?', 'PreguntaOn': 13, 'Colors': 'brown'}
14.9110 	EXP 	CondicionOn: autoDraw = False
14.9110 	EXP 	CondicionOn: foreColor = <psychopy.colors.Color: brown, alpha=1.0>
14.9110 	EXP 	CondicionOn: height = 0.10000000000000002
14.9110 	EXP 	CondicionOn: height = 0.10000000000000002
14.9110 	EXP 	CondicionOn: height = 0.10000000000000002
14.9110 	EXP 	CondicionOn: text = 13
14.9110 	EXP 	CondicionOn: autoDraw = True
14.9841 	EXP 	New trial (rep=0, index=7): {'PreguntaOff': '¿Recuerda alguna situación divertida o interesante que haya experimentado durante el recorrido hacia el lugar de compras?', 'PreguntaOn': 15, 'Colors': 'purple'}
15.0105 	EXP 	CondicionOn: autoDraw = False
15.0105 	EXP 	CondicionOn: foreColor = <psychopy.colors.Color: purple, alpha=1.0>
15.0105 	EXP 	CondicionOn: height = 0.10000000000000002
15.0105 	EXP 	CondicionOn: height = 0.10000000000000002
15.0105 	EXP 	CondicionOn: height = 0.10000000000000002
15.0105 	EXP 	CondicionOn: text = 15
15.0105 	EXP 	CondicionOn: autoDraw = True
15.0838 	EXP 	New trial (rep=0, index=8): {'PreguntaOff': ' ¿Recuerda qué es lo primero que ve al llegar al lugar donde realiza sus compras?', 'PreguntaOn': 17, 'Colors': 'green'}
15.1106 	EXP 	CondicionOn: autoDraw = False
15.1106 	EXP 	CondicionOn: foreColor = <psychopy.colors.Color: green, alpha=1.0>
15.1106 	EXP 	CondicionOn: height = 0.10000000000000002
15.1106 	EXP 	CondicionOn: height = 0.10000000000000002
15.1106 	EXP 	CondicionOn: height = 0.10000000000000002
15.1106 	EXP 	CondicionOn: text = 17
15.1106 	EXP 	CondicionOn: autoDraw = True
15.1836 	EXP 	New trial (rep=0, index=9): {'PreguntaOff': '¿Recuerda el recorrido desde su residencia hasta el centro de resonancia magnética?', 'PreguntaOn': 19, 'Colors': 'red'}
15.2105 	EXP 	CondicionOn: autoDraw = False
15.2105 	EXP 	CondicionOn: foreColor = <psychopy.colors.Color: red, alpha=1.0>
15.2105 	EXP 	CondicionOn: height = 0.10000000000000002
15.2105 	EXP 	CondicionOn: height = 0.10000000000000002
15.2105 	EXP 	CondicionOn: height = 0.10000000000000002
15.2105 	EXP 	CondicionOn: text = 19
15.2105 	EXP 	CondicionOn: autoDraw = True
15.2838 	EXP 	New trial (rep=0, index=10): {'PreguntaOff': None, 'PreguntaOn': 21, 'Colors': 'white'}
15.3102 	EXP 	CondicionOn: autoDraw = False
15.3102 	EXP 	CondicionOn: foreColor = <psychopy.colors.Color: white, alpha=1.0>
15.3102 	EXP 	CondicionOn: height = 0.10000000000000002
15.3102 	EXP 	CondicionOn: height = 0.10000000000000002
15.3102 	EXP 	CondicionOn: height = 0.10000000000000002
15.3102 	EXP 	CondicionOn: text = 21
15.3102 	EXP 	CondicionOn: autoDraw = True
15.3833 	EXP 	New trial (rep=0, index=11): {'PreguntaOff': None, 'PreguntaOn': 23, 'Colors': 'blue'}
15.4102 	EXP 	CondicionOn: autoDraw = False
15.4102 	EXP 	CondicionOn: foreColor = <psychopy.colors.Color: blue, alpha=1.0>
15.4102 	EXP 	CondicionOn: height = 0.10000000000000002
15.4102 	EXP 	CondicionOn: height = 0.10000000000000002
15.4102 	EXP 	CondicionOn: height = 0.10000000000000002
15.4102 	EXP 	CondicionOn: text = 23
15.4102 	EXP 	CondicionOn: autoDraw = True
15.4833 	EXP 	New trial (rep=0, index=12): {'PreguntaOff': None, 'PreguntaOn': 25, 'Colors': 'yellow'}
15.5102 	EXP 	CondicionOn: autoDraw = False
15.5102 	EXP 	CondicionOn: foreColor = <psychopy.colors.Color: yellow, alpha=1.0>
15.5102 	EXP 	CondicionOn: height = 0.10000000000000002
15.5102 	EXP 	CondicionOn: height = 0.10000000000000002
15.5102 	EXP 	CondicionOn: height = 0.10000000000000002
15.5102 	EXP 	CondicionOn: text = 25
15.5102 	EXP 	CondicionOn: autoDraw = True
15.5833 	EXP 	New trial (rep=0, index=13): {'PreguntaOff': None, 'PreguntaOn': 27, 'Colors': 'orange'}
15.6101 	EXP 	CondicionOn: autoDraw = False
15.6101 	EXP 	CondicionOn: foreColor = <psychopy.colors.Color: orange, alpha=1.0>
15.6101 	EXP 	CondicionOn: height = 0.10000000000000002
15.6101 	EXP 	CondicionOn: height = 0.10000000000000002
15.6101 	EXP 	CondicionOn: height = 0.10000000000000002
15.6101 	EXP 	CondicionOn: text = 27
15.6101 	EXP 	CondicionOn: autoDraw = True
15.6833 	EXP 	New trial (rep=0, index=14): {'PreguntaOff': None, 'PreguntaOn': 29, 'Colors': 'brown'}
15.7100 	EXP 	CondicionOn: autoDraw = False
15.7100 	EXP 	CondicionOn: foreColor = <psychopy.colors.Color: brown, alpha=1.0>
15.7100 	EXP 	CondicionOn: height = 0.10000000000000002
15.7100 	EXP 	CondicionOn: height = 0.10000000000000002
15.7100 	EXP 	CondicionOn: height = 0.10000000000000002
15.7100 	EXP 	CondicionOn: text = 29
15.7100 	EXP 	CondicionOn: autoDraw = True
15.7830 	EXP 	New trial (rep=0, index=15): {'PreguntaOff': None, 'PreguntaOn': 31, 'Colors': 'purple'}
15.8098 	EXP 	CondicionOn: autoDraw = False
15.8098 	EXP 	CondicionOn: foreColor = <psychopy.colors.Color: purple, alpha=1.0>
15.8098 	EXP 	CondicionOn: height = 0.10000000000000002
15.8098 	EXP 	CondicionOn: height = 0.10000000000000002
15.8098 	EXP 	CondicionOn: height = 0.10000000000000002
15.8098 	EXP 	CondicionOn: text = 31
15.8098 	EXP 	CondicionOn: autoDraw = True
15.8835 	EXP 	New trial (rep=0, index=16): {'PreguntaOff': None, 'PreguntaOn': 33, 'Colors': 'green'}
15.9096 	EXP 	CondicionOn: autoDraw = False
15.9096 	EXP 	CondicionOn: foreColor = <psychopy.colors.Color: green, alpha=1.0>
15.9096 	EXP 	CondicionOn: height = 0.10000000000000002
15.9096 	EXP 	CondicionOn: height = 0.10000000000000002
15.9096 	EXP 	CondicionOn: height = 0.10000000000000002
15.9096 	EXP 	CondicionOn: text = 33
15.9096 	EXP 	CondicionOn: autoDraw = True
15.9834 	EXP 	New trial (rep=0, index=17): {'PreguntaOff': None, 'PreguntaOn': 35, 'Colors': 'red'}
16.0096 	EXP 	CondicionOn: autoDraw = False
16.0096 	EXP 	CondicionOn: foreColor = <psychopy.colors.Color: red, alpha=1.0>
16.0096 	EXP 	CondicionOn: height = 0.10000000000000002
16.0096 	EXP 	CondicionOn: height = 0.10000000000000002
16.0096 	EXP 	CondicionOn: height = 0.10000000000000002
16.0096 	EXP 	CondicionOn: text = 35
16.0096 	EXP 	CondicionOn: autoDraw = True
16.0829 	EXP 	New trial (rep=0, index=18): {'PreguntaOff': None, 'PreguntaOn': 37, 'Colors': 'white'}
16.1094 	EXP 	CondicionOn: autoDraw = False
16.1094 	EXP 	CondicionOn: foreColor = <psychopy.colors.Color: white, alpha=1.0>
16.1094 	EXP 	CondicionOn: height = 0.10000000000000002
16.1094 	EXP 	CondicionOn: height = 0.10000000000000002
16.1094 	EXP 	CondicionOn: height = 0.10000000000000002
16.1094 	EXP 	CondicionOn: text = 37
16.1094 	EXP 	CondicionOn: autoDraw = True
16.1831 	EXP 	New trial (rep=0, index=19): {'PreguntaOff': None, 'PreguntaOn': 39, 'Colors': 'blue'}
16.1942 	DATA 	Keypress: escape
16.2095 	EXP 	CondicionOn: autoDraw = False
16.2095 	EXP 	CondicionOn: foreColor = <psychopy.colors.Color: blue, alpha=1.0>
16.2095 	EXP 	CondicionOn: height = 0.10000000000000002
16.2095 	EXP 	CondicionOn: height = 0.10000000000000002
16.2095 	EXP 	CondicionOn: height = 0.10000000000000002
16.2095 	EXP 	CondicionOn: text = 39
16.2095 	EXP 	CondicionOn: autoDraw = True
16.2834 	EXP 	New trial (rep=0, index=5): {'PreguntaOff': '¿Recuerda alguna actividad que realice durante los viajes de regreso a casa desde el trabajo para relajarse?', 'PreguntaOn': 11, 'Colors': 'orange'}
16.3097 	EXP 	CondicionOn: autoDraw = False
16.3097 	EXP 	CondicionOff: height = 0.05000000000000001
16.3097 	EXP 	CondicionOff: height = 0.05000000000000001
16.3097 	EXP 	CondicionOff: height = 0.05000000000000001
16.3097 	EXP 	CondicionOff: text = '¿Recuerda alguna actividad que realice durante los viajes de regreso a casa desde el trabajo para relajarse?'
16.3097 	EXP 	CondicionOff: autoDraw = True
16.3672 	EXP 	ArchivoPrueba: status = STOPPED
16.3794 	EXP 	CondicionOff: autoDraw = False
16.3828 	EXP 	ArchivoPrueba: status = STOPPED
16.4143 	INFO 	saved data to 'C:\\Users\\andre\\Desktop\\Imagenes\\Taller_unidad3\\data/260202_ArchivoPrueba_2024-04-28_12h15.07.510.csv'
16.4171 	INFO 	saved data to C:\Users\andre\Desktop\Imagenes\Taller_unidad3\data/260202_ArchivoPrueba_2024-04-28_12h15.07.510.psydat
16.4798 	EXP 	window1: mouseVisible = True
16.9878 	DEBUG 	Saving data for ArchivoPrueba ExperimentHandler
