66.9565 	DEBUG 	Fullscreen settings ignored as running in pilot mode.
66.9609 	INFO 	Loaded monitor calibration from ['2024_04_12 16:30']
69.0055 	EXP 	Created window1 = Window(allowGUI=True, allowStencil=False, autoLog=True, backendConf=UNKNOWN, backgroundFit=<method-wrapper '__getattribute__' of attributeSetter object at 0x000002738E9D0B50>, backgroundImage=<method-wrapper '__getattribute__' of attributeSetter object at 0x000002738E9D0AF0>, bitsMode=UNKNOWN, blendMode='avg', bpc=(8, 8, 8), color=array([-1., -1., -1.]), colorSpace='rgb', depthBits=8, fullscr=<method-wrapper '__getattribute__' of attributeSetter object at 0x000002738E9D0940>, gamma=None, gammaErrorPolicy='raise', infoMsg=UNKNOWN, lms=UNKNOWN, monitor=<psychopy.monitors.calibTools.Monitor object at 0x000002738ED06F10>, multiSample=False, name='window1', numSamples=2, pos=[192.0, 108.0], screen=0, size=array([1536,  864]), stencilBits=0, stereo=False, title='PsychoPy', units='height', useFBO=True, useRetina=False, viewOri=0.0, viewPos=None, viewScale=None, waitBlanking=True, winType='pyglet')
69.0057 	EXP 	window1: mouseVisible = True
69.0058 	EXP 	window1: backgroundImage = ''
69.0058 	EXP 	window1: backgroundFit = 'none'
69.0062 	EXP 	window1: mouseVisible = True
69.0067 	EXP 	window1: mouseVisible = True
69.0111 	EXP 	window1: mouseVisible = True
69.0128 	EXP 	window1: mouseVisible = True
69.0887 	DEBUG 	TextBox2 loaded 1 chars with 0 blanks and 1 valid
69.0966 	DEBUG 	TextBox2 loaded 1 chars with 0 blanks and 1 valid
69.1048 	DEBUG 	TextBox2 loaded 1 chars with 0 blanks and 1 valid
69.1139 	DEBUG 	TextBox2 loaded 1 chars with 0 blanks and 1 valid
69.1230 	DEBUG 	TextBox2 loaded 1 chars with 0 blanks and 1 valid
69.1287 	DEBUG 	TextBox2 loaded 1 chars with 0 blanks and 1 valid
69.1355 	DEBUG 	TextBox2 loaded 1 chars with 0 blanks and 1 valid
69.1451 	DEBUG 	TextBox2 loaded 1 chars with 0 blanks and 1 valid
69.1495 	DEBUG 	TextBox2 loaded 1 chars with 0 blanks and 1 valid
69.1542 	DEBUG 	TextBox2 loaded 1 chars with 0 blanks and 1 valid
69.1611 	DEBUG 	TextBox2 loaded 1 chars with 0 blanks and 1 valid
69.1677 	DEBUG 	TextBox2 loaded 1 chars with 0 blanks and 1 valid
69.1741 	DEBUG 	TextBox2 loaded 1 chars with 0 blanks and 1 valid
69.1805 	DEBUG 	TextBox2 loaded 1 chars with 0 blanks and 1 valid
69.1878 	DEBUG 	TextBox2 loaded 1 chars with 0 blanks and 1 valid
69.1944 	DEBUG 	TextBox2 loaded 1 chars with 0 blanks and 1 valid
69.2005 	DEBUG 	TextBox2 loaded 1 chars with 0 blanks and 1 valid
69.2055 	DEBUG 	TextBox2 loaded 1 chars with 0 blanks and 1 valid
69.2103 	DEBUG 	TextBox2 loaded 1 chars with 0 blanks and 1 valid
69.2177 	DEBUG 	TextBox2 loaded 1 chars with 0 blanks and 1 valid
69.2227 	DEBUG 	TextBox2 loaded 1 chars with 0 blanks and 1 valid
69.2235 	DEBUG 	Uploading Texture Font fontname to graphics card
69.2463 	DEBUG 	Upload of Texture Font fontname complete
69.2487 	EXP 	window1: mouseVisible = True
69.2490 	EXP 	window1: mouseVisible = True
69.2502 	EXP 	window1: mouseVisible = True
69.2512 	EXP 	window1: mouseVisible = True
69.2747 	DEBUG 	TextBox2 loaded 1 chars with 0 blanks and 1 valid
69.2794 	DEBUG 	TextBox2 loaded 1 chars with 0 blanks and 1 valid
69.2840 	DEBUG 	TextBox2 loaded 1 chars with 0 blanks and 1 valid
69.2845 	DEBUG 	Uploading Texture Font fontname to graphics card
69.3017 	DEBUG 	Upload of Texture Font fontname complete
69.3054 	EXP 	window1: Attempting to measure frame rate of screen (0) ...
69.3055 	EXP 	window1: recordFrameIntervals = False
69.5284 	EXP 	window1: recordFrameIntervals = True
69.6405 	WARNING 	t of last frame was 45.61ms (=1/21)
69.6628 	WARNING 	t of last frame was 22.30ms (=1/44)
69.6905 	WARNING 	t of last frame was 27.69ms (=1/36)
69.7143 	WARNING 	t of last frame was 23.81ms (=1/41)
69.7407 	WARNING 	Multiple dropped frames have occurred - I'll stop bothering you about them!
72.0124 	WARNING 	Couldn't measure a consistent frame rate!
  - Is your graphics card set to sync to vertical blank?
  - Are you running other processes on your computer?

72.0128 	EXP 	window1: mouseVisible = False
72.0149 	EXP 	window1: mouseVisible = True
72.0156 	EXP 	window1: mouseVisible = True
72.0194 	EXP 	window1: mouseVisible = True
72.0236 	EXP 	window1: mouseVisible = True
72.1208 	DEBUG 	TextBox2 loaded 1 chars with 0 blanks and 1 valid
72.1292 	DEBUG 	TextBox2 loaded 1 chars with 0 blanks and 1 valid
72.1400 	DEBUG 	TextBox2 loaded 1 chars with 0 blanks and 1 valid
72.1533 	DEBUG 	TextBox2 loaded 1 chars with 0 blanks and 1 valid
72.1646 	DEBUG 	TextBox2 loaded 1 chars with 0 blanks and 1 valid
72.1758 	DEBUG 	TextBox2 loaded 1 chars with 0 blanks and 1 valid
72.1824 	DEBUG 	TextBox2 loaded 1 chars with 0 blanks and 1 valid
72.1927 	DEBUG 	TextBox2 loaded 1 chars with 0 blanks and 1 valid
72.2034 	DEBUG 	TextBox2 loaded 1 chars with 0 blanks and 1 valid
72.2133 	DEBUG 	TextBox2 loaded 1 chars with 0 blanks and 1 valid
72.2145 	DEBUG 	Uploading Texture Font fontname to graphics card
72.2418 	DEBUG 	Upload of Texture Font fontname complete
72.2462 	EXP 	window1: mouseVisible = True
72.2466 	EXP 	window1: mouseVisible = True
72.2483 	EXP 	window1: mouseVisible = True
72.2501 	EXP 	window1: mouseVisible = True
72.6082 	WARNING 	launchHubServer: If using the iohub mouse or eyetracker devices, fullScr should be True.
95.9226 	INFO 	keyboard.Keyboard is using iohub backend.
95.9228 	EXP 	ArchivoPrueba: status = STARTED
95.9241 	EXP 	window1: mouseVisible = True
96.9521 	EXP 	Created introducción = TextStim(__class__=<class 'psychopy.visual.text.TextStim'>, alignHoriz=method-wrapper(...), alignText='center', alignVert=method-wrapper(...), anchorHoriz='center', anchorVert='center', antialias=True, autoDraw=False, autoLog=True, bold=False, color=array([1., 1., 1.]), colorSpace='rgb', contrast=1.0, depth=0.0, draggable=False, flipHoriz=False, flipVert=False, font='Open Sans', fontFiles=[], height=0.05, italic=False, languageStyle='LTR', name='introducción', opacity=1.0, ori=0.0, pos=array([0., 0.]), rgb=UNKNOWN, text=str(...), units='height', win=Window(...), wrapWidth=1)
96.9527 	EXP 	window1: mouseVisible = True
96.9533 	EXP 	window1: mouseVisible = True
96.9661 	EXP 	Created CondicionOn = TextStim(__class__=<class 'psychopy.visual.text.TextStim'>, alignHoriz=method-wrapper(...), alignText='center', alignVert=method-wrapper(...), anchorHoriz='center', anchorVert='center', antialias=True, autoDraw=False, autoLog=True, bold=False, color=array([1., 1., 1.]), colorSpace='rgb', contrast=1.0, depth=0.0, draggable=False, flipHoriz=False, flipVert=False, font='Open Sans', fontFiles=[], height=0.05, italic=False, languageStyle='LTR', name='CondicionOn', opacity=1.0, ori=0.0, pos=array([0., 0.]), rgb=UNKNOWN, text='', units='height', win=Window(...), wrapWidth=1)
96.9669 	EXP 	window1: mouseVisible = True
96.9831 	EXP 	Created CondicionOff = TextStim(__class__=<class 'psychopy.visual.text.TextStim'>, alignHoriz=method-wrapper(...), alignText='center', alignVert=method-wrapper(...), anchorHoriz='center', anchorVert='center', antialias=True, autoDraw=False, autoLog=True, bold=False, color=array([1., 1., 1.]), colorSpace='rgb', contrast=1.0, depth=0.0, draggable=False, flipHoriz=False, flipVert=False, font='Open Sans', fontFiles=[], height=0.1, italic=False, languageStyle='LTR', name='CondicionOff', opacity=1.0, ori=0.0, pos=array([0., 0.]), rgb=UNKNOWN, text='', units='height', win=Window(...), wrapWidth=1)
0.2016 	EXP 	introducción: autoDraw = True
8.5168 	DATA 	Mouse: Left button down, pos=(657,567)
8.5712 	DEBUG 	Read excel file with openpyxl: CondicionesExperimento.xlsx
8.5807 	EXP 	Imported CondicionesExperimento.xlsx as conditions, 20 conditions, 3 params
8.6168 	EXP 	Created sequence: sequential, trialTypes=20, nReps=1, seed=None
8.6177 	EXP 	New trial (rep=0, index=0): {'PreguntaOff': '¿Recuerda el recorrido que realiza desde su cama hasta la cocina de su residencia?', 'PreguntaOn': 1, 'Colors': 'green'}
8.6615 	EXP 	introducción: autoDraw = False
8.6615 	EXP 	CondicionOn: height = 0.05
8.6615 	EXP 	CondicionOn: height = 0.05
8.6615 	EXP 	CondicionOn: height = 0.05
8.6615 	EXP 	CondicionOn: text = 1
8.6615 	EXP 	CondicionOn: autoDraw = True
8.7531 	DATA 	Mouse:  Left button up, pos=(657,567)
23.1281 	DATA 	Keypress: escape
23.1812 	EXP 	ArchivoPrueba: status = STOPPED
23.2246 	EXP 	CondicionOn: autoDraw = False
23.2360 	EXP 	ArchivoPrueba: status = STOPPED
23.2469 	INFO 	saved data to 'C:\\Users\\andre\\Desktop\\Imagenes\\Gihub_andres_medina\\ImagenesMedicas\\Taller_unidad3\\data/261045_ArchivoPrueba_2024-04-28_18h55.46.509.csv'
23.2493 	INFO 	saved data to C:\Users\andre\Desktop\Imagenes\Gihub_andres_medina\ImagenesMedicas\Taller_unidad3\data/261045_ArchivoPrueba_2024-04-28_18h55.46.509.psydat
23.3802 	EXP 	window1: mouseVisible = True
25.1467 	DEBUG 	Saving data for ArchivoPrueba ExperimentHandler
