11.2952 	DEBUG 	Fullscreen settings ignored as running in pilot mode.
11.2967 	INFO 	Loaded monitor calibration from ['2024_04_12 16:30']
12.8980 	EXP 	Created window1 = Window(allowGUI=True, allowStencil=False, autoLog=True, backendConf=UNKNOWN, backgroundFit=<method-wrapper '__getattribute__' of attributeSetter object at 0x00000248C12A0550>, backgroundImage=<method-wrapper '__getattribute__' of attributeSetter object at 0x00000248C12A04F0>, bitsMode=UNKNOWN, blendMode='avg', bpc=(8, 8, 8), color=array([-1., -1., -1.]), colorSpace='rgb', depthBits=8, fullscr=<method-wrapper '__getattribute__' of attributeSetter object at 0x00000248C12A0340>, gamma=None, gammaErrorPolicy='raise', infoMsg=UNKNOWN, lms=UNKNOWN, monitor=<psychopy.monitors.calibTools.Monitor object at 0x00000248C1629910>, multiSample=False, name='window1', numSamples=2, pos=[192.0, 108.0], screen=0, size=array([1536,  864]), stencilBits=0, stereo=False, title='PsychoPy', units='height', useFBO=True, useRetina=False, viewOri=0.0, viewPos=None, viewScale=None, waitBlanking=True, winType='pyglet')
12.8982 	EXP 	window1: mouseVisible = True
12.8982 	EXP 	window1: backgroundImage = ''
12.8982 	EXP 	window1: backgroundFit = 'none'
12.8985 	EXP 	window1: mouseVisible = True
12.8990 	EXP 	window1: mouseVisible = True
12.9023 	EXP 	window1: mouseVisible = True
12.9034 	EXP 	window1: mouseVisible = True
12.9391 	DEBUG 	TextBox2 loaded 1 chars with 0 blanks and 1 valid
12.9442 	DEBUG 	TextBox2 loaded 1 chars with 0 blanks and 1 valid
12.9494 	DEBUG 	TextBox2 loaded 1 chars with 0 blanks and 1 valid
12.9539 	DEBUG 	TextBox2 loaded 1 chars with 0 blanks and 1 valid
12.9583 	DEBUG 	TextBox2 loaded 1 chars with 0 blanks and 1 valid
12.9611 	DEBUG 	TextBox2 loaded 1 chars with 0 blanks and 1 valid
12.9646 	DEBUG 	TextBox2 loaded 1 chars with 0 blanks and 1 valid
12.9698 	DEBUG 	TextBox2 loaded 1 chars with 0 blanks and 1 valid
12.9723 	DEBUG 	TextBox2 loaded 1 chars with 0 blanks and 1 valid
12.9749 	DEBUG 	TextBox2 loaded 1 chars with 0 blanks and 1 valid
12.9789 	DEBUG 	TextBox2 loaded 1 chars with 0 blanks and 1 valid
12.9832 	DEBUG 	TextBox2 loaded 1 chars with 0 blanks and 1 valid
12.9869 	DEBUG 	TextBox2 loaded 1 chars with 0 blanks and 1 valid
12.9915 	DEBUG 	TextBox2 loaded 1 chars with 0 blanks and 1 valid
12.9958 	DEBUG 	TextBox2 loaded 1 chars with 0 blanks and 1 valid
13.0014 	DEBUG 	TextBox2 loaded 1 chars with 0 blanks and 1 valid
13.0051 	DEBUG 	TextBox2 loaded 1 chars with 0 blanks and 1 valid
13.0081 	DEBUG 	TextBox2 loaded 1 chars with 0 blanks and 1 valid
13.0112 	DEBUG 	TextBox2 loaded 1 chars with 0 blanks and 1 valid
13.0162 	DEBUG 	TextBox2 loaded 1 chars with 0 blanks and 1 valid
13.0189 	DEBUG 	TextBox2 loaded 1 chars with 0 blanks and 1 valid
13.0194 	DEBUG 	Uploading Texture Font fontname to graphics card
13.0404 	DEBUG 	Upload of Texture Font fontname complete
13.0426 	EXP 	window1: mouseVisible = True
13.0429 	EXP 	window1: mouseVisible = True
13.0447 	EXP 	window1: mouseVisible = True
13.0462 	EXP 	window1: mouseVisible = True
13.0687 	DEBUG 	TextBox2 loaded 1 chars with 0 blanks and 1 valid
13.0741 	DEBUG 	TextBox2 loaded 1 chars with 0 blanks and 1 valid
13.0783 	DEBUG 	TextBox2 loaded 1 chars with 0 blanks and 1 valid
13.0787 	DEBUG 	Uploading Texture Font fontname to graphics card
13.0983 	DEBUG 	Upload of Texture Font fontname complete
13.1013 	EXP 	window1: Attempting to measure frame rate of screen (0) ...
13.1013 	EXP 	window1: recordFrameIntervals = False
13.2955 	EXP 	window1: recordFrameIntervals = True
13.4793 	EXP 	Screen (0) actual frame rate measured at 59.91Hz
13.4793 	EXP 	window1: recordFrameIntervals = False
13.4794 	EXP 	window1: mouseVisible = False
13.4802 	EXP 	window1: mouseVisible = True
13.4806 	EXP 	window1: mouseVisible = True
13.4816 	EXP 	window1: mouseVisible = True
13.4827 	EXP 	window1: mouseVisible = True
13.5023 	DEBUG 	TextBox2 loaded 1 chars with 0 blanks and 1 valid
13.5052 	DEBUG 	TextBox2 loaded 1 chars with 0 blanks and 1 valid
13.5093 	DEBUG 	TextBox2 loaded 1 chars with 0 blanks and 1 valid
13.5142 	DEBUG 	TextBox2 loaded 1 chars with 0 blanks and 1 valid
13.5185 	DEBUG 	TextBox2 loaded 1 chars with 0 blanks and 1 valid
13.5234 	DEBUG 	TextBox2 loaded 1 chars with 0 blanks and 1 valid
13.5264 	DEBUG 	TextBox2 loaded 1 chars with 0 blanks and 1 valid
13.5301 	DEBUG 	TextBox2 loaded 1 chars with 0 blanks and 1 valid
13.5344 	DEBUG 	TextBox2 loaded 1 chars with 0 blanks and 1 valid
13.5389 	DEBUG 	TextBox2 loaded 1 chars with 0 blanks and 1 valid
13.5394 	DEBUG 	Uploading Texture Font fontname to graphics card
13.5572 	DEBUG 	Upload of Texture Font fontname complete
13.5597 	EXP 	window1: mouseVisible = True
13.5599 	EXP 	window1: mouseVisible = True
13.5609 	EXP 	window1: mouseVisible = True
13.5619 	EXP 	window1: mouseVisible = True
13.6261 	WARNING 	launchHubServer: If using the iohub mouse or eyetracker devices, fullScr should be True.
17.9892 	INFO 	keyboard.Keyboard is using iohub backend.
17.9893 	EXP 	ArchivoPrueba: status = STARTED
17.9898 	EXP 	window1: mouseVisible = True
18.1124 	EXP 	Created introducción = TextStim(__class__=<class 'psychopy.visual.text.TextStim'>, alignHoriz=method-wrapper(...), alignText='center', alignVert=method-wrapper(...), anchorHoriz='center', anchorVert='center', antialias=True, autoDraw=False, autoLog=True, bold=False, color=array([1., 1., 1.]), colorSpace='rgb', contrast=1.0, depth=0.0, draggable=False, flipHoriz=False, flipVert=False, font='Open Sans', fontFiles=[], height=0.05, italic=False, languageStyle='LTR', name='introducción', opacity=1.0, ori=0.0, pos=array([0., 0.]), rgb=UNKNOWN, text=str(...), units='height', win=Window(...), wrapWidth=1)
18.1126 	EXP 	window1: mouseVisible = True
18.1128 	EXP 	window1: mouseVisible = True
18.1149 	EXP 	Created CondicionOn = TextStim(__class__=<class 'psychopy.visual.text.TextStim'>, alignHoriz=method-wrapper(...), alignText='center', alignVert=method-wrapper(...), anchorHoriz='center', anchorVert='center', antialias=True, autoDraw=False, autoLog=True, bold=False, color=array([1., 1., 1.]), colorSpace='rgb', contrast=1.0, depth=0.0, draggable=False, flipHoriz=False, flipVert=False, font='Open Sans', fontFiles=[], height=0.05, italic=False, languageStyle='LTR', name='CondicionOn', opacity=1.0, ori=0.0, pos=array([0., 0.]), rgb=UNKNOWN, text='', units='height', win=Window(...), wrapWidth=1)
18.1151 	EXP 	window1: mouseVisible = True
18.1185 	EXP 	Created CondicionOff = TextStim(__class__=<class 'psychopy.visual.text.TextStim'>, alignHoriz=method-wrapper(...), alignText='center', alignVert=method-wrapper(...), anchorHoriz='center', anchorVert='center', antialias=True, autoDraw=False, autoLog=True, bold=False, color=array([1., 1., 1.]), colorSpace='rgb', contrast=1.0, depth=0.0, draggable=False, flipHoriz=False, flipVert=False, font='Open Sans', fontFiles=[], height=0.1, italic=False, languageStyle='LTR', name='CondicionOff', opacity=1.0, ori=0.0, pos=array([0., 0.]), rgb=UNKNOWN, text='', units='height', win=Window(...), wrapWidth=1)
18.1187 	EXP 	window1: mouseVisible = True
18.1422 	EXP 	Created text = TextStim(__class__=<class 'psychopy.visual.text.TextStim'>, alignHoriz=method-wrapper(...), alignText='center', alignVert=method-wrapper(...), anchorHoriz='center', anchorVert='center', antialias=True, autoDraw=False, autoLog=True, bold=False, color=array([1., 1., 1.]), colorSpace='rgb', contrast=1.0, depth=0.0, draggable=False, flipHoriz=False, flipVert=False, font='Open Sans', fontFiles=[], height=0.05, italic=False, languageStyle='LTR', name='text', opacity=1.0, ori=0.0, pos=array([0., 0.]), rgb=UNKNOWN, text=str(...), units='height', win=Window(...), wrapWidth=1)
18.1424 	EXP 	window1: mouseVisible = True
18.1444 	EXP 	Created text_2 = TextStim(__class__=<class 'psychopy.visual.text.TextStim'>, alignHoriz=method-wrapper(...), alignText='center', alignVert=method-wrapper(...), anchorHoriz='center', anchorVert='center', antialias=True, autoDraw=False, autoLog=True, bold=False, color=array([1., 1., 1.]), colorSpace='rgb', contrast=1.0, depth=0.0, draggable=False, flipHoriz=False, flipVert=False, font='Open Sans', fontFiles=[], height=0.05, italic=False, languageStyle='LTR', name='text_2', opacity=1.0, ori=0.0, pos=array([0., 0.]), rgb=UNKNOWN, text='', units='height', win=Window(...), wrapWidth=1)
0.0468 	EXP 	introducción: autoDraw = True
2.8356 	DATA 	Mouse: Left button down, pos=(668,567)
2.8638 	EXP 	introducción: autoDraw = False
2.8638 	EXP 	CondicionOn: height = 0.05
2.8638 	EXP 	CondicionOn: height = 0.05
2.8638 	EXP 	CondicionOn: height = 0.05
2.8638 	EXP 	CondicionOn: text = '¿Recuerda el recorrido que realiza desde su cama hasta la cocina de su residencia?\n'
2.8638 	EXP 	CondicionOn: autoDraw = True
3.0695 	DATA 	Mouse:  Left button up, pos=(668,567)
18.2429 	EXP 	ArchivoPrueba: status = STOPPED
18.2637 	EXP 	CondicionOn: autoDraw = False
18.2675 	EXP 	ArchivoPrueba: status = STOPPED
18.2728 	INFO 	saved data to 'C:\\Users\\andre\\Desktop\\Imagenes\\Gihub_andres_medina\\ImagenesMedicas\\Taller_unidad3\\data/434312_ArchivoPrueba_2024-04-30_17h30.54.080.csv'
18.2740 	INFO 	saved data to C:\Users\andre\Desktop\Imagenes\Gihub_andres_medina\ImagenesMedicas\Taller_unidad3\data/434312_ArchivoPrueba_2024-04-30_17h30.54.080.psydat
18.3050 	EXP 	window1: mouseVisible = True
18.9458 	DEBUG 	Saving data for ArchivoPrueba ExperimentHandler
