9.6322 	DEBUG 	Fullscreen settings ignored as running in pilot mode.
9.6336 	INFO 	Loaded monitor calibration from ['2024_04_12 16:30']
10.9879 	EXP 	Created window1 = Window(allowGUI=True, allowStencil=False, autoLog=True, backendConf=UNKNOWN, backgroundFit=<method-wrapper '__getattribute__' of attributeSetter object at 0x000001E16AEFD8E0>, backgroundImage=<method-wrapper '__getattribute__' of attributeSetter object at 0x000001E16AEFD880>, bitsMode=UNKNOWN, blendMode='avg', bpc=(8, 8, 8), color=array([0, 0, 0]), colorSpace='rgb', depthBits=8, fullscr=<method-wrapper '__getattribute__' of attributeSetter object at 0x000001E16AEFD6D0>, gamma=None, gammaErrorPolicy='raise', infoMsg=UNKNOWN, lms=UNKNOWN, monitor=<psychopy.monitors.calibTools.Monitor object at 0x000001E16B235CA0>, multiSample=False, name='window1', numSamples=2, pos=[448.0, 156.0], screen=0, size=array([1024,  768]), stencilBits=0, stereo=False, title='PsychoPy', units='height', useFBO=True, useRetina=False, viewOri=0.0, viewPos=None, viewScale=None, waitBlanking=True, winType='pyglet')
10.9881 	EXP 	window1: mouseVisible = True
10.9882 	EXP 	window1: backgroundImage = ''
10.9882 	EXP 	window1: backgroundFit = 'none'
10.9885 	EXP 	window1: mouseVisible = True
10.9888 	EXP 	window1: mouseVisible = True
10.9915 	EXP 	window1: mouseVisible = True
10.9927 	EXP 	window1: mouseVisible = True
11.0145 	DEBUG 	TextBox2 loaded 1 chars with 0 blanks and 1 valid
11.0177 	DEBUG 	TextBox2 loaded 1 chars with 0 blanks and 1 valid
11.0216 	DEBUG 	TextBox2 loaded 1 chars with 0 blanks and 1 valid
11.0256 	DEBUG 	TextBox2 loaded 1 chars with 0 blanks and 1 valid
11.0295 	DEBUG 	TextBox2 loaded 1 chars with 0 blanks and 1 valid
11.0323 	DEBUG 	TextBox2 loaded 1 chars with 0 blanks and 1 valid
11.0359 	DEBUG 	TextBox2 loaded 1 chars with 0 blanks and 1 valid
11.0399 	DEBUG 	TextBox2 loaded 1 chars with 0 blanks and 1 valid
11.0423 	DEBUG 	TextBox2 loaded 1 chars with 0 blanks and 1 valid
11.0447 	DEBUG 	TextBox2 loaded 1 chars with 0 blanks and 1 valid
11.0480 	DEBUG 	TextBox2 loaded 1 chars with 0 blanks and 1 valid
11.0514 	DEBUG 	TextBox2 loaded 1 chars with 0 blanks and 1 valid
11.0548 	DEBUG 	TextBox2 loaded 1 chars with 0 blanks and 1 valid
11.0582 	DEBUG 	TextBox2 loaded 1 chars with 0 blanks and 1 valid
11.0615 	DEBUG 	TextBox2 loaded 1 chars with 0 blanks and 1 valid
11.0653 	DEBUG 	TextBox2 loaded 1 chars with 0 blanks and 1 valid
11.0687 	DEBUG 	TextBox2 loaded 1 chars with 0 blanks and 1 valid
11.0715 	DEBUG 	TextBox2 loaded 1 chars with 0 blanks and 1 valid
11.0743 	DEBUG 	TextBox2 loaded 1 chars with 0 blanks and 1 valid
11.0783 	DEBUG 	TextBox2 loaded 1 chars with 0 blanks and 1 valid
11.0809 	DEBUG 	TextBox2 loaded 1 chars with 0 blanks and 1 valid
11.0814 	DEBUG 	Uploading Texture Font fontname to graphics card
11.1013 	DEBUG 	Upload of Texture Font fontname complete
11.1040 	EXP 	window1: mouseVisible = True
11.1042 	EXP 	window1: mouseVisible = True
11.1053 	EXP 	window1: mouseVisible = True
11.1063 	EXP 	window1: mouseVisible = True
11.1274 	DEBUG 	TextBox2 loaded 1 chars with 0 blanks and 1 valid
11.1313 	DEBUG 	TextBox2 loaded 1 chars with 0 blanks and 1 valid
11.1353 	DEBUG 	TextBox2 loaded 1 chars with 0 blanks and 1 valid
11.1360 	DEBUG 	Uploading Texture Font fontname to graphics card
11.1537 	DEBUG 	Upload of Texture Font fontname complete
11.1568 	EXP 	window1: Attempting to measure frame rate of screen (0) ...
11.1568 	EXP 	window1: recordFrameIntervals = False
11.3407 	EXP 	window1: recordFrameIntervals = True
11.5241 	EXP 	Screen (0) actual frame rate measured at 59.97Hz
11.5241 	EXP 	window1: recordFrameIntervals = False
11.5242 	EXP 	window1: mouseVisible = False
11.5249 	EXP 	window1: mouseVisible = True
11.5252 	EXP 	window1: mouseVisible = True
11.5266 	EXP 	window1: mouseVisible = True
11.5276 	EXP 	window1: mouseVisible = True
11.5484 	DEBUG 	TextBox2 loaded 1 chars with 0 blanks and 1 valid
11.5511 	DEBUG 	TextBox2 loaded 1 chars with 0 blanks and 1 valid
11.5548 	DEBUG 	TextBox2 loaded 1 chars with 0 blanks and 1 valid
11.5593 	DEBUG 	TextBox2 loaded 1 chars with 0 blanks and 1 valid
11.5637 	DEBUG 	TextBox2 loaded 1 chars with 0 blanks and 1 valid
11.5678 	DEBUG 	TextBox2 loaded 1 chars with 0 blanks and 1 valid
11.5709 	DEBUG 	TextBox2 loaded 1 chars with 0 blanks and 1 valid
11.5747 	DEBUG 	TextBox2 loaded 1 chars with 0 blanks and 1 valid
11.5789 	DEBUG 	TextBox2 loaded 1 chars with 0 blanks and 1 valid
11.5828 	DEBUG 	TextBox2 loaded 1 chars with 0 blanks and 1 valid
11.5833 	DEBUG 	Uploading Texture Font fontname to graphics card
11.6014 	DEBUG 	Upload of Texture Font fontname complete
11.6041 	EXP 	window1: mouseVisible = True
11.6043 	EXP 	window1: mouseVisible = True
11.6052 	EXP 	window1: mouseVisible = True
11.6063 	EXP 	window1: mouseVisible = True
11.6720 	WARNING 	launchHubServer: If using the iohub mouse or eyetracker devices, fullScr should be True.
15.6260 	INFO 	keyboard.Keyboard is using iohub backend.
15.6260 	EXP 	ArchivoPrueba: status = STARTED
15.6264 	EXP 	window1: mouseVisible = True
15.7507 	EXP 	Created introducción = TextStim(__class__=<class 'psychopy.visual.text.TextStim'>, alignHoriz=method-wrapper(...), alignText='center', alignVert=method-wrapper(...), anchorHoriz='center', anchorVert='center', antialias=True, autoDraw=False, autoLog=True, bold=False, color=array([1., 1., 1.]), colorSpace='rgb', contrast=1.0, depth=0.0, draggable=False, flipHoriz=False, flipVert=False, font='Open Sans', fontFiles=[], height=0.05000000000000001, italic=False, languageStyle='LTR', name='introducción', opacity=1.0, ori=0.0, pos=array([0., 0.]), rgb=UNKNOWN, text=str(...), units='height', win=Window(...), wrapWidth=1)
15.7509 	EXP 	window1: mouseVisible = True
15.7510 	EXP 	window1: mouseVisible = True
15.7529 	EXP 	Created InicioConteo = TextStim(__class__=<class 'psychopy.visual.text.TextStim'>, alignHoriz=method-wrapper(...), alignText='center', alignVert=method-wrapper(...), anchorHoriz='center', anchorVert='center', antialias=True, autoDraw=False, autoLog=True, bold=False, color=array([1., 1., 1.]), colorSpace='rgb', contrast=1.0, depth=0.0, draggable=False, flipHoriz=False, flipVert=False, font='Open Sans', fontFiles=[], height=0.05, italic=False, languageStyle='LTR', name='InicioConteo', opacity=1.0, ori=0.0, pos=array([0., 0.]), rgb=UNKNOWN, text='', units='height', win=Window(...), wrapWidth=1)
15.7530 	EXP 	window1: mouseVisible = True
15.7548 	EXP 	Created CondicionOff = TextStim(__class__=<class 'psychopy.visual.text.TextStim'>, alignHoriz=method-wrapper(...), alignText='center', alignVert=method-wrapper(...), anchorHoriz='center', anchorVert='center', antialias=True, autoDraw=False, autoLog=True, bold=False, color=array([1., 1., 1.]), colorSpace='rgb', contrast=1.0, depth=0.0, draggable=False, flipHoriz=False, flipVert=False, font='Open Sans', fontFiles=[], height=0.05, italic=False, languageStyle='LTR', name='CondicionOff', opacity=1.0, ori=0.0, pos=array([0., 0.]), rgb=UNKNOWN, text='', units='height', win=Window(...), wrapWidth=1)
15.7549 	EXP 	window1: mouseVisible = True
15.7580 	EXP 	Created CondicionOn = TextStim(__class__=<class 'psychopy.visual.text.TextStim'>, alignHoriz=method-wrapper(...), alignText='center', alignVert=method-wrapper(...), anchorHoriz='center', anchorVert='center', antialias=True, autoDraw=False, autoLog=True, bold=False, color=array([1., 1., 1.]), colorSpace='rgb', contrast=1.0, depth=0.0, draggable=False, flipHoriz=False, flipVert=False, font='Open Sans', fontFiles=[], height=0.1, italic=False, languageStyle='LTR', name='CondicionOn', opacity=1.0, ori=0.0, pos=array([0., 0.]), rgb=UNKNOWN, text='', units='height', win=Window(...), wrapWidth=1)
0.0435 	EXP 	introducción: autoDraw = True
1.3000 	DATA 	Mouse: Left button down, pos=(452,483)
1.3094 	DEBUG 	Read excel file with openpyxl: CondicionesExperimento.xlsx
1.3113 	EXP 	Imported CondicionesExperimento.xlsx as conditions, 20 conditions, 4 params
1.3119 	EXP 	Created sequence: sequential, trialTypes=20, nReps=3, seed=None
1.3122 	EXP 	New trial (rep=0, index=0): {'PreguntaOff': '¿Puede recordar el recorrido que realiza desde su cama hasta la cocina de su residencia?', 'PreguntaOn': 1, 'Colors': 'green', 'Conteo': 'Comenzamos en : 1'}
1.3423 	EXP 	introducción: autoDraw = False
1.3423 	EXP 	InicioConteo: height = 0.05000000000000001
1.3423 	EXP 	InicioConteo: height = 0.05000000000000001
1.3423 	EXP 	InicioConteo: height = 0.05000000000000001
1.3423 	EXP 	InicioConteo: text = 'Comenzamos en : 1'
1.3423 	EXP 	InicioConteo: autoDraw = True
1.5179 	DATA 	Mouse:  Left button up, pos=(452,483)
2.3154 	EXP 	New trial (rep=0, index=1): {'PreguntaOff': '¿Recuerda el trayecto que hace desde su casa hasta su lugar de trabajo?', 'PreguntaOn': 3, 'Colors': 'red', 'Conteo': 'Comenzamos en : 2'}
2.3416 	EXP 	InicioConteo: autoDraw = False
2.3416 	EXP 	InicioConteo: height = 0.05000000000000001
2.3416 	EXP 	InicioConteo: height = 0.05000000000000001
2.3416 	EXP 	InicioConteo: height = 0.05000000000000001
2.3416 	EXP 	InicioConteo: text = 'Comenzamos en : 2'
2.3416 	EXP 	InicioConteo: autoDraw = True
3.3149 	EXP 	New trial (rep=0, index=2): {'PreguntaOff': '¿Hay algún inconveniente que recuerde haber experimentado en el camino de su residencia a su lugar de trabajo?', 'PreguntaOn': 5, 'Colors': 'white', 'Conteo': 'Comenzamos en : 3'}
3.3405 	EXP 	InicioConteo: autoDraw = False
3.3405 	EXP 	InicioConteo: height = 0.05000000000000001
3.3405 	EXP 	InicioConteo: height = 0.05000000000000001
3.3405 	EXP 	InicioConteo: height = 0.05000000000000001
3.3405 	EXP 	InicioConteo: text = 'Comenzamos en : 3'
3.3405 	EXP 	InicioConteo: autoDraw = True
4.3138 	EXP 	New trial (rep=0, index=3): {'PreguntaOff': '¿recuerda si hay algún lugar u objeto en su camino hacia el trabajo que le llame la atención?', 'PreguntaOn': 7, 'Colors': 'blue', 'Conteo': None}
4.3263 	EXP 	InicioConteo: autoDraw = False
4.3263 	EXP 	InicioConteo: height = 0.05000000000000001
4.3263 	EXP 	InicioConteo: height = 0.05000000000000001
4.3263 	EXP 	InicioConteo: height = 0.05000000000000001
4.3263 	EXP 	InicioConteo: text = 'Comenzamos en : 3'
4.3263 	EXP 	InicioConteo: autoDraw = True
5.0987 	DATA 	Mouse: Left button down, pos=(452,483)
5.3129 	EXP 	New trial (rep=0, index=4): {'PreguntaOff': ' ¿Puede recordar el recorrido desde la entrada de su lugar de trabajo hasta su oficina, donde realiza sus funciones?', 'PreguntaOn': 9, 'Colors': 'yellow', 'Conteo': None}
5.3256 	EXP 	InicioConteo: autoDraw = False
5.3256 	EXP 	InicioConteo: height = 0.05000000000000001
5.3256 	EXP 	InicioConteo: height = 0.05000000000000001
5.3256 	EXP 	InicioConteo: height = 0.05000000000000001
5.3256 	EXP 	InicioConteo: text = 'Comenzamos en : 3'
5.3256 	EXP 	InicioConteo: autoDraw = True
5.3311 	DATA 	Mouse:  Left button up, pos=(452,483)
6.3126 	EXP 	New trial (rep=0, index=5): {'PreguntaOff': '¿Recuerda alguna actividad que realice durante los viajes de regreso a casa desde el trabajo para relajarse?', 'PreguntaOn': 11, 'Colors': 'orange', 'Conteo': None}
6.3416 	EXP 	InicioConteo: autoDraw = False
6.3416 	EXP 	InicioConteo: height = 0.05000000000000001
6.3416 	EXP 	InicioConteo: height = 0.05000000000000001
6.3416 	EXP 	InicioConteo: height = 0.05000000000000001
6.3416 	EXP 	InicioConteo: text = 'Comenzamos en : 3'
6.3416 	EXP 	InicioConteo: autoDraw = True
7.0513 	DATA 	Keypress: escape
7.1612 	EXP 	ArchivoPrueba: status = STOPPED
7.1738 	EXP 	InicioConteo: autoDraw = False
7.1775 	EXP 	ArchivoPrueba: status = STOPPED
7.2097 	INFO 	saved data to 'C:\\Users\\andre\\Desktop\\Imagenes\\Taller_unidad3\\data/798780_ArchivoPrueba_2024-04-28_11h21.40.577.csv'
7.2115 	INFO 	saved data to C:\Users\andre\Desktop\Imagenes\Taller_unidad3\data/798780_ArchivoPrueba_2024-04-28_11h21.40.577.psydat
7.2674 	EXP 	window1: mouseVisible = True
7.9647 	DEBUG 	Saving data for ArchivoPrueba ExperimentHandler
