12.8515 	DEBUG 	Fullscreen settings ignored as running in pilot mode.
12.8529 	INFO 	Loaded monitor calibration from ['2024_04_12 16:30']
14.1828 	EXP 	Created window1 = Window(allowGUI=True, allowStencil=False, autoLog=True, backendConf=UNKNOWN, backgroundFit=<method-wrapper '__getattribute__' of attributeSetter object at 0x000002084DDAD940>, backgroundImage=<method-wrapper '__getattribute__' of attributeSetter object at 0x000002084DDAD8E0>, bitsMode=UNKNOWN, blendMode='avg', bpc=(8, 8, 8), color=array([0, 0, 0]), colorSpace='rgb', depthBits=8, fullscr=<method-wrapper '__getattribute__' of attributeSetter object at 0x000002084DDAD730>, gamma=None, gammaErrorPolicy='raise', infoMsg=UNKNOWN, lms=UNKNOWN, monitor=<psychopy.monitors.calibTools.Monitor object at 0x000002084E135D00>, multiSample=False, name='window1', numSamples=2, pos=[448.0, 156.0], screen=0, size=array([1024,  768]), stencilBits=0, stereo=False, title='PsychoPy', units='height', useFBO=True, useRetina=False, viewOri=0.0, viewPos=None, viewScale=None, waitBlanking=True, winType='pyglet')
14.1830 	EXP 	window1: mouseVisible = True
14.1830 	EXP 	window1: backgroundImage = ''
14.1830 	EXP 	window1: backgroundFit = 'none'
14.1832 	EXP 	window1: mouseVisible = True
14.1836 	EXP 	window1: mouseVisible = True
14.1863 	EXP 	window1: mouseVisible = True
14.1874 	EXP 	window1: mouseVisible = True
14.2083 	DEBUG 	TextBox2 loaded 1 chars with 0 blanks and 1 valid
14.2114 	DEBUG 	TextBox2 loaded 1 chars with 0 blanks and 1 valid
14.2150 	DEBUG 	TextBox2 loaded 1 chars with 0 blanks and 1 valid
14.2192 	DEBUG 	TextBox2 loaded 1 chars with 0 blanks and 1 valid
14.2230 	DEBUG 	TextBox2 loaded 1 chars with 0 blanks and 1 valid
14.2256 	DEBUG 	TextBox2 loaded 1 chars with 0 blanks and 1 valid
14.2289 	DEBUG 	TextBox2 loaded 1 chars with 0 blanks and 1 valid
14.2335 	DEBUG 	TextBox2 loaded 1 chars with 0 blanks and 1 valid
14.2358 	DEBUG 	TextBox2 loaded 1 chars with 0 blanks and 1 valid
14.2381 	DEBUG 	TextBox2 loaded 1 chars with 0 blanks and 1 valid
14.2415 	DEBUG 	TextBox2 loaded 1 chars with 0 blanks and 1 valid
14.2447 	DEBUG 	TextBox2 loaded 1 chars with 0 blanks and 1 valid
14.2478 	DEBUG 	TextBox2 loaded 1 chars with 0 blanks and 1 valid
14.2514 	DEBUG 	TextBox2 loaded 1 chars with 0 blanks and 1 valid
14.2544 	DEBUG 	TextBox2 loaded 1 chars with 0 blanks and 1 valid
14.2578 	DEBUG 	TextBox2 loaded 1 chars with 0 blanks and 1 valid
14.2612 	DEBUG 	TextBox2 loaded 1 chars with 0 blanks and 1 valid
14.2639 	DEBUG 	TextBox2 loaded 1 chars with 0 blanks and 1 valid
14.2668 	DEBUG 	TextBox2 loaded 1 chars with 0 blanks and 1 valid
14.2708 	DEBUG 	TextBox2 loaded 1 chars with 0 blanks and 1 valid
14.2732 	DEBUG 	TextBox2 loaded 1 chars with 0 blanks and 1 valid
14.2736 	DEBUG 	Uploading Texture Font fontname to graphics card
14.2910 	DEBUG 	Upload of Texture Font fontname complete
14.2944 	EXP 	window1: mouseVisible = True
14.2948 	EXP 	window1: mouseVisible = True
14.2960 	EXP 	window1: mouseVisible = True
14.2970 	EXP 	window1: mouseVisible = True
14.3180 	DEBUG 	TextBox2 loaded 1 chars with 0 blanks and 1 valid
14.3219 	DEBUG 	TextBox2 loaded 1 chars with 0 blanks and 1 valid
14.3259 	DEBUG 	TextBox2 loaded 1 chars with 0 blanks and 1 valid
14.3263 	DEBUG 	Uploading Texture Font fontname to graphics card
14.3450 	DEBUG 	Upload of Texture Font fontname complete
14.3491 	EXP 	window1: Attempting to measure frame rate of screen (0) ...
14.3491 	EXP 	window1: recordFrameIntervals = False
14.5370 	EXP 	window1: recordFrameIntervals = True
14.7202 	EXP 	Screen (0) actual frame rate measured at 60.06Hz
14.7202 	EXP 	window1: recordFrameIntervals = False
14.7204 	EXP 	window1: mouseVisible = False
14.7211 	EXP 	window1: mouseVisible = True
14.7214 	EXP 	window1: mouseVisible = True
14.7224 	EXP 	window1: mouseVisible = True
14.7233 	EXP 	window1: mouseVisible = True
14.7423 	DEBUG 	TextBox2 loaded 1 chars with 0 blanks and 1 valid
14.7451 	DEBUG 	TextBox2 loaded 1 chars with 0 blanks and 1 valid
14.7486 	DEBUG 	TextBox2 loaded 1 chars with 0 blanks and 1 valid
14.7527 	DEBUG 	TextBox2 loaded 1 chars with 0 blanks and 1 valid
14.7567 	DEBUG 	TextBox2 loaded 1 chars with 0 blanks and 1 valid
14.7608 	DEBUG 	TextBox2 loaded 1 chars with 0 blanks and 1 valid
14.7634 	DEBUG 	TextBox2 loaded 1 chars with 0 blanks and 1 valid
14.7673 	DEBUG 	TextBox2 loaded 1 chars with 0 blanks and 1 valid
14.7713 	DEBUG 	TextBox2 loaded 1 chars with 0 blanks and 1 valid
14.7752 	DEBUG 	TextBox2 loaded 1 chars with 0 blanks and 1 valid
14.7758 	DEBUG 	Uploading Texture Font fontname to graphics card
14.7945 	DEBUG 	Upload of Texture Font fontname complete
14.7971 	EXP 	window1: mouseVisible = True
14.7974 	EXP 	window1: mouseVisible = True
14.7984 	EXP 	window1: mouseVisible = True
14.7994 	EXP 	window1: mouseVisible = True
14.8636 	WARNING 	launchHubServer: If using the iohub mouse or eyetracker devices, fullScr should be True.
18.7049 	INFO 	keyboard.Keyboard is using iohub backend.
18.7049 	INFO 	keyboard.Keyboard is using iohub backend.
18.7050 	INFO 	keyboard.Keyboard is using iohub backend.
18.7051 	EXP 	ArchivoPrueba: status = STARTED
18.7057 	EXP 	window1: mouseVisible = True
18.8298 	EXP 	Created introducción = TextStim(__class__=<class 'psychopy.visual.text.TextStim'>, alignHoriz=method-wrapper(...), alignText='center', alignVert=method-wrapper(...), anchorHoriz='center', anchorVert='center', antialias=True, autoDraw=False, autoLog=True, bold=False, color=array([1., 1., 1.]), colorSpace='rgb', contrast=1.0, depth=0.0, draggable=False, flipHoriz=False, flipVert=False, font='Open Sans', fontFiles=[], height=0.05000000000000001, italic=False, languageStyle='LTR', name='introducción', opacity=1.0, ori=0.0, pos=array([0., 0.]), rgb=UNKNOWN, text=str(...), units='height', win=Window(...), wrapWidth=1)
18.8299 	EXP 	window1: mouseVisible = True
18.8300 	EXP 	window1: mouseVisible = True
18.8319 	EXP 	Created CondicionOff = TextStim(__class__=<class 'psychopy.visual.text.TextStim'>, alignHoriz=method-wrapper(...), alignText='center', alignVert=method-wrapper(...), anchorHoriz='center', anchorVert='center', antialias=True, autoDraw=False, autoLog=True, bold=False, color=array([1., 1., 1.]), colorSpace='rgb', contrast=1.0, depth=0.0, draggable=False, flipHoriz=False, flipVert=False, font='Open Sans', fontFiles=[], height=0.05, italic=False, languageStyle='LTR', name='CondicionOff', opacity=1.0, ori=0.0, pos=array([0., 0.]), rgb=UNKNOWN, text='', units='height', win=Window(...), wrapWidth=1)
18.8320 	EXP 	window1: mouseVisible = True
18.8353 	EXP 	Created CondicionOn = TextStim(__class__=<class 'psychopy.visual.text.TextStim'>, alignHoriz=method-wrapper(...), alignText='center', alignVert=method-wrapper(...), anchorHoriz='center', anchorVert='center', antialias=True, autoDraw=False, autoLog=True, bold=False, color=array([1., 1., 1.]), colorSpace='rgb', contrast=1.0, depth=0.0, draggable=False, flipHoriz=False, flipVert=False, font='Open Sans', fontFiles=[], height=0.1, italic=False, languageStyle='LTR', name='CondicionOn', opacity=1.0, ori=0.0, pos=array([0., 0.]), rgb=UNKNOWN, text='', units='height', win=Window(...), wrapWidth=1)
18.8355 	EXP 	window1: mouseVisible = True
18.8373 	EXP 	Created FinPrueba = TextStim(__class__=<class 'psychopy.visual.text.TextStim'>, alignHoriz=method-wrapper(...), alignText='center', alignVert=method-wrapper(...), anchorHoriz='center', anchorVert='center', antialias=True, autoDraw=False, autoLog=True, bold=False, color=array([1., 1., 1.]), colorSpace='rgb', contrast=1.0, depth=0.0, draggable=False, flipHoriz=False, flipVert=False, font='Open Sans', fontFiles=[], height=0.05, italic=False, languageStyle='LTR', name='FinPrueba', opacity=1.0, ori=0.0, pos=array([0., 0.]), rgb=UNKNOWN, text='', units='height', win=Window(...), wrapWidth=1)
0.0491 	EXP 	introducción: autoDraw = True
1.6006 	DATA 	Mouse: Left button down, pos=(403,510)
1.6099 	DEBUG 	Read excel file with openpyxl: CondicionesExperimento.xlsx
1.6117 	EXP 	Imported CondicionesExperimento.xlsx as conditions, 20 conditions, 3 params
1.6124 	EXP 	Created sequence: sequential, trialTypes=20, nReps=1, seed=None
1.6127 	EXP 	New trial (rep=0, index=0): {'PreguntaOff': '¿Recuerda el recorrido que realiza desde su cama hasta la cocina de su residencia?', 'PreguntaOn': 1, 'Colors': 'green'}
1.6424 	INFO 	Keyboard events cleared
1.6417 	EXP 	introducción: autoDraw = False
1.6417 	EXP 	CondicionOff: height = 0.05000000000000001
1.6417 	EXP 	CondicionOff: height = 0.05000000000000001
1.6417 	EXP 	CondicionOff: height = 0.05000000000000001
1.6417 	EXP 	CondicionOff: text = '¿Recuerda el recorrido que realiza desde su cama hasta la cocina de su residencia?'
1.6417 	EXP 	CondicionOff: autoDraw = True
1.8196 	DATA 	Mouse:  Left button up, pos=(403,510)
2.6452 	EXP 	CondicionOff: autoDraw = False
20.3219 	DATA 	Keypress: escape
20.5493 	EXP 	ArchivoPrueba: status = STOPPED
20.5649 	EXP 	ArchivoPrueba: status = STOPPED
20.5711 	INFO 	saved data to 'C:\\Users\\andre\\Desktop\\Imagenes\\Taller_unidad3\\data/090828_ArchivoPrueba_2024-04-28_12h12.29.278.csv'
20.5729 	INFO 	saved data to C:\Users\andre\Desktop\Imagenes\Taller_unidad3\data/090828_ArchivoPrueba_2024-04-28_12h12.29.278.psydat
20.6549 	EXP 	window1: mouseVisible = True
20.9355 	DEBUG 	Saving data for ArchivoPrueba ExperimentHandler
