11.0699 	DEBUG 	Fullscreen settings ignored as running in pilot mode.
11.0715 	INFO 	Loaded monitor calibration from ['2024_04_12 16:30']
12.3580 	EXP 	Created window1 = Window(allowGUI=True, allowStencil=False, autoLog=True, backendConf=UNKNOWN, backgroundFit=<method-wrapper '__getattribute__' of attributeSetter object at 0x000002621596F310>, backgroundImage=<method-wrapper '__getattribute__' of attributeSetter object at 0x000002621596F2B0>, bitsMode=UNKNOWN, blendMode='avg', bpc=(8, 8, 8), color=array([0, 0, 0]), colorSpace='rgb', depthBits=8, fullscr=<method-wrapper '__getattribute__' of attributeSetter object at 0x000002621596F100>, gamma=None, gammaErrorPolicy='raise', infoMsg=UNKNOWN, lms=UNKNOWN, monitor=<psychopy.monitors.calibTools.Monitor object at 0x0000026215CF36D0>, multiSample=False, name='window1', numSamples=2, pos=[448.0, 156.0], screen=0, size=array([1024,  768]), stencilBits=0, stereo=False, title='PsychoPy', units='height', useFBO=True, useRetina=False, viewOri=0.0, viewPos=None, viewScale=None, waitBlanking=True, winType='pyglet')
12.3582 	EXP 	window1: mouseVisible = True
12.3582 	EXP 	window1: backgroundImage = ''
12.3582 	EXP 	window1: backgroundFit = 'none'
12.3585 	EXP 	window1: mouseVisible = True
12.3589 	EXP 	window1: mouseVisible = True
12.3625 	EXP 	window1: mouseVisible = True
12.3634 	EXP 	window1: mouseVisible = True
12.3837 	DEBUG 	TextBox2 loaded 1 chars with 0 blanks and 1 valid
12.3867 	DEBUG 	TextBox2 loaded 1 chars with 0 blanks and 1 valid
12.3901 	DEBUG 	TextBox2 loaded 1 chars with 0 blanks and 1 valid
12.3942 	DEBUG 	TextBox2 loaded 1 chars with 0 blanks and 1 valid
12.3977 	DEBUG 	TextBox2 loaded 1 chars with 0 blanks and 1 valid
12.4003 	DEBUG 	TextBox2 loaded 1 chars with 0 blanks and 1 valid
12.4037 	DEBUG 	TextBox2 loaded 1 chars with 0 blanks and 1 valid
12.4077 	DEBUG 	TextBox2 loaded 1 chars with 0 blanks and 1 valid
12.4100 	DEBUG 	TextBox2 loaded 1 chars with 0 blanks and 1 valid
12.4122 	DEBUG 	TextBox2 loaded 1 chars with 0 blanks and 1 valid
12.4154 	DEBUG 	TextBox2 loaded 1 chars with 0 blanks and 1 valid
12.4188 	DEBUG 	TextBox2 loaded 1 chars with 0 blanks and 1 valid
12.4219 	DEBUG 	TextBox2 loaded 1 chars with 0 blanks and 1 valid
12.4253 	DEBUG 	TextBox2 loaded 1 chars with 0 blanks and 1 valid
12.4283 	DEBUG 	TextBox2 loaded 1 chars with 0 blanks and 1 valid
12.4318 	DEBUG 	TextBox2 loaded 1 chars with 0 blanks and 1 valid
12.4351 	DEBUG 	TextBox2 loaded 1 chars with 0 blanks and 1 valid
12.4375 	DEBUG 	TextBox2 loaded 1 chars with 0 blanks and 1 valid
12.4402 	DEBUG 	TextBox2 loaded 1 chars with 0 blanks and 1 valid
12.4442 	DEBUG 	TextBox2 loaded 1 chars with 0 blanks and 1 valid
12.4466 	DEBUG 	TextBox2 loaded 1 chars with 0 blanks and 1 valid
12.4470 	DEBUG 	Uploading Texture Font fontname to graphics card
12.4636 	DEBUG 	Upload of Texture Font fontname complete
12.4664 	EXP 	window1: mouseVisible = True
12.4667 	EXP 	window1: mouseVisible = True
12.4683 	EXP 	window1: mouseVisible = True
12.4692 	EXP 	window1: mouseVisible = True
12.4872 	DEBUG 	TextBox2 loaded 1 chars with 0 blanks and 1 valid
12.4913 	DEBUG 	TextBox2 loaded 1 chars with 0 blanks and 1 valid
12.4952 	DEBUG 	TextBox2 loaded 1 chars with 0 blanks and 1 valid
12.4956 	DEBUG 	Uploading Texture Font fontname to graphics card
12.5117 	DEBUG 	Upload of Texture Font fontname complete
12.5148 	EXP 	window1: Attempting to measure frame rate of screen (0) ...
12.5149 	EXP 	window1: recordFrameIntervals = False
12.6957 	EXP 	window1: recordFrameIntervals = True
12.8789 	EXP 	Screen (0) actual frame rate measured at 60.02Hz
12.8789 	EXP 	window1: recordFrameIntervals = False
12.8791 	EXP 	window1: mouseVisible = False
12.8798 	EXP 	window1: mouseVisible = True
12.8800 	EXP 	window1: mouseVisible = True
12.8811 	EXP 	window1: mouseVisible = True
12.8820 	EXP 	window1: mouseVisible = True
12.9007 	DEBUG 	TextBox2 loaded 1 chars with 0 blanks and 1 valid
12.9036 	DEBUG 	TextBox2 loaded 1 chars with 0 blanks and 1 valid
12.9073 	DEBUG 	TextBox2 loaded 1 chars with 0 blanks and 1 valid
12.9130 	DEBUG 	TextBox2 loaded 1 chars with 0 blanks and 1 valid
12.9169 	DEBUG 	TextBox2 loaded 1 chars with 0 blanks and 1 valid
12.9209 	DEBUG 	TextBox2 loaded 1 chars with 0 blanks and 1 valid
12.9236 	DEBUG 	TextBox2 loaded 1 chars with 0 blanks and 1 valid
12.9271 	DEBUG 	TextBox2 loaded 1 chars with 0 blanks and 1 valid
12.9308 	DEBUG 	TextBox2 loaded 1 chars with 0 blanks and 1 valid
12.9346 	DEBUG 	TextBox2 loaded 1 chars with 0 blanks and 1 valid
12.9351 	DEBUG 	Uploading Texture Font fontname to graphics card
12.9521 	DEBUG 	Upload of Texture Font fontname complete
12.9548 	EXP 	window1: mouseVisible = True
12.9550 	EXP 	window1: mouseVisible = True
12.9560 	EXP 	window1: mouseVisible = True
12.9572 	EXP 	window1: mouseVisible = True
13.0205 	WARNING 	launchHubServer: If using the iohub mouse or eyetracker devices, fullScr should be True.
16.7477 	INFO 	keyboard.Keyboard is using iohub backend.
16.7478 	EXP 	ArchivoPrueba: status = STARTED
16.7483 	EXP 	window1: mouseVisible = True
16.8471 	EXP 	Created text_3 = TextStim(__class__=<class 'psychopy.visual.text.TextStim'>, alignHoriz=method-wrapper(...), alignText='center', alignVert=method-wrapper(...), anchorHoriz='center', anchorVert='center', antialias=True, autoDraw=False, autoLog=True, bold=False, color=array([1., 1., 1.]), colorSpace='rgb', contrast=1.0, depth=0.0, draggable=False, flipHoriz=False, flipVert=False, font='Open Sans', fontFiles=[], height=0.05000000000000001, italic=False, languageStyle='LTR', name='text_3', opacity=1.0, ori=0.0, pos=array([0., 0.]), rgb=UNKNOWN, text='bienvenido', units='height', win=Window(...), wrapWidth=1)
16.8472 	EXP 	window1: mouseVisible = True
16.8474 	EXP 	window1: mouseVisible = True
16.8496 	EXP 	Created CondicionOff = TextStim(__class__=<class 'psychopy.visual.text.TextStim'>, alignHoriz=method-wrapper(...), alignText='center', alignVert=method-wrapper(...), anchorHoriz='center', anchorVert='center', antialias=True, autoDraw=False, autoLog=True, bold=False, color=array([1., 1., 1.]), colorSpace='rgb', contrast=1.0, depth=0.0, draggable=False, flipHoriz=False, flipVert=False, font='Open Sans', fontFiles=[], height=0.05, italic=False, languageStyle='LTR', name='CondicionOff', opacity=1.0, ori=0.0, pos=array([0., 0.]), rgb=UNKNOWN, text='', units='height', win=Window(...), wrapWidth=1)
16.8497 	EXP 	window1: mouseVisible = True
16.8532 	EXP 	Created CondicionOn = TextStim(__class__=<class 'psychopy.visual.text.TextStim'>, alignHoriz=method-wrapper(...), alignText='center', alignVert=method-wrapper(...), anchorHoriz='center', anchorVert='center', antialias=True, autoDraw=False, autoLog=True, bold=False, color=array([1., 1., 1.]), colorSpace='rgb', contrast=1.0, depth=0.0, draggable=False, flipHoriz=False, flipVert=False, font='Open Sans', fontFiles=[], height=0.1, italic=False, languageStyle='LTR', name='CondicionOn', opacity=1.0, ori=0.0, pos=array([0., 0.]), rgb=UNKNOWN, text='', units='height', win=Window(...), wrapWidth=1)
0.0418 	EXP 	text_3: autoDraw = True
0.6782 	DATA 	Mouse: Left button down, pos=(489,362)
0.6875 	DEBUG 	Read excel file with openpyxl: CondicionesExperimento.xlsx
0.6890 	EXP 	Imported CondicionesExperimento.xlsx as conditions, 20 conditions, 3 params
0.6916 	EXP 	Created sequence: sequential, trialTypes=20, nReps=10, seed=None
0.6919 	EXP 	New trial (rep=0, index=0): {'PreguntaOff': '¿Puede recordar el recorrido que realiza desde su cama hasta la cocina de su residencia?', 'PreguntaOn': 1, 'Colors': 'green'}
0.7360 	EXP 	text_3: autoDraw = False
0.7360 	EXP 	CondicionOff: height = 0.05000000000000001
0.7360 	EXP 	CondicionOff: height = 0.05000000000000001
0.7360 	EXP 	CondicionOff: height = 0.05000000000000001
0.7360 	EXP 	CondicionOff: text = '¿Puede recordar el recorrido que realiza desde su cama hasta la cocina de su residencia?'
0.7360 	EXP 	CondicionOff: autoDraw = True
0.9125 	DATA 	Mouse:  Left button up, pos=(489,362)
3.6987 	DEBUG 	Read excel file with openpyxl: CondicionesExperimento.xlsx
3.7004 	EXP 	Imported CondicionesExperimento.xlsx as conditions, 20 conditions, 3 params
3.7011 	EXP 	Created sequence: sequential, trialTypes=20, nReps=1, seed=None
3.7013 	EXP 	New trial (rep=0, index=0): {'PreguntaOff': '¿Puede recordar el recorrido que realiza desde su cama hasta la cocina de su residencia?', 'PreguntaOn': 1, 'Colors': 'green'}
3.7379 	EXP 	window1: mouseVisible = True
3.7444 	DEBUG 	Saving data for ArchivoPrueba ExperimentHandler
3.7472 	INFO 	saved data to C:\Users\andre\Desktop\Imagenes\Taller_unidad3\data/155312_ArchivoPrueba_2024-04-28_10h53.15.188.psydat
3.7491 	INFO 	saved data to 'C:\\Users\\andre\\Desktop\\Imagenes\\Taller_unidad3\\data/155312_ArchivoPrueba_2024-04-28_10h53.15.188.csv'
