15.2386 	DEBUG 	Fullscreen settings ignored as running in pilot mode.
15.2403 	INFO 	Loaded monitor calibration from ['2024_04_12 16:30']
16.6172 	EXP 	Created window1 = Window(allowGUI=True, allowStencil=False, autoLog=True, backendConf=UNKNOWN, backgroundFit=<method-wrapper '__getattribute__' of attributeSetter object at 0x000002078C93F5B0>, backgroundImage=<method-wrapper '__getattribute__' of attributeSetter object at 0x000002078C93F550>, bitsMode=UNKNOWN, blendMode='avg', bpc=(8, 8, 8), color=array([0, 0, 0]), colorSpace='rgb', depthBits=8, fullscr=<method-wrapper '__getattribute__' of attributeSetter object at 0x000002078C93F3A0>, gamma=None, gammaErrorPolicy='raise', infoMsg=UNKNOWN, lms=UNKNOWN, monitor=<psychopy.monitors.calibTools.Monitor object at 0x000002078CC85970>, multiSample=False, name='window1', numSamples=2, pos=[448.0, 156.0], screen=0, size=array([1024,  768]), stencilBits=0, stereo=False, title='PsychoPy', units='height', useFBO=True, useRetina=False, viewOri=0.0, viewPos=None, viewScale=None, waitBlanking=True, winType='pyglet')
16.6174 	EXP 	window1: mouseVisible = True
16.6174 	EXP 	window1: backgroundImage = ''
16.6174 	EXP 	window1: backgroundFit = 'none'
16.6177 	EXP 	window1: mouseVisible = True
16.6180 	EXP 	window1: mouseVisible = True
16.6206 	EXP 	window1: mouseVisible = True
16.6215 	EXP 	window1: mouseVisible = True
16.6442 	DEBUG 	TextBox2 loaded 1 chars with 0 blanks and 1 valid
16.6479 	DEBUG 	TextBox2 loaded 1 chars with 0 blanks and 1 valid
16.6513 	DEBUG 	TextBox2 loaded 1 chars with 0 blanks and 1 valid
16.6553 	DEBUG 	TextBox2 loaded 1 chars with 0 blanks and 1 valid
16.6592 	DEBUG 	TextBox2 loaded 1 chars with 0 blanks and 1 valid
16.6624 	DEBUG 	TextBox2 loaded 1 chars with 0 blanks and 1 valid
16.6658 	DEBUG 	TextBox2 loaded 1 chars with 0 blanks and 1 valid
16.6697 	DEBUG 	TextBox2 loaded 1 chars with 0 blanks and 1 valid
16.6720 	DEBUG 	TextBox2 loaded 1 chars with 0 blanks and 1 valid
16.6743 	DEBUG 	TextBox2 loaded 1 chars with 0 blanks and 1 valid
16.6783 	DEBUG 	TextBox2 loaded 1 chars with 0 blanks and 1 valid
16.6817 	DEBUG 	TextBox2 loaded 1 chars with 0 blanks and 1 valid
16.6848 	DEBUG 	TextBox2 loaded 1 chars with 0 blanks and 1 valid
16.6881 	DEBUG 	TextBox2 loaded 1 chars with 0 blanks and 1 valid
16.6910 	DEBUG 	TextBox2 loaded 1 chars with 0 blanks and 1 valid
16.6954 	DEBUG 	TextBox2 loaded 1 chars with 0 blanks and 1 valid
16.6988 	DEBUG 	TextBox2 loaded 1 chars with 0 blanks and 1 valid
16.7014 	DEBUG 	TextBox2 loaded 1 chars with 0 blanks and 1 valid
16.7043 	DEBUG 	TextBox2 loaded 1 chars with 0 blanks and 1 valid
16.7082 	DEBUG 	TextBox2 loaded 1 chars with 0 blanks and 1 valid
16.7111 	DEBUG 	TextBox2 loaded 1 chars with 0 blanks and 1 valid
16.7115 	DEBUG 	Uploading Texture Font fontname to graphics card
16.7329 	DEBUG 	Upload of Texture Font fontname complete
16.7350 	EXP 	window1: mouseVisible = True
16.7352 	EXP 	window1: mouseVisible = True
16.7362 	EXP 	window1: mouseVisible = True
16.7371 	EXP 	window1: mouseVisible = True
16.7578 	DEBUG 	TextBox2 loaded 1 chars with 0 blanks and 1 valid
16.7621 	DEBUG 	TextBox2 loaded 1 chars with 0 blanks and 1 valid
16.7660 	DEBUG 	TextBox2 loaded 1 chars with 0 blanks and 1 valid
16.7664 	DEBUG 	Uploading Texture Font fontname to graphics card
16.7858 	DEBUG 	Upload of Texture Font fontname complete
16.7888 	EXP 	window1: Attempting to measure frame rate of screen (0) ...
16.7888 	EXP 	window1: recordFrameIntervals = False
16.9809 	EXP 	window1: recordFrameIntervals = True
17.1645 	EXP 	Screen (0) actual frame rate measured at 60.13Hz
17.1645 	EXP 	window1: recordFrameIntervals = False
17.1647 	EXP 	window1: mouseVisible = False
17.1654 	EXP 	window1: mouseVisible = True
17.1657 	EXP 	window1: mouseVisible = True
17.1667 	EXP 	window1: mouseVisible = True
17.1677 	EXP 	window1: mouseVisible = True
17.1865 	DEBUG 	TextBox2 loaded 1 chars with 0 blanks and 1 valid
17.1892 	DEBUG 	TextBox2 loaded 1 chars with 0 blanks and 1 valid
17.1934 	DEBUG 	TextBox2 loaded 1 chars with 0 blanks and 1 valid
17.1977 	DEBUG 	TextBox2 loaded 1 chars with 0 blanks and 1 valid
17.2018 	DEBUG 	TextBox2 loaded 1 chars with 0 blanks and 1 valid
17.2059 	DEBUG 	TextBox2 loaded 1 chars with 0 blanks and 1 valid
17.2088 	DEBUG 	TextBox2 loaded 1 chars with 0 blanks and 1 valid
17.2128 	DEBUG 	TextBox2 loaded 1 chars with 0 blanks and 1 valid
17.2166 	DEBUG 	TextBox2 loaded 1 chars with 0 blanks and 1 valid
17.2204 	DEBUG 	TextBox2 loaded 1 chars with 0 blanks and 1 valid
17.2209 	DEBUG 	Uploading Texture Font fontname to graphics card
17.2409 	DEBUG 	Upload of Texture Font fontname complete
17.2437 	EXP 	window1: mouseVisible = True
17.2439 	EXP 	window1: mouseVisible = True
17.2448 	EXP 	window1: mouseVisible = True
17.2458 	EXP 	window1: mouseVisible = True
17.3110 	WARNING 	launchHubServer: If using the iohub mouse or eyetracker devices, fullScr should be True.
21.0507 	INFO 	keyboard.Keyboard is using iohub backend.
21.0507 	INFO 	keyboard.Keyboard is using iohub backend.
21.0508 	INFO 	keyboard.Keyboard is using iohub backend.
21.0508 	EXP 	ArchivoPrueba: status = STARTED
21.0512 	EXP 	window1: mouseVisible = True
21.1774 	EXP 	Created introducción = TextStim(__class__=<class 'psychopy.visual.text.TextStim'>, alignHoriz=method-wrapper(...), alignText='center', alignVert=method-wrapper(...), anchorHoriz='center', anchorVert='center', antialias=True, autoDraw=False, autoLog=True, bold=False, color=array([1., 1., 1.]), colorSpace='rgb', contrast=1.0, depth=0.0, draggable=False, flipHoriz=False, flipVert=False, font='Open Sans', fontFiles=[], height=0.05000000000000001, italic=False, languageStyle='LTR', name='introducción', opacity=1.0, ori=0.0, pos=array([0., 0.]), rgb=UNKNOWN, text=str(...), units='height', win=Window(...), wrapWidth=1)
21.1776 	EXP 	window1: mouseVisible = True
21.1777 	EXP 	window1: mouseVisible = True
21.1797 	EXP 	Created CondicionOff = TextStim(__class__=<class 'psychopy.visual.text.TextStim'>, alignHoriz=method-wrapper(...), alignText='center', alignVert=method-wrapper(...), anchorHoriz='center', anchorVert='center', antialias=True, autoDraw=False, autoLog=True, bold=False, color=array([1., 1., 1.]), colorSpace='rgb', contrast=1.0, depth=0.0, draggable=False, flipHoriz=False, flipVert=False, font='Open Sans', fontFiles=[], height=0.05, italic=False, languageStyle='LTR', name='CondicionOff', opacity=1.0, ori=0.0, pos=array([0., 0.]), rgb=UNKNOWN, text='', units='height', win=Window(...), wrapWidth=1)
21.1798 	EXP 	window1: mouseVisible = True
21.1828 	EXP 	Created CondicionOn = TextStim(__class__=<class 'psychopy.visual.text.TextStim'>, alignHoriz=method-wrapper(...), alignText='center', alignVert=method-wrapper(...), anchorHoriz='center', anchorVert='center', antialias=True, autoDraw=False, autoLog=True, bold=False, color=array([1., 1., 1.]), colorSpace='rgb', contrast=1.0, depth=0.0, draggable=False, flipHoriz=False, flipVert=False, font='Open Sans', fontFiles=[], height=0.1, italic=False, languageStyle='LTR', name='CondicionOn', opacity=1.0, ori=0.0, pos=array([0., 0.]), rgb=UNKNOWN, text='', units='height', win=Window(...), wrapWidth=1)
21.1830 	EXP 	window1: mouseVisible = True
21.1847 	EXP 	Created FinPrueba = TextStim(__class__=<class 'psychopy.visual.text.TextStim'>, alignHoriz=method-wrapper(...), alignText='center', alignVert=method-wrapper(...), anchorHoriz='center', anchorVert='center', antialias=True, autoDraw=False, autoLog=True, bold=False, color=array([1., 1., 1.]), colorSpace='rgb', contrast=1.0, depth=0.0, draggable=False, flipHoriz=False, flipVert=False, font='Open Sans', fontFiles=[], height=0.05, italic=False, languageStyle='LTR', name='FinPrueba', opacity=1.0, ori=0.0, pos=array([0., 0.]), rgb=UNKNOWN, text='', units='height', win=Window(...), wrapWidth=1)
0.0451 	EXP 	introducción: autoDraw = True
0.8673 	DATA 	Mouse: Left button down, pos=(546,346)
0.8792 	DEBUG 	Read excel file with openpyxl: CondicionesExperimento.xlsx
0.8812 	EXP 	Imported CondicionesExperimento.xlsx as conditions, 20 conditions, 3 params
0.8819 	EXP 	Created sequence: sequential, trialTypes=20, nReps=10, seed=None
0.8822 	EXP 	New trial (rep=0, index=0): {'PreguntaOff': '¿Recuerda el recorrido que realiza desde su cama hasta la cocina de su residencia?', 'PreguntaOn': 1, 'Colors': 'green'}
0.9077 	INFO 	Keyboard events cleared
0.9072 	EXP 	introducción: autoDraw = False
0.9072 	EXP 	CondicionOff: height = 0.05000000000000001
0.9072 	EXP 	CondicionOff: height = 0.05000000000000001
0.9072 	EXP 	CondicionOff: height = 0.05000000000000001
0.9072 	EXP 	CondicionOff: text = '¿Recuerda el recorrido que realiza desde su cama hasta la cocina de su residencia?'
0.9072 	EXP 	CondicionOff: autoDraw = True
1.1009 	DATA 	Mouse:  Left button up, pos=(546,346)
1.9106 	EXP 	CondicionOff: autoDraw = False
19.5061 	DATA 	Keypress: escape
19.6850 	EXP 	ArchivoPrueba: status = STOPPED
19.6991 	EXP 	ArchivoPrueba: status = STOPPED
19.7057 	INFO 	saved data to 'C:\\Users\\andre\\Desktop\\Imagenes\\Taller_unidad3\\data/352455_ArchivoPrueba_2024-04-28_12h17.44.645.csv'
19.7078 	INFO 	saved data to C:\Users\andre\Desktop\Imagenes\Taller_unidad3\data/352455_ArchivoPrueba_2024-04-28_12h17.44.645.psydat
19.8035 	EXP 	window1: mouseVisible = True
20.5341 	DEBUG 	Saving data for ArchivoPrueba ExperimentHandler
