9.4412 	DEBUG 	Fullscreen settings ignored as running in pilot mode.
9.4427 	INFO 	Loaded monitor calibration from ['2024_04_12 16:30']
10.7495 	EXP 	Created window1 = Window(allowGUI=True, allowStencil=False, autoLog=True, backendConf=UNKNOWN, backgroundFit=<method-wrapper '__getattribute__' of attributeSetter object at 0x00000297B449F8B0>, backgroundImage=<method-wrapper '__getattribute__' of attributeSetter object at 0x00000297B449F850>, bitsMode=UNKNOWN, blendMode='avg', bpc=(8, 8, 8), color=array([0, 0, 0]), colorSpace='rgb', depthBits=8, fullscr=<method-wrapper '__getattribute__' of attributeSetter object at 0x00000297B449F6A0>, gamma=None, gammaErrorPolicy='raise', infoMsg=UNKNOWN, lms=UNKNOWN, monitor=<psychopy.monitors.calibTools.Monitor object at 0x00000297B4863C70>, multiSample=False, name='window1', numSamples=2, pos=[448.0, 156.0], screen=0, size=array([1024,  768]), stencilBits=0, stereo=False, title='PsychoPy', units='height', useFBO=True, useRetina=False, viewOri=0.0, viewPos=None, viewScale=None, waitBlanking=True, winType='pyglet')
10.7496 	EXP 	window1: mouseVisible = True
10.7497 	EXP 	window1: backgroundImage = ''
10.7497 	EXP 	window1: backgroundFit = 'none'
10.7499 	EXP 	window1: mouseVisible = True
10.7502 	EXP 	window1: mouseVisible = True
10.7528 	EXP 	window1: mouseVisible = True
10.7537 	EXP 	window1: mouseVisible = True
10.7743 	DEBUG 	TextBox2 loaded 1 chars with 0 blanks and 1 valid
10.7775 	DEBUG 	TextBox2 loaded 1 chars with 0 blanks and 1 valid
10.7810 	DEBUG 	TextBox2 loaded 1 chars with 0 blanks and 1 valid
10.7850 	DEBUG 	TextBox2 loaded 1 chars with 0 blanks and 1 valid
10.7890 	DEBUG 	TextBox2 loaded 1 chars with 0 blanks and 1 valid
10.7918 	DEBUG 	TextBox2 loaded 1 chars with 0 blanks and 1 valid
10.7952 	DEBUG 	TextBox2 loaded 1 chars with 0 blanks and 1 valid
10.7993 	DEBUG 	TextBox2 loaded 1 chars with 0 blanks and 1 valid
10.8017 	DEBUG 	TextBox2 loaded 1 chars with 0 blanks and 1 valid
10.8041 	DEBUG 	TextBox2 loaded 1 chars with 0 blanks and 1 valid
10.8074 	DEBUG 	TextBox2 loaded 1 chars with 0 blanks and 1 valid
10.8107 	DEBUG 	TextBox2 loaded 1 chars with 0 blanks and 1 valid
10.8141 	DEBUG 	TextBox2 loaded 1 chars with 0 blanks and 1 valid
10.8175 	DEBUG 	TextBox2 loaded 1 chars with 0 blanks and 1 valid
10.8205 	DEBUG 	TextBox2 loaded 1 chars with 0 blanks and 1 valid
10.8244 	DEBUG 	TextBox2 loaded 1 chars with 0 blanks and 1 valid
10.8278 	DEBUG 	TextBox2 loaded 1 chars with 0 blanks and 1 valid
10.8305 	DEBUG 	TextBox2 loaded 1 chars with 0 blanks and 1 valid
10.8334 	DEBUG 	TextBox2 loaded 1 chars with 0 blanks and 1 valid
10.8373 	DEBUG 	TextBox2 loaded 1 chars with 0 blanks and 1 valid
10.8398 	DEBUG 	TextBox2 loaded 1 chars with 0 blanks and 1 valid
10.8403 	DEBUG 	Uploading Texture Font fontname to graphics card
10.8581 	DEBUG 	Upload of Texture Font fontname complete
10.8602 	EXP 	window1: mouseVisible = True
10.8604 	EXP 	window1: mouseVisible = True
10.8614 	EXP 	window1: mouseVisible = True
10.8623 	EXP 	window1: mouseVisible = True
10.8825 	DEBUG 	TextBox2 loaded 1 chars with 0 blanks and 1 valid
10.8864 	DEBUG 	TextBox2 loaded 1 chars with 0 blanks and 1 valid
10.8902 	DEBUG 	TextBox2 loaded 1 chars with 0 blanks and 1 valid
10.8906 	DEBUG 	Uploading Texture Font fontname to graphics card
10.9088 	DEBUG 	Upload of Texture Font fontname complete
10.9119 	EXP 	window1: Attempting to measure frame rate of screen (0) ...
10.9120 	EXP 	window1: recordFrameIntervals = False
11.1017 	EXP 	window1: recordFrameIntervals = True
11.2847 	EXP 	Screen (0) actual frame rate measured at 60.22Hz
11.2848 	EXP 	window1: recordFrameIntervals = False
11.2850 	EXP 	window1: mouseVisible = False
11.2857 	EXP 	window1: mouseVisible = True
11.2860 	EXP 	window1: mouseVisible = True
11.2870 	EXP 	window1: mouseVisible = True
11.2879 	EXP 	window1: mouseVisible = True
11.3069 	DEBUG 	TextBox2 loaded 1 chars with 0 blanks and 1 valid
11.3095 	DEBUG 	TextBox2 loaded 1 chars with 0 blanks and 1 valid
11.3132 	DEBUG 	TextBox2 loaded 1 chars with 0 blanks and 1 valid
11.3196 	DEBUG 	TextBox2 loaded 1 chars with 0 blanks and 1 valid
11.3236 	DEBUG 	TextBox2 loaded 1 chars with 0 blanks and 1 valid
11.3275 	DEBUG 	TextBox2 loaded 1 chars with 0 blanks and 1 valid
11.3303 	DEBUG 	TextBox2 loaded 1 chars with 0 blanks and 1 valid
11.3339 	DEBUG 	TextBox2 loaded 1 chars with 0 blanks and 1 valid
11.3378 	DEBUG 	TextBox2 loaded 1 chars with 0 blanks and 1 valid
11.3416 	DEBUG 	TextBox2 loaded 1 chars with 0 blanks and 1 valid
11.3420 	DEBUG 	Uploading Texture Font fontname to graphics card
11.3611 	DEBUG 	Upload of Texture Font fontname complete
11.3638 	EXP 	window1: mouseVisible = True
11.3641 	EXP 	window1: mouseVisible = True
11.3651 	EXP 	window1: mouseVisible = True
11.3659 	EXP 	window1: mouseVisible = True
11.4297 	WARNING 	launchHubServer: If using the iohub mouse or eyetracker devices, fullScr should be True.
15.1679 	INFO 	keyboard.Keyboard is using iohub backend.
15.1679 	EXP 	ArchivoPrueba: status = STARTED
15.1683 	EXP 	window1: mouseVisible = True
15.2632 	EXP 	Created text_3 = TextStim(__class__=<class 'psychopy.visual.text.TextStim'>, alignHoriz=method-wrapper(...), alignText='center', alignVert=method-wrapper(...), anchorHoriz='center', anchorVert='center', antialias=True, autoDraw=False, autoLog=True, bold=False, color=array([1., 1., 1.]), colorSpace='rgb', contrast=1.0, depth=0.0, draggable=False, flipHoriz=False, flipVert=False, font='Open Sans', fontFiles=[], height=0.05000000000000001, italic=False, languageStyle='LTR', name='text_3', opacity=1.0, ori=0.0, pos=array([0., 0.]), rgb=UNKNOWN, text='bienvenido', units='height', win=Window(...), wrapWidth=1)
15.2633 	EXP 	window1: mouseVisible = True
15.2635 	EXP 	window1: mouseVisible = True
15.2652 	EXP 	Created CondicionOff = TextStim(__class__=<class 'psychopy.visual.text.TextStim'>, alignHoriz=method-wrapper(...), alignText='center', alignVert=method-wrapper(...), anchorHoriz='center', anchorVert='center', antialias=True, autoDraw=False, autoLog=True, bold=False, color=array([1., 1., 1.]), colorSpace='rgb', contrast=1.0, depth=0.0, draggable=False, flipHoriz=False, flipVert=False, font='Open Sans', fontFiles=[], height=0.05, italic=False, languageStyle='LTR', name='CondicionOff', opacity=1.0, ori=0.0, pos=array([0., 0.]), rgb=UNKNOWN, text='', units='height', win=Window(...), wrapWidth=1)
15.2654 	EXP 	window1: mouseVisible = True
15.2685 	EXP 	Created CondicionOn = TextStim(__class__=<class 'psychopy.visual.text.TextStim'>, alignHoriz=method-wrapper(...), alignText='center', alignVert=method-wrapper(...), anchorHoriz='center', anchorVert='center', antialias=True, autoDraw=False, autoLog=True, bold=False, color=array([1., 1., 1.]), colorSpace='rgb', contrast=1.0, depth=0.0, draggable=False, flipHoriz=False, flipVert=False, font='Open Sans', fontFiles=[], height=0.1, italic=False, languageStyle='LTR', name='CondicionOn', opacity=1.0, ori=0.0, pos=array([0., 0.]), rgb=UNKNOWN, text='', units='height', win=Window(...), wrapWidth=1)
0.0442 	EXP 	text_3: autoDraw = True
0.6691 	DATA 	Mouse: Left button down, pos=(630,551)
0.6797 	DEBUG 	Read excel file with openpyxl: CondicionesExperimento.xlsx
0.6814 	EXP 	Imported CondicionesExperimento.xlsx as conditions, 20 conditions, 3 params
0.6841 	EXP 	Created sequence: sequential, trialTypes=20, nReps=10, seed=None
0.6843 	EXP 	New trial (rep=0, index=0): {'PreguntaOff': '¿Puede recordar el recorrido que realiza desde su cama hasta la cocina de su residencia?', 'PreguntaOn': 1, 'Colors': 'green'}
0.7271 	EXP 	text_3: autoDraw = False
0.7271 	EXP 	CondicionOff: height = 0.05000000000000001
0.7271 	EXP 	CondicionOff: height = 0.05000000000000001
0.7271 	EXP 	CondicionOff: height = 0.05000000000000001
0.7271 	EXP 	CondicionOff: text = '¿Puede recordar el recorrido que realiza desde su cama hasta la cocina de su residencia?'
0.7271 	EXP 	CondicionOff: autoDraw = True
0.8861 	DATA 	Mouse:  Left button up, pos=(630,551)
3.6883 	DEBUG 	Read excel file with openpyxl: CondicionesExperimento.xlsx
3.6900 	EXP 	Imported CondicionesExperimento.xlsx as conditions, 20 conditions, 3 params
3.6908 	EXP 	Created sequence: sequential, trialTypes=20, nReps=1, seed=None
3.6911 	EXP 	New trial (rep=0, index=0): {'PreguntaOff': '¿Puede recordar el recorrido que realiza desde su cama hasta la cocina de su residencia?', 'PreguntaOn': 1, 'Colors': 'green'}
3.7076 	EXP 	CondicionOff: autoDraw = False
3.7076 	EXP 	CondicionOn: foreColor = <psychopy.colors.Color: green, alpha=1.0>
3.7076 	EXP 	CondicionOn: height = 0.10000000000000002
3.7076 	EXP 	CondicionOn: height = 0.10000000000000002
3.7076 	EXP 	CondicionOn: height = 0.10000000000000002
3.7076 	EXP 	CondicionOn: text = 1
3.7076 	EXP 	CondicionOn: autoDraw = True
4.6817 	EXP 	New trial (rep=0, index=1): {'PreguntaOff': '¿Recuerda el trayecto que hace desde su casa hasta su lugar de trabajo?', 'PreguntaOn': 3, 'Colors': 'red'}
4.7071 	EXP 	CondicionOn: autoDraw = False
4.7071 	EXP 	CondicionOn: foreColor = <psychopy.colors.Color: red, alpha=1.0>
4.7071 	EXP 	CondicionOn: height = 0.10000000000000002
4.7071 	EXP 	CondicionOn: height = 0.10000000000000002
4.7071 	EXP 	CondicionOn: height = 0.10000000000000002
4.7071 	EXP 	CondicionOn: text = 3
4.7071 	EXP 	CondicionOn: autoDraw = True
5.6799 	EXP 	New trial (rep=0, index=2): {'PreguntaOff': '¿Hay algún inconveniente que recuerde haber experimentado en el camino de su residencia a su lugar de trabajo?', 'PreguntaOn': 5, 'Colors': 'white'}
5.7060 	EXP 	CondicionOn: autoDraw = False
5.7060 	EXP 	CondicionOn: foreColor = <psychopy.colors.Color: white, alpha=1.0>
5.7060 	EXP 	CondicionOn: height = 0.10000000000000002
5.7060 	EXP 	CondicionOn: height = 0.10000000000000002
5.7060 	EXP 	CondicionOn: height = 0.10000000000000002
5.7060 	EXP 	CondicionOn: text = 5
5.7060 	EXP 	CondicionOn: autoDraw = True
6.6800 	EXP 	New trial (rep=0, index=3): {'PreguntaOff': '¿recuerda si hay algún lugar u objeto en su camino hacia el trabajo que le llame la atención?', 'PreguntaOn': 7, 'Colors': 'blue'}
6.7051 	EXP 	CondicionOn: autoDraw = False
6.7051 	EXP 	CondicionOn: foreColor = <psychopy.colors.Color: blue, alpha=1.0>
6.7051 	EXP 	CondicionOn: height = 0.10000000000000002
6.7051 	EXP 	CondicionOn: height = 0.10000000000000002
6.7051 	EXP 	CondicionOn: height = 0.10000000000000002
6.7051 	EXP 	CondicionOn: text = 7
6.7051 	EXP 	CondicionOn: autoDraw = True
7.6783 	EXP 	New trial (rep=0, index=4): {'PreguntaOff': ' ¿Puede recordar el recorrido desde la entrada de su lugar de trabajo hasta su oficina, donde realiza sus funciones?', 'PreguntaOn': 9, 'Colors': 'yellow'}
7.7041 	EXP 	CondicionOn: autoDraw = False
7.7041 	EXP 	CondicionOn: foreColor = <psychopy.colors.Color: yellow, alpha=1.0>
7.7041 	EXP 	CondicionOn: height = 0.10000000000000002
7.7041 	EXP 	CondicionOn: height = 0.10000000000000002
7.7041 	EXP 	CondicionOn: height = 0.10000000000000002
7.7041 	EXP 	CondicionOn: text = 9
7.7041 	EXP 	CondicionOn: autoDraw = True
8.6780 	EXP 	New trial (rep=0, index=5): {'PreguntaOff': '¿Recuerda alguna actividad que realice durante los viajes de regreso a casa desde el trabajo para relajarse?', 'PreguntaOn': 11, 'Colors': 'orange'}
8.6907 	EXP 	CondicionOn: autoDraw = False
8.6907 	EXP 	CondicionOn: foreColor = <psychopy.colors.Color: orange, alpha=1.0>
8.6907 	EXP 	CondicionOn: height = 0.10000000000000002
8.6907 	EXP 	CondicionOn: height = 0.10000000000000002
8.6907 	EXP 	CondicionOn: height = 0.10000000000000002
8.6907 	EXP 	CondicionOn: text = 11
8.6907 	EXP 	CondicionOn: autoDraw = True
9.6776 	EXP 	New trial (rep=0, index=6): {'PreguntaOff': '¿Recuerda el trayecto que realiza desde su casa hasta el lugar donde realiza sus compras?', 'PreguntaOn': 13, 'Colors': 'brown'}
9.7044 	EXP 	CondicionOn: autoDraw = False
9.7044 	EXP 	CondicionOn: foreColor = <psychopy.colors.Color: brown, alpha=1.0>
9.7044 	EXP 	CondicionOn: height = 0.10000000000000002
9.7044 	EXP 	CondicionOn: height = 0.10000000000000002
9.7044 	EXP 	CondicionOn: height = 0.10000000000000002
9.7044 	EXP 	CondicionOn: text = 13
9.7044 	EXP 	CondicionOn: autoDraw = True
10.6762 	EXP 	New trial (rep=0, index=7): {'PreguntaOff': '¿Recuerda alguna situación divertida o interesante que haya experimentado durante el recorrido hacia el lugar de compras?', 'PreguntaOn': 15, 'Colors': 'purple'}
10.7034 	EXP 	CondicionOn: autoDraw = False
10.7034 	EXP 	CondicionOn: foreColor = <psychopy.colors.Color: purple, alpha=1.0>
10.7034 	EXP 	CondicionOn: height = 0.10000000000000002
10.7034 	EXP 	CondicionOn: height = 0.10000000000000002
10.7034 	EXP 	CondicionOn: height = 0.10000000000000002
10.7034 	EXP 	CondicionOn: text = 15
10.7034 	EXP 	CondicionOn: autoDraw = True
11.6751 	EXP 	New trial (rep=0, index=8): {'PreguntaOff': ' ¿Puede recordar qué es lo primero que ve al llegar al lugar donde realiza sus compras?', 'PreguntaOn': 17, 'Colors': 'green'}
11.6882 	EXP 	CondicionOn: autoDraw = False
11.6882 	EXP 	CondicionOn: foreColor = <psychopy.colors.Color: green, alpha=1.0>
11.6882 	EXP 	CondicionOn: height = 0.10000000000000002
11.6882 	EXP 	CondicionOn: height = 0.10000000000000002
11.6882 	EXP 	CondicionOn: height = 0.10000000000000002
11.6882 	EXP 	CondicionOn: text = 17
11.6882 	EXP 	CondicionOn: autoDraw = True
12.6740 	EXP 	New trial (rep=0, index=9): {'PreguntaOff': '¿Recuerda el recorrido desde su residencia hasta el centro de resonancia magnética?', 'PreguntaOn': 19, 'Colors': 'red'}
12.6874 	EXP 	CondicionOn: autoDraw = False
12.6874 	EXP 	CondicionOn: foreColor = <psychopy.colors.Color: red, alpha=1.0>
12.6874 	EXP 	CondicionOn: height = 0.10000000000000002
12.6874 	EXP 	CondicionOn: height = 0.10000000000000002
12.6874 	EXP 	CondicionOn: height = 0.10000000000000002
12.6874 	EXP 	CondicionOn: text = 19
12.6874 	EXP 	CondicionOn: autoDraw = True
13.6731 	EXP 	New trial (rep=0, index=10): {'PreguntaOff': None, 'PreguntaOn': 21, 'Colors': 'white'}
13.6990 	EXP 	CondicionOn: autoDraw = False
13.6990 	EXP 	CondicionOn: foreColor = <psychopy.colors.Color: white, alpha=1.0>
13.6990 	EXP 	CondicionOn: height = 0.10000000000000002
13.6990 	EXP 	CondicionOn: height = 0.10000000000000002
13.6990 	EXP 	CondicionOn: height = 0.10000000000000002
13.6990 	EXP 	CondicionOn: text = 21
13.6990 	EXP 	CondicionOn: autoDraw = True
14.6727 	EXP 	New trial (rep=0, index=11): {'PreguntaOff': None, 'PreguntaOn': 23, 'Colors': 'blue'}
14.6856 	EXP 	CondicionOn: autoDraw = False
14.6856 	EXP 	CondicionOn: foreColor = <psychopy.colors.Color: blue, alpha=1.0>
14.6856 	EXP 	CondicionOn: height = 0.10000000000000002
14.6856 	EXP 	CondicionOn: height = 0.10000000000000002
14.6856 	EXP 	CondicionOn: height = 0.10000000000000002
14.6856 	EXP 	CondicionOn: text = 23
14.6856 	EXP 	CondicionOn: autoDraw = True
15.6715 	EXP 	New trial (rep=0, index=12): {'PreguntaOff': None, 'PreguntaOn': 25, 'Colors': 'yellow'}
15.6843 	EXP 	CondicionOn: autoDraw = False
15.6843 	EXP 	CondicionOn: foreColor = <psychopy.colors.Color: yellow, alpha=1.0>
15.6843 	EXP 	CondicionOn: height = 0.10000000000000002
15.6843 	EXP 	CondicionOn: height = 0.10000000000000002
15.6843 	EXP 	CondicionOn: height = 0.10000000000000002
15.6843 	EXP 	CondicionOn: text = 25
15.6843 	EXP 	CondicionOn: autoDraw = True
16.6704 	EXP 	New trial (rep=0, index=13): {'PreguntaOff': None, 'PreguntaOn': 27, 'Colors': 'orange'}
16.6835 	EXP 	CondicionOn: autoDraw = False
16.6835 	EXP 	CondicionOn: foreColor = <psychopy.colors.Color: orange, alpha=1.0>
16.6835 	EXP 	CondicionOn: height = 0.10000000000000002
16.6835 	EXP 	CondicionOn: height = 0.10000000000000002
16.6835 	EXP 	CondicionOn: height = 0.10000000000000002
16.6835 	EXP 	CondicionOn: text = 27
16.6835 	EXP 	CondicionOn: autoDraw = True
17.6706 	EXP 	New trial (rep=0, index=14): {'PreguntaOff': None, 'PreguntaOn': 29, 'Colors': 'brown'}
17.6973 	EXP 	CondicionOn: autoDraw = False
17.6973 	EXP 	CondicionOn: autoDraw = False
17.6973 	EXP 	CondicionOn: foreColor = <psychopy.colors.Color: brown, alpha=1.0>
17.6973 	EXP 	CondicionOn: height = 0.10000000000000002
17.6973 	EXP 	CondicionOn: height = 0.10000000000000002
17.6973 	EXP 	CondicionOn: height = 0.10000000000000002
17.6973 	EXP 	CondicionOn: text = 29
17.6973 	EXP 	CondicionOn: autoDraw = True
18.6860 	EXP 	New trial (rep=0, index=15): {'PreguntaOff': None, 'PreguntaOn': 31, 'Colors': 'purple'}
18.6984 	EXP 	CondicionOn: autoDraw = False
18.6984 	EXP 	CondicionOn: foreColor = <psychopy.colors.Color: purple, alpha=1.0>
18.6984 	EXP 	CondicionOn: height = 0.10000000000000002
18.6984 	EXP 	CondicionOn: height = 0.10000000000000002
18.6984 	EXP 	CondicionOn: height = 0.10000000000000002
18.6984 	EXP 	CondicionOn: text = 31
18.6984 	EXP 	CondicionOn: autoDraw = True
19.6847 	EXP 	New trial (rep=0, index=16): {'PreguntaOff': None, 'PreguntaOn': 33, 'Colors': 'green'}
19.6976 	EXP 	CondicionOn: autoDraw = False
19.6976 	EXP 	CondicionOn: foreColor = <psychopy.colors.Color: green, alpha=1.0>
19.6976 	EXP 	CondicionOn: height = 0.10000000000000002
19.6976 	EXP 	CondicionOn: height = 0.10000000000000002
19.6976 	EXP 	CondicionOn: height = 0.10000000000000002
19.6976 	EXP 	CondicionOn: text = 33
19.6976 	EXP 	CondicionOn: autoDraw = True
20.6840 	EXP 	New trial (rep=0, index=17): {'PreguntaOff': None, 'PreguntaOn': 35, 'Colors': 'red'}
20.7115 	EXP 	CondicionOn: autoDraw = False
20.7115 	EXP 	CondicionOn: foreColor = <psychopy.colors.Color: red, alpha=1.0>
20.7115 	EXP 	CondicionOn: height = 0.10000000000000002
20.7115 	EXP 	CondicionOn: height = 0.10000000000000002
20.7115 	EXP 	CondicionOn: height = 0.10000000000000002
20.7115 	EXP 	CondicionOn: text = 35
20.7115 	EXP 	CondicionOn: autoDraw = True
21.6834 	EXP 	New trial (rep=0, index=18): {'PreguntaOff': None, 'PreguntaOn': 37, 'Colors': 'white'}
21.6959 	EXP 	CondicionOn: autoDraw = False
21.6959 	EXP 	CondicionOn: foreColor = <psychopy.colors.Color: white, alpha=1.0>
21.6959 	EXP 	CondicionOn: height = 0.10000000000000002
21.6959 	EXP 	CondicionOn: height = 0.10000000000000002
21.6959 	EXP 	CondicionOn: height = 0.10000000000000002
21.6959 	EXP 	CondicionOn: text = 37
21.6959 	EXP 	CondicionOn: autoDraw = True
22.6832 	EXP 	New trial (rep=0, index=19): {'PreguntaOff': None, 'PreguntaOn': 39, 'Colors': 'blue'}
22.7095 	EXP 	CondicionOn: autoDraw = False
22.7095 	EXP 	CondicionOn: foreColor = <psychopy.colors.Color: blue, alpha=1.0>
22.7095 	EXP 	CondicionOn: height = 0.10000000000000002
22.7095 	EXP 	CondicionOn: height = 0.10000000000000002
22.7095 	EXP 	CondicionOn: height = 0.10000000000000002
22.7095 	EXP 	CondicionOn: text = 39
22.7095 	EXP 	CondicionOn: autoDraw = True
23.6818 	EXP 	New trial (rep=0, index=1): {'PreguntaOff': '¿Recuerda el trayecto que hace desde su casa hasta su lugar de trabajo?', 'PreguntaOn': 3, 'Colors': 'red'}
23.7074 	EXP 	CondicionOn: autoDraw = False
23.7074 	EXP 	CondicionOff: height = 0.05000000000000001
23.7074 	EXP 	CondicionOff: height = 0.05000000000000001
23.7074 	EXP 	CondicionOff: height = 0.05000000000000001
23.7074 	EXP 	CondicionOff: text = '¿Recuerda el trayecto que hace desde su casa hasta su lugar de trabajo?'
23.7074 	EXP 	CondicionOff: autoDraw = True
26.6863 	DEBUG 	Read excel file with openpyxl: CondicionesExperimento.xlsx
26.6880 	EXP 	Imported CondicionesExperimento.xlsx as conditions, 20 conditions, 3 params
26.6886 	EXP 	Created sequence: sequential, trialTypes=20, nReps=1, seed=None
26.6888 	EXP 	New trial (rep=0, index=0): {'PreguntaOff': '¿Puede recordar el recorrido que realiza desde su cama hasta la cocina de su residencia?', 'PreguntaOn': 1, 'Colors': 'green'}
26.7061 	EXP 	CondicionOff: autoDraw = False
26.7061 	EXP 	CondicionOn: foreColor = <psychopy.colors.Color: green, alpha=1.0>
26.7061 	EXP 	CondicionOn: height = 0.10000000000000002
26.7061 	EXP 	CondicionOn: height = 0.10000000000000002
26.7061 	EXP 	CondicionOn: height = 0.10000000000000002
26.7061 	EXP 	CondicionOn: text = 1
26.7061 	EXP 	CondicionOn: autoDraw = True
27.6776 	EXP 	New trial (rep=0, index=1): {'PreguntaOff': '¿Recuerda el trayecto que hace desde su casa hasta su lugar de trabajo?', 'PreguntaOn': 3, 'Colors': 'red'}
27.6906 	EXP 	CondicionOn: autoDraw = False
27.6906 	EXP 	CondicionOn: foreColor = <psychopy.colors.Color: red, alpha=1.0>
27.6906 	EXP 	CondicionOn: height = 0.10000000000000002
27.6906 	EXP 	CondicionOn: height = 0.10000000000000002
27.6906 	EXP 	CondicionOn: height = 0.10000000000000002
27.6906 	EXP 	CondicionOn: text = 3
27.6906 	EXP 	CondicionOn: autoDraw = True
28.6771 	EXP 	New trial (rep=0, index=2): {'PreguntaOff': '¿Hay algún inconveniente que recuerde haber experimentado en el camino de su residencia a su lugar de trabajo?', 'PreguntaOn': 5, 'Colors': 'white'}
28.6899 	EXP 	CondicionOn: autoDraw = False
28.6899 	EXP 	CondicionOn: foreColor = <psychopy.colors.Color: white, alpha=1.0>
28.6899 	EXP 	CondicionOn: height = 0.10000000000000002
28.6899 	EXP 	CondicionOn: height = 0.10000000000000002
28.6899 	EXP 	CondicionOn: height = 0.10000000000000002
28.6899 	EXP 	CondicionOn: text = 5
28.6899 	EXP 	CondicionOn: autoDraw = True
29.6763 	EXP 	New trial (rep=0, index=3): {'PreguntaOff': '¿recuerda si hay algún lugar u objeto en su camino hacia el trabajo que le llame la atención?', 'PreguntaOn': 7, 'Colors': 'blue'}
29.6888 	EXP 	CondicionOn: autoDraw = False
29.6888 	EXP 	CondicionOn: foreColor = <psychopy.colors.Color: blue, alpha=1.0>
29.6888 	EXP 	CondicionOn: height = 0.10000000000000002
29.6888 	EXP 	CondicionOn: height = 0.10000000000000002
29.6888 	EXP 	CondicionOn: height = 0.10000000000000002
29.6888 	EXP 	CondicionOn: text = 7
29.6888 	EXP 	CondicionOn: autoDraw = True
30.6757 	EXP 	New trial (rep=0, index=4): {'PreguntaOff': ' ¿Puede recordar el recorrido desde la entrada de su lugar de trabajo hasta su oficina, donde realiza sus funciones?', 'PreguntaOn': 9, 'Colors': 'yellow'}
30.7030 	EXP 	CondicionOn: autoDraw = False
30.7030 	EXP 	CondicionOn: foreColor = <psychopy.colors.Color: yellow, alpha=1.0>
30.7030 	EXP 	CondicionOn: height = 0.10000000000000002
30.7030 	EXP 	CondicionOn: height = 0.10000000000000002
30.7030 	EXP 	CondicionOn: height = 0.10000000000000002
30.7030 	EXP 	CondicionOn: text = 9
30.7030 	EXP 	CondicionOn: autoDraw = True
31.6749 	EXP 	New trial (rep=0, index=5): {'PreguntaOff': '¿Recuerda alguna actividad que realice durante los viajes de regreso a casa desde el trabajo para relajarse?', 'PreguntaOn': 11, 'Colors': 'orange'}
31.7017 	EXP 	CondicionOn: autoDraw = False
31.7017 	EXP 	CondicionOn: foreColor = <psychopy.colors.Color: orange, alpha=1.0>
31.7017 	EXP 	CondicionOn: height = 0.10000000000000002
31.7017 	EXP 	CondicionOn: height = 0.10000000000000002
31.7017 	EXP 	CondicionOn: height = 0.10000000000000002
31.7017 	EXP 	CondicionOn: text = 11
31.7017 	EXP 	CondicionOn: autoDraw = True
32.6741 	EXP 	New trial (rep=0, index=6): {'PreguntaOff': '¿Recuerda el trayecto que realiza desde su casa hasta el lugar donde realiza sus compras?', 'PreguntaOn': 13, 'Colors': 'brown'}
32.7008 	EXP 	CondicionOn: autoDraw = False
32.7008 	EXP 	CondicionOn: foreColor = <psychopy.colors.Color: brown, alpha=1.0>
32.7008 	EXP 	CondicionOn: height = 0.10000000000000002
32.7008 	EXP 	CondicionOn: height = 0.10000000000000002
32.7008 	EXP 	CondicionOn: height = 0.10000000000000002
32.7008 	EXP 	CondicionOn: text = 13
32.7008 	EXP 	CondicionOn: autoDraw = True
33.6731 	EXP 	New trial (rep=0, index=7): {'PreguntaOff': '¿Recuerda alguna situación divertida o interesante que haya experimentado durante el recorrido hacia el lugar de compras?', 'PreguntaOn': 15, 'Colors': 'purple'}
33.7002 	EXP 	CondicionOn: autoDraw = False
33.7002 	EXP 	CondicionOn: foreColor = <psychopy.colors.Color: purple, alpha=1.0>
33.7002 	EXP 	CondicionOn: height = 0.10000000000000002
33.7002 	EXP 	CondicionOn: height = 0.10000000000000002
33.7002 	EXP 	CondicionOn: height = 0.10000000000000002
33.7002 	EXP 	CondicionOn: text = 15
33.7002 	EXP 	CondicionOn: autoDraw = True
34.6721 	EXP 	New trial (rep=0, index=8): {'PreguntaOff': ' ¿Puede recordar qué es lo primero que ve al llegar al lugar donde realiza sus compras?', 'PreguntaOn': 17, 'Colors': 'green'}
34.6992 	EXP 	CondicionOn: autoDraw = False
34.6992 	EXP 	CondicionOn: foreColor = <psychopy.colors.Color: green, alpha=1.0>
34.6992 	EXP 	CondicionOn: height = 0.10000000000000002
34.6992 	EXP 	CondicionOn: height = 0.10000000000000002
34.6992 	EXP 	CondicionOn: height = 0.10000000000000002
34.6992 	EXP 	CondicionOn: text = 17
34.6992 	EXP 	CondicionOn: autoDraw = True
35.6711 	EXP 	New trial (rep=0, index=9): {'PreguntaOff': '¿Recuerda el recorrido desde su residencia hasta el centro de resonancia magnética?', 'PreguntaOn': 19, 'Colors': 'red'}
35.6836 	EXP 	CondicionOn: autoDraw = False
35.6836 	EXP 	CondicionOn: foreColor = <psychopy.colors.Color: red, alpha=1.0>
35.6836 	EXP 	CondicionOn: height = 0.10000000000000002
35.6836 	EXP 	CondicionOn: height = 0.10000000000000002
35.6836 	EXP 	CondicionOn: height = 0.10000000000000002
35.6836 	EXP 	CondicionOn: text = 19
35.6836 	EXP 	CondicionOn: autoDraw = True
35.8609 	DATA 	Keypress: escape
35.9549 	EXP 	ArchivoPrueba: status = STOPPED
35.9667 	EXP 	CondicionOn: autoDraw = False
35.9702 	EXP 	ArchivoPrueba: status = STOPPED
35.9855 	INFO 	saved data to 'C:\\Users\\andre\\Desktop\\Imagenes\\Taller_unidad3\\data/437912_ArchivoPrueba_2024-04-28_10h56.04.287.csv'
35.9877 	INFO 	saved data to C:\Users\andre\Desktop\Imagenes\Taller_unidad3\data/437912_ArchivoPrueba_2024-04-28_10h56.04.287.psydat
36.0524 	EXP 	window1: mouseVisible = True
36.5250 	DEBUG 	Saving data for ArchivoPrueba ExperimentHandler
