11.0337 	DEBUG 	Fullscreen settings ignored as running in pilot mode.
11.0354 	INFO 	Loaded monitor calibration from ['2024_04_12 16:30']
12.3633 	EXP 	Created window1 = Window(allowGUI=True, allowStencil=False, autoLog=True, backendConf=UNKNOWN, backgroundFit=<method-wrapper '__getattribute__' of attributeSetter object at 0x00000243FDB6BC10>, backgroundImage=<method-wrapper '__getattribute__' of attributeSetter object at 0x00000243FDB6BBB0>, bitsMode=UNKNOWN, blendMode='avg', bpc=(8, 8, 8), color=array([0, 0, 0]), colorSpace='rgb', depthBits=8, fullscr=<method-wrapper '__getattribute__' of attributeSetter object at 0x00000243FDB6BA00>, gamma=None, gammaErrorPolicy='raise', infoMsg=UNKNOWN, lms=UNKNOWN, monitor=<psychopy.monitors.calibTools.Monitor object at 0x00000243FDEF4FD0>, multiSample=False, name='window1', numSamples=2, pos=[448.0, 156.0], screen=0, size=array([1024,  768]), stencilBits=0, stereo=False, title='PsychoPy', units='height', useFBO=True, useRetina=False, viewOri=0.0, viewPos=None, viewScale=None, waitBlanking=True, winType='pyglet')
12.3635 	EXP 	window1: mouseVisible = True
12.3636 	EXP 	window1: backgroundImage = ''
12.3636 	EXP 	window1: backgroundFit = 'none'
12.3639 	EXP 	window1: mouseVisible = True
12.3642 	EXP 	window1: mouseVisible = True
12.3671 	EXP 	window1: mouseVisible = True
12.3680 	EXP 	window1: mouseVisible = True
12.3892 	DEBUG 	TextBox2 loaded 1 chars with 0 blanks and 1 valid
12.3925 	DEBUG 	TextBox2 loaded 1 chars with 0 blanks and 1 valid
12.3958 	DEBUG 	TextBox2 loaded 1 chars with 0 blanks and 1 valid
12.3998 	DEBUG 	TextBox2 loaded 1 chars with 0 blanks and 1 valid
12.4035 	DEBUG 	TextBox2 loaded 1 chars with 0 blanks and 1 valid
12.4062 	DEBUG 	TextBox2 loaded 1 chars with 0 blanks and 1 valid
12.4098 	DEBUG 	TextBox2 loaded 1 chars with 0 blanks and 1 valid
12.4135 	DEBUG 	TextBox2 loaded 1 chars with 0 blanks and 1 valid
12.4158 	DEBUG 	TextBox2 loaded 1 chars with 0 blanks and 1 valid
12.4181 	DEBUG 	TextBox2 loaded 1 chars with 0 blanks and 1 valid
12.4214 	DEBUG 	TextBox2 loaded 1 chars with 0 blanks and 1 valid
12.4249 	DEBUG 	TextBox2 loaded 1 chars with 0 blanks and 1 valid
12.4280 	DEBUG 	TextBox2 loaded 1 chars with 0 blanks and 1 valid
12.4313 	DEBUG 	TextBox2 loaded 1 chars with 0 blanks and 1 valid
12.4344 	DEBUG 	TextBox2 loaded 1 chars with 0 blanks and 1 valid
12.4378 	DEBUG 	TextBox2 loaded 1 chars with 0 blanks and 1 valid
12.4414 	DEBUG 	TextBox2 loaded 1 chars with 0 blanks and 1 valid
12.4440 	DEBUG 	TextBox2 loaded 1 chars with 0 blanks and 1 valid
12.4468 	DEBUG 	TextBox2 loaded 1 chars with 0 blanks and 1 valid
12.4507 	DEBUG 	TextBox2 loaded 1 chars with 0 blanks and 1 valid
12.4532 	DEBUG 	TextBox2 loaded 1 chars with 0 blanks and 1 valid
12.4537 	DEBUG 	Uploading Texture Font fontname to graphics card
12.4752 	DEBUG 	Upload of Texture Font fontname complete
12.4779 	EXP 	window1: mouseVisible = True
12.4782 	EXP 	window1: mouseVisible = True
12.4792 	EXP 	window1: mouseVisible = True
12.4801 	EXP 	window1: mouseVisible = True
12.5010 	DEBUG 	TextBox2 loaded 1 chars with 0 blanks and 1 valid
12.5048 	DEBUG 	TextBox2 loaded 1 chars with 0 blanks and 1 valid
12.5091 	DEBUG 	TextBox2 loaded 1 chars with 0 blanks and 1 valid
12.5096 	DEBUG 	Uploading Texture Font fontname to graphics card
12.5271 	DEBUG 	Upload of Texture Font fontname complete
12.5302 	EXP 	window1: Attempting to measure frame rate of screen (0) ...
12.5302 	EXP 	window1: recordFrameIntervals = False
12.7121 	EXP 	window1: recordFrameIntervals = True
12.8953 	EXP 	Screen (0) actual frame rate measured at 60.20Hz
12.8954 	EXP 	window1: recordFrameIntervals = False
12.8955 	EXP 	window1: mouseVisible = False
12.8962 	EXP 	window1: mouseVisible = True
12.8964 	EXP 	window1: mouseVisible = True
12.8975 	EXP 	window1: mouseVisible = True
12.8987 	EXP 	window1: mouseVisible = True
12.9175 	DEBUG 	TextBox2 loaded 1 chars with 0 blanks and 1 valid
12.9202 	DEBUG 	TextBox2 loaded 1 chars with 0 blanks and 1 valid
12.9243 	DEBUG 	TextBox2 loaded 1 chars with 0 blanks and 1 valid
12.9286 	DEBUG 	TextBox2 loaded 1 chars with 0 blanks and 1 valid
12.9326 	DEBUG 	TextBox2 loaded 1 chars with 0 blanks and 1 valid
12.9367 	DEBUG 	TextBox2 loaded 1 chars with 0 blanks and 1 valid
12.9395 	DEBUG 	TextBox2 loaded 1 chars with 0 blanks and 1 valid
12.9433 	DEBUG 	TextBox2 loaded 1 chars with 0 blanks and 1 valid
12.9481 	DEBUG 	TextBox2 loaded 1 chars with 0 blanks and 1 valid
12.9520 	DEBUG 	TextBox2 loaded 1 chars with 0 blanks and 1 valid
12.9525 	DEBUG 	Uploading Texture Font fontname to graphics card
12.9710 	DEBUG 	Upload of Texture Font fontname complete
12.9737 	EXP 	window1: mouseVisible = True
12.9740 	EXP 	window1: mouseVisible = True
12.9749 	EXP 	window1: mouseVisible = True
12.9759 	EXP 	window1: mouseVisible = True
13.0411 	WARNING 	launchHubServer: If using the iohub mouse or eyetracker devices, fullScr should be True.
16.7787 	INFO 	keyboard.Keyboard is using iohub backend.
16.7788 	INFO 	keyboard.Keyboard is using iohub backend.
16.7788 	INFO 	keyboard.Keyboard is using iohub backend.
16.7789 	EXP 	ArchivoPrueba: status = STARTED
16.7792 	EXP 	window1: mouseVisible = True
16.9044 	EXP 	Created introducción = TextStim(__class__=<class 'psychopy.visual.text.TextStim'>, alignHoriz=method-wrapper(...), alignText='center', alignVert=method-wrapper(...), anchorHoriz='center', anchorVert='center', antialias=True, autoDraw=False, autoLog=True, bold=False, color=array([1., 1., 1.]), colorSpace='rgb', contrast=1.0, depth=0.0, draggable=False, flipHoriz=False, flipVert=False, font='Open Sans', fontFiles=[], height=0.05000000000000001, italic=False, languageStyle='LTR', name='introducción', opacity=1.0, ori=0.0, pos=array([0., 0.]), rgb=UNKNOWN, text=str(...), units='height', win=Window(...), wrapWidth=1)
16.9045 	EXP 	window1: mouseVisible = True
16.9047 	EXP 	window1: mouseVisible = True
16.9064 	EXP 	Created CondicionOff = TextStim(__class__=<class 'psychopy.visual.text.TextStim'>, alignHoriz=method-wrapper(...), alignText='center', alignVert=method-wrapper(...), anchorHoriz='center', anchorVert='center', antialias=True, autoDraw=False, autoLog=True, bold=False, color=array([1., 1., 1.]), colorSpace='rgb', contrast=1.0, depth=0.0, draggable=False, flipHoriz=False, flipVert=False, font='Open Sans', fontFiles=[], height=0.05, italic=False, languageStyle='LTR', name='CondicionOff', opacity=1.0, ori=0.0, pos=array([0., 0.]), rgb=UNKNOWN, text='', units='height', win=Window(...), wrapWidth=1)
16.9066 	EXP 	window1: mouseVisible = True
16.9097 	EXP 	Created CondicionOn = TextStim(__class__=<class 'psychopy.visual.text.TextStim'>, alignHoriz=method-wrapper(...), alignText='center', alignVert=method-wrapper(...), anchorHoriz='center', anchorVert='center', antialias=True, autoDraw=False, autoLog=True, bold=False, color=array([1., 1., 1.]), colorSpace='rgb', contrast=1.0, depth=0.0, draggable=False, flipHoriz=False, flipVert=False, font='Open Sans', fontFiles=[], height=0.1, italic=False, languageStyle='LTR', name='CondicionOn', opacity=1.0, ori=0.0, pos=array([0., 0.]), rgb=UNKNOWN, text='', units='height', win=Window(...), wrapWidth=1)
16.9099 	EXP 	window1: mouseVisible = True
16.9117 	EXP 	Created FinPrueba = TextStim(__class__=<class 'psychopy.visual.text.TextStim'>, alignHoriz=method-wrapper(...), alignText='center', alignVert=method-wrapper(...), anchorHoriz='center', anchorVert='center', antialias=True, autoDraw=False, autoLog=True, bold=False, color=array([1., 1., 1.]), colorSpace='rgb', contrast=1.0, depth=0.0, draggable=False, flipHoriz=False, flipVert=False, font='Open Sans', fontFiles=[], height=0.05, italic=False, languageStyle='LTR', name='FinPrueba', opacity=1.0, ori=0.0, pos=array([0., 0.]), rgb=UNKNOWN, text='', units='height', win=Window(...), wrapWidth=1)
0.0470 	EXP 	introducción: autoDraw = True
6.8807 	DATA 	Mouse: Left button down, pos=(392,518)
6.8926 	DEBUG 	Read excel file with openpyxl: CondicionesExperimento.xlsx
6.8941 	EXP 	Imported CondicionesExperimento.xlsx as conditions, 20 conditions, 3 params
6.8948 	EXP 	Created sequence: sequential, trialTypes=20, nReps=10, seed=None
6.8951 	EXP 	New trial (rep=0, index=0): {'PreguntaOff': '¿Recuerda el recorrido que realiza desde su cama hasta la cocina de su residencia?', 'PreguntaOn': 1, 'Colors': 'green'}
6.9219 	INFO 	Keyboard events cleared
6.9215 	EXP 	introducción: autoDraw = False
6.9215 	EXP 	CondicionOff: height = 0.05000000000000001
6.9215 	EXP 	CondicionOff: height = 0.05000000000000001
6.9215 	EXP 	CondicionOff: height = 0.05000000000000001
6.9215 	EXP 	CondicionOff: text = '¿Recuerda el recorrido que realiza desde su cama hasta la cocina de su residencia?'
6.9215 	EXP 	CondicionOff: autoDraw = True
7.1156 	DATA 	Mouse:  Left button up, pos=(392,518)
7.9250 	EXP 	CondicionOff: autoDraw = False
12.3429 	DEBUG 	Read excel file with openpyxl: CondicionesExperimento.xlsx
12.3446 	EXP 	Imported CondicionesExperimento.xlsx as conditions, 20 conditions, 3 params
12.3456 	EXP 	Created sequence: sequential, trialTypes=20, nReps=1, seed=None
12.3458 	EXP 	New trial (rep=0, index=0): {'PreguntaOff': '¿Recuerda el recorrido que realiza desde su cama hasta la cocina de su residencia?', 'PreguntaOn': 1, 'Colors': 'green'}
12.3570 	DATA 	Keypress: space
12.3671 	INFO 	Keyboard events cleared
12.3666 	EXP 	CondicionOff: autoDraw = False
12.3666 	EXP 	CondicionOn: foreColor = <psychopy.colors.Color: green, alpha=1.0>
12.3666 	EXP 	CondicionOn: height = 0.10000000000000002
12.3666 	EXP 	CondicionOn: height = 0.10000000000000002
12.3666 	EXP 	CondicionOn: height = 0.10000000000000002
12.3666 	EXP 	CondicionOn: text = 1
12.3666 	EXP 	CondicionOn: autoDraw = True
12.4710 	EXP 	CondicionOn: autoDraw = False
16.4234 	DATA 	Mouse: Left button down, pos=(378,270)
16.5890 	DATA 	Mouse:  Left button up, pos=(378,270)
16.5893 	DATA 	Mouse: Left button down, pos=(378,270)
16.7731 	DATA 	Mouse:  Left button up, pos=(378,270)
16.7734 	DATA 	Mouse: Left button down, pos=(378,270)
16.9729 	DATA 	Mouse: Right button down, pos=(378,270)
16.9732 	DATA 	Mouse:  Left button up, pos=(378,270)
17.0395 	DATA 	Mouse:  Right button up, pos=(378,270)
17.0727 	DATA 	Mouse: Right button down, pos=(378,270)
17.1056 	DATA 	Mouse:  Right button up, pos=(378,270)
17.2399 	DATA 	Mouse: Left button down, pos=(378,270)
17.2724 	DATA 	Mouse:  Left button up, pos=(378,270)
19.9028 	DATA 	Keypress: escape
20.0695 	EXP 	ArchivoPrueba: status = STOPPED
20.0844 	EXP 	ArchivoPrueba: status = STOPPED
20.0919 	INFO 	saved data to 'C:\\Users\\andre\\Desktop\\Imagenes\\Taller_unidad3\\data/759019_ArchivoPrueba_2024-04-28_12h13.41.201.csv'
20.0941 	INFO 	saved data to C:\Users\andre\Desktop\Imagenes\Taller_unidad3\data/759019_ArchivoPrueba_2024-04-28_12h13.41.201.psydat
20.1658 	EXP 	window1: mouseVisible = True
20.4766 	DEBUG 	Saving data for ArchivoPrueba ExperimentHandler
