2024-04-06 19:15:01.305 - INFO     - dcm2bids.main | --- dcm2bids start ---
2024-04-06 19:15:01.305 - INFO     - dcm2bids.main | Running the following command: C:\Users\ADMH2\AppData\Local\Programs\Python\Python311\Scripts\dcm2bids -d sourcedata//0002 -p 0002 -c code/dcm2bids_config.json --auto_extract_entities -o Tumor/
2024-04-06 19:15:01.332 - INFO     - dcm2bids.main | OS version: Windows-10-10.0.22631-SP0
2024-04-06 19:15:01.333 - INFO     - dcm2bids.main | Python version: 3.11.5 (tags/v3.11.5:cce6ba9, Aug 24 2023, 14:38:34) [MSC v.1936 64 bit (AMD64)]
2024-04-06 19:15:01.333 - INFO     - dcm2bids.main | dcm2bids version: 3.1.1
2024-04-06 19:15:01.476 - INFO     - dcm2bids.main | dcm2niix version: v1.0.20240202
2024-04-06 19:15:01.476 - INFO     - dcm2bids.main | Checking for software update
2024-04-06 19:15:01.806 - INFO     - tools.check_latest | Currently using the latest version of dcm2bids.
2024-04-06 19:15:02.248 - INFO     - tools.check_latest | Currently using the latest version of dcm2niix.
2024-04-06 19:15:02.248 - INFO     - dcm2bids.main | participant: sub-0002
2024-04-06 19:15:02.249 - INFO     - dcm2bids.main | config: C:\Users\ADMH2\Desktop\Noveno Semestre\Procesamiento Digital de Imagenes\ImagenesMedicas\dcm2bids-trabajo\bids_project\code\dcm2bids_config.json
2024-04-06 19:15:02.249 - INFO     - dcm2bids.main | BIDS directory: C:\Users\ADMH2\Desktop\Noveno Semestre\Procesamiento Digital de Imagenes\ImagenesMedicas\dcm2bids-trabajo\bids_project\Tumor
2024-04-06 19:15:02.249 - INFO     - dcm2bids.main | Auto extract entities: True
2024-04-06 19:15:02.249 - INFO     - dcm2bids.main | Validate BIDS: False

2024-04-06 19:15:02.257 - INFO     - utils.run_shell_command | Running: dcm2niix -b y -ba y -z y -f %3s_%f_%p_%t -o Tumor\tmp_dcm2bids\sub-0002 sourcedata\0002
2024-04-06 19:15:05.587 - DEBUG    - dcm2niix_gen.execute | 
Chris Rorden's dcm2niiX version v1.0.20240202  (JP2:OpenJPEG) (JP-LS:CharLS) MSC1938  (64-bit Windows)
Found 390 DICOM file(s)
Warning: Unable to determine manufacturer (0008,0070), so conversion is not tuned for vendor.
Convert 179 DICOM as Tumor\tmp_dcm2bids\sub-0002\301_0002_FLAIR_SAG_3D_20230403140228 (256x256x179x1)
Warning: Unable to determine manufacturer (0008,0070), so conversion is not tuned for vendor.
Convert 211 DICOM as Tumor\tmp_dcm2bids\sub-0002\201_0002_SAG_3D_T1_ACCELERATED_20230403140228 (256x256x211x1)
Conversion required 3.201000 seconds.

2024-04-06 19:15:05.587 - INFO     - dcm2niix_gen.execute | Check log file for dcm2niix output

2024-04-06 19:15:05.589 - INFO     - sidecar.build_acquisitions | SIDECAR PAIRING
2024-04-06 19:15:05.589 - WARNING  - acquisition.setDstFile | There was more than one suffix found (['SAG', '3D', 'T1', 'ACCELERATED']). This is not BIDS compliant. Make sure you know what you are doing.
2024-04-06 19:15:05.589 - INFO     - sidecar.build_acquisitions | sub-0002_SAG_3D_T1_ACCELERATED  <-  201_0002_SAG_3D_T1_ACCELERATED_20230403140228
2024-04-06 19:15:05.589 - WARNING  - acquisition.setDstFile | There was more than one suffix found (['FLAIR', 'SAG', '3D']). This is not BIDS compliant. Make sure you know what you are doing.
2024-04-06 19:15:05.589 - INFO     - sidecar.build_acquisitions | sub-0002_FLAIR_SAG_3D  <-  301_0002_FLAIR_SAG_3D_20230403140228
2024-04-06 19:15:05.589 - INFO     - dcm2bids_gen.run | Moving acquisitions into BIDS folder "Tumor\sub-0002".

2024-04-06 19:15:05.595 - INFO     - dcm2bids.main | Logs saved in Tumor\tmp_dcm2bids\log\sub-0002_20240406-191501.log
2024-04-06 19:15:05.596 - INFO     - dcm2bids.main | --- dcm2bids end ---
